<?xml version="1.0" encoding="UTF-8" standalone="no"?>
<!DOCTYPE log SYSTEM "logger.dtd">
<log>
<record>
  <date>2020-04-06T16:40:58</date>
  <millis>1586180458072</millis>
  <sequence>0</sequence>
  <level>START</level>
  <class>com.kms.katalon.core.logging.XmlKeywordLogger</class>
  <method>startSuite</method>
  <thread>1</thread>
  <message>Start Test Suite : Test Suites/CreateIssue</message>
  <nestedLevel>0</nestedLevel>
  <property name="name">CreateIssue</property>
  <property name="description"></property>
  <property name="id">Test Suites/CreateIssue</property>
</record>
<record>
  <date>2020-04-06T16:40:58</date>
  <millis>1586180458084</millis>
  <sequence>1</sequence>
  <level>RUN_DATA</level>
  <class>com.kms.katalon.core.logging.XmlKeywordLogger</class>
  <method>logMessage</method>
  <thread>1</thread>
  <message>hostName = michaelshechter - 10.100.102.3</message>
  <nestedLevel>0</nestedLevel>
  <property name="hostName">michaelshechter - 10.100.102.3</property>
</record>
<record>
  <date>2020-04-06T16:40:58</date>
  <millis>1586180458084</millis>
  <sequence>2</sequence>
  <level>RUN_DATA</level>
  <class>com.kms.katalon.core.logging.XmlKeywordLogger</class>
  <method>logMessage</method>
  <thread>1</thread>
  <message>os = Mac OS X 64bit</message>
  <nestedLevel>0</nestedLevel>
  <property name="os">Mac OS X 64bit</property>
</record>
<record>
  <date>2020-04-06T16:40:58</date>
  <millis>1586180458085</millis>
  <sequence>3</sequence>
  <level>RUN_DATA</level>
  <class>com.kms.katalon.core.logging.XmlKeywordLogger</class>
  <method>logMessage</method>
  <thread>1</thread>
  <message>hostAddress = 10.100.102.3</message>
  <nestedLevel>0</nestedLevel>
  <property name="hostAddress">10.100.102.3</property>
</record>
<record>
  <date>2020-04-06T16:40:58</date>
  <millis>1586180458086</millis>
  <sequence>4</sequence>
  <level>RUN_DATA</level>
  <class>com.kms.katalon.core.logging.XmlKeywordLogger</class>
  <method>logMessage</method>
  <thread>1</thread>
  <message>katalonVersion = 7.2.1.1</message>
  <nestedLevel>0</nestedLevel>
  <property name="katalonVersion">7.2.1.1</property>
</record>
<record>
  <date>2020-04-06T16:40:58</date>
  <millis>1586180458343</millis>
  <sequence>5</sequence>
  <level>START</level>
  <class>com.kms.katalon.core.logging.XmlKeywordLogger</class>
  <method>startTest</method>
  <thread>1</thread>
  <message>Start Test Case : Test Cases/Issue/Controller</message>
  <nestedLevel>1</nestedLevel>
  <property name="name">Test Cases/Issue/Controller</property>
  <property name="description"></property>
  <property name="id">Test Cases/Issue/Controller</property>
  <property name="source">\\Users\\michaelshechter\\git\\Katalon_JIRA_REST\\Test Cases\\Issue\\Controller.tc</property>
  <property name="tag"></property>
  <property name="isOptional">false</property>
</record>
<record>
  <date>2020-04-06T16:40:58</date>
  <millis>1586180458363</millis>
  <sequence>7</sequence>
  <level>INFO</level>
  <class>com.kms.katalon.core.logging.XmlKeywordLogger</class>
  <method>logMessage</method>
  <thread>1</thread>
  <message>projectKey = SBC</message>
  <nestedLevel>1</nestedLevel>
</record>
<record>
  <date>2020-04-06T16:40:58</date>
  <millis>1586180458364</millis>
  <sequence>8</sequence>
  <level>INFO</level>
  <class>com.kms.katalon.core.logging.XmlKeywordLogger</class>
  <method>logMessage</method>
  <thread>1</thread>
  <message>issueType = Bug</message>
  <nestedLevel>1</nestedLevel>
</record>
<record>
  <date>2020-04-06T16:40:58</date>
  <millis>1586180458364</millis>
  <sequence>9</sequence>
  <level>INFO</level>
  <class>com.kms.katalon.core.logging.XmlKeywordLogger</class>
  <method>logMessage</method>
  <thread>1</thread>
  <message>summary = Bug1</message>
  <nestedLevel>1</nestedLevel>
</record>
<record>
  <date>2020-04-06T16:40:58</date>
  <millis>1586180458364</millis>
  <sequence>10</sequence>
  <level>INFO</level>
  <class>com.kms.katalon.core.logging.XmlKeywordLogger</class>
  <method>logMessage</method>
  <thread>1</thread>
  <message>typeOfBug = Bug</message>
  <nestedLevel>1</nestedLevel>
</record>
<record>
  <date>2020-04-06T16:40:58</date>
  <millis>1586180458365</millis>
  <sequence>11</sequence>
  <level>INFO</level>
  <class>com.kms.katalon.core.logging.XmlKeywordLogger</class>
  <method>logMessage</method>
  <thread>1</thread>
  <message>description = Bug1-Description</message>
  <nestedLevel>1</nestedLevel>
</record>
<record>
  <date>2020-04-06T16:40:58</date>
  <millis>1586180458365</millis>
  <sequence>12</sequence>
  <level>INFO</level>
  <class>com.kms.katalon.core.logging.XmlKeywordLogger</class>
  <method>logMessage</method>
  <thread>1</thread>
  <message>relevantPlatform = M1KB</message>
  <nestedLevel>1</nestedLevel>
</record>
<record>
  <date>2020-04-06T16:40:58</date>
  <millis>1586180458365</millis>
  <sequence>13</sequence>
  <level>INFO</level>
  <class>com.kms.katalon.core.logging.XmlKeywordLogger</class>
  <method>logMessage</method>
  <thread>1</thread>
  <message>foundInBuild = 1</message>
  <nestedLevel>1</nestedLevel>
</record>
<record>
  <date>2020-04-06T16:40:58</date>
  <millis>1586180458366</millis>
  <sequence>14</sequence>
  <level>INFO</level>
  <class>com.kms.katalon.core.logging.XmlKeywordLogger</class>
  <method>logMessage</method>
  <thread>1</thread>
  <message>assignee = arikk</message>
  <nestedLevel>1</nestedLevel>
</record>
<record>
  <date>2020-04-06T16:40:58</date>
  <millis>1586180458366</millis>
  <sequence>15</sequence>
  <level>INFO</level>
  <class>com.kms.katalon.core.logging.XmlKeywordLogger</class>
  <method>logMessage</method>
  <thread>1</thread>
  <message>reporter = michaelsh</message>
  <nestedLevel>1</nestedLevel>
</record>
<record>
  <date>2020-04-06T16:40:58</date>
  <millis>1586180458366</millis>
  <sequence>16</sequence>
  <level>INFO</level>
  <class>com.kms.katalon.core.logging.XmlKeywordLogger</class>
  <method>logMessage</method>
  <thread>1</thread>
  <message>component = General</message>
  <nestedLevel>1</nestedLevel>
</record>
<record>
  <date>2020-04-06T16:40:58</date>
  <millis>1586180458366</millis>
  <sequence>17</sequence>
  <level>INFO</level>
  <class>com.kms.katalon.core.logging.XmlKeywordLogger</class>
  <method>logMessage</method>
  <thread>1</thread>
  <message>version = SBC7.0_4</message>
  <nestedLevel>1</nestedLevel>
</record>
<record>
  <date>2020-04-06T16:40:58</date>
  <millis>1586180458367</millis>
  <sequence>18</sequence>
  <level>INFO</level>
  <class>com.kms.katalon.core.logging.XmlKeywordLogger</class>
  <method>logMessage</method>
  <thread>1</thread>
  <message>priority = Low</message>
  <nestedLevel>1</nestedLevel>
</record>
<record>
  <date>2020-04-06T16:40:58</date>
  <millis>1586180458367</millis>
  <sequence>19</sequence>
  <level>INFO</level>
  <class>com.kms.katalon.core.logging.XmlKeywordLogger</class>
  <method>logMessage</method>
  <thread>1</thread>
  <message>bugType = Functional</message>
  <nestedLevel>1</nestedLevel>
</record>
<record>
  <date>2020-04-06T16:40:58</date>
  <millis>1586180458374</millis>
  <sequence>20</sequence>
  <level>INFO</level>
  <class>com.kms.katalon.core.logging.XmlKeywordLogger</class>
  <method>logMessage</method>
  <thread>1</thread>
  <message>(Default) issueKey = </message>
  <nestedLevel>1</nestedLevel>
</record>
<record>
  <date>2020-04-06T16:40:58</date>
  <millis>1586180458649</millis>
  <sequence>21</sequence>
  <level>START</level>
  <class>com.kms.katalon.core.logging.XmlKeywordLogger</class>
  <method>startKeyword</method>
  <thread>1</thread>
  <message>Start action : requriedTransitionName = \&amp;quot;\&amp;quot;</message>
  <nestedLevel>1</nestedLevel>
  <property name="startLine">22</property>
  <property name="stepIndex">1</property>
</record>
<record>
  <date>2020-04-06T16:40:58</date>
  <millis>1586180458650</millis>
  <sequence>22</sequence>
  <level>END</level>
  <class>com.kms.katalon.core.logging.XmlKeywordLogger</class>
  <method>endKeyword</method>
  <thread>1</thread>
  <message>End action : requriedTransitionName = \&amp;quot;\&amp;quot;</message>
  <nestedLevel>1</nestedLevel>
</record>
<record>
  <date>2020-04-06T16:40:58</date>
  <millis>1586180458650</millis>
  <sequence>23</sequence>
  <level>START</level>
  <class>com.kms.katalon.core.logging.XmlKeywordLogger</class>
  <method>startKeyword</method>
  <thread>1</thread>
  <message>Start action : body = \n{\n   \r\n    \&amp;quot;fields\&amp;quot;:{\n      \r\n       \&amp;quot;project\&amp;quot;:\r\n      {\n         \r\n          \&amp;quot;key\&amp;quot;:\&amp;quot;$projectKey\&amp;quot;         \r\n\n      },\n      \r\n       \&amp;quot;summary\&amp;quot;:\&amp;quot;$summary\&amp;quot;,\n      \r\n       \&amp;quot;description\&amp;quot;:\&amp;quot;$description\&amp;quot;,\n      \r\n       \&amp;quot;customfield_10107\&amp;quot;:{\n         \&amp;quot;value\&amp;quot;:\&amp;quot;$typeOfBug\&amp;quot;\n      },\n      \r\n       \&amp;quot;customfield_10113\&amp;quot;:[\n         {\n            \&amp;quot;value\&amp;quot;:\&amp;quot;$relevantPlatform\&amp;quot;\n         }\n      ],\n      \r\n       \&amp;quot;customfield_10114\&amp;quot;:\&amp;quot;$foundInBuild\&amp;quot;,\n      \r\n       \&amp;quot;customfield_10102\&amp;quot;:{\n         \r\n      \&amp;quot;value\&amp;quot;:\&amp;quot;$bugType\&amp;quot;\r\n\n      },\n      \r\n        \&amp;quot;assignee\&amp;quot;:{\&amp;quot;name\&amp;quot;:\&amp;quot;$assignee\&amp;quot;\r\n},\n                \&amp;quot;reporter\&amp;quot;:{\n         \r\n      \&amp;quot;name\&amp;quot;:\&amp;quot;$reporter\&amp;quot;\r\n\n      },\n      \r\n    \&amp;quot;components\&amp;quot;:[\n         \r\n         {\n            \r\n        \&amp;quot;name\&amp;quot;:\&amp;quot;$component\&amp;quot;\r\n\n         }         \r\n\n      ],\n      \r\n    \&amp;quot;versions\&amp;quot;:[\n         \r\n         {\n            \r\n        \&amp;quot;name\&amp;quot;:\&amp;quot;$version\&amp;quot;\r\n\n         }         \r\n\n      ],\n      \r\n          \&amp;quot;priority\&amp;quot;:{\n         \r\n      \&amp;quot;name\&amp;quot;:\&amp;quot;$priority\&amp;quot;\r\n\n      },\n      \r\n       \&amp;quot;issuetype\&amp;quot;:{\n         \r\n          \&amp;quot;name\&amp;quot;:\&amp;quot;$issueType\&amp;quot; \r\n\n      }      \r\n\n   }   \r\n\n}\r\n\n</message>
  <nestedLevel>1</nestedLevel>
  <property name="startLine">23</property>
  <property name="stepIndex">2</property>
</record>
<record>
  <date>2020-04-06T16:40:58</date>
  <millis>1586180458659</millis>
  <sequence>24</sequence>
  <level>END</level>
  <class>com.kms.katalon.core.logging.XmlKeywordLogger</class>
  <method>endKeyword</method>
  <thread>1</thread>
  <message>End action : body = \n{\n   \r\n    \&amp;quot;fields\&amp;quot;:{\n      \r\n       \&amp;quot;project\&amp;quot;:\r\n      {\n         \r\n          \&amp;quot;key\&amp;quot;:\&amp;quot;$projectKey\&amp;quot;         \r\n\n      },\n      \r\n       \&amp;quot;summary\&amp;quot;:\&amp;quot;$summary\&amp;quot;,\n      \r\n       \&amp;quot;description\&amp;quot;:\&amp;quot;$description\&amp;quot;,\n      \r\n       \&amp;quot;customfield_10107\&amp;quot;:{\n         \&amp;quot;value\&amp;quot;:\&amp;quot;$typeOfBug\&amp;quot;\n      },\n      \r\n       \&amp;quot;customfield_10113\&amp;quot;:[\n         {\n            \&amp;quot;value\&amp;quot;:\&amp;quot;$relevantPlatform\&amp;quot;\n         }\n      ],\n      \r\n       \&amp;quot;customfield_10114\&amp;quot;:\&amp;quot;$foundInBuild\&amp;quot;,\n      \r\n       \&amp;quot;customfield_10102\&amp;quot;:{\n         \r\n      \&amp;quot;value\&amp;quot;:\&amp;quot;$bugType\&amp;quot;\r\n\n      },\n      \r\n        \&amp;quot;assignee\&amp;quot;:{\&amp;quot;name\&amp;quot;:\&amp;quot;$assignee\&amp;quot;\r\n},\n                \&amp;quot;reporter\&amp;quot;:{\n         \r\n      \&amp;quot;name\&amp;quot;:\&amp;quot;$reporter\&amp;quot;\r\n\n      },\n      \r\n    \&amp;quot;components\&amp;quot;:[\n         \r\n         {\n            \r\n        \&amp;quot;name\&amp;quot;:\&amp;quot;$component\&amp;quot;\r\n\n         }         \r\n\n      ],\n      \r\n    \&amp;quot;versions\&amp;quot;:[\n         \r\n         {\n            \r\n        \&amp;quot;name\&amp;quot;:\&amp;quot;$version\&amp;quot;\r\n\n         }         \r\n\n      ],\n      \r\n          \&amp;quot;priority\&amp;quot;:{\n         \r\n      \&amp;quot;name\&amp;quot;:\&amp;quot;$priority\&amp;quot;\r\n\n      },\n      \r\n       \&amp;quot;issuetype\&amp;quot;:{\n         \r\n          \&amp;quot;name\&amp;quot;:\&amp;quot;$issueType\&amp;quot; \r\n\n      }      \r\n\n   }   \r\n\n}\r\n\n</message>
  <nestedLevel>1</nestedLevel>
</record>
<record>
  <date>2020-04-06T16:40:58</date>
  <millis>1586180458660</millis>
  <sequence>25</sequence>
  <level>START</level>
  <class>com.kms.katalon.core.logging.XmlKeywordLogger</class>
  <method>startKeyword</method>
  <thread>1</thread>
  <message>Start action : callTestCase(findTestCase(\&amp;quot;Issue/Create_Issue\&amp;quot;), [\&amp;quot;body\&amp;quot;:body], STOP_ON_FAILURE)</message>
  <nestedLevel>1</nestedLevel>
  <property name="startLine">68</property>
  <property name="stepIndex">3</property>
</record>
<record>
  <date>2020-04-06T16:40:58</date>
  <millis>1586180458752</millis>
  <sequence>28</sequence>
  <level>START</level>
  <class>com.kms.katalon.core.logging.XmlKeywordLogger</class>
  <method>startTest</method>
  <thread>1</thread>
  <message>Start Test Case : Test Cases/Issue/Create_Issue</message>
  <nestedLevel>2</nestedLevel>
  <property name="name">Test Cases/Issue/Create_Issue</property>
  <property name="description"></property>
  <property name="id">Test Cases/Issue/Create_Issue</property>
  <property name="source">\\Users\\michaelshechter\\git\\Katalon_JIRA_REST\\Test Cases\\Issue\\Create_Issue.tc</property>
  <property name="tag"></property>
  <property name="isOptional">false</property>
</record>
<record>
  <date>2020-04-06T16:40:58</date>
  <millis>1586180458759</millis>
  <sequence>30</sequence>
  <level>INFO</level>
  <class>com.kms.katalon.core.logging.XmlKeywordLogger</class>
  <method>logMessage</method>
  <thread>1</thread>
  <message>body = \n{\n   \r\n    \&amp;quot;fields\&amp;quot;:{\n      \r\n       \&amp;quot;project\&amp;quot;:\r\n      {\n         \r\n          \&amp;quot;key\&amp;quot;:\&amp;quot;SBC\&amp;quot;         \r\n\n      },\n      \r\n       \&amp;quot;summary\&amp;quot;:\&amp;quot;Bug1\&amp;quot;,\n      \r\n       \&amp;quot;description\&amp;quot;:\&amp;quot;Bug1-Description\&amp;quot;,\n      \r\n       \&amp;quot;customfield_10107\&amp;quot;:{\n         \&amp;quot;value\&amp;quot;:\&amp;quot;Bug\&amp;quot;\n      },\n      \r\n       \&amp;quot;customfield_10113\&amp;quot;:[\n         {\n            \&amp;quot;value\&amp;quot;:\&amp;quot;M1KB\&amp;quot;\n         }\n      ],\n      \r\n       \&amp;quot;customfield_10114\&amp;quot;:\&amp;quot;1\&amp;quot;,\n      \r\n       \&amp;quot;customfield_10102\&amp;quot;:{\n         \r\n      \&amp;quot;value\&amp;quot;:\&amp;quot;Functional\&amp;quot;\r\n\n      },\n      \r\n        \&amp;quot;assignee\&amp;quot;:{\&amp;quot;name\&amp;quot;:\&amp;quot;arikk\&amp;quot;\r\n},\n                \&amp;quot;reporter\&amp;quot;:{\n         \r\n      \&amp;quot;name\&amp;quot;:\&amp;quot;michaelsh\&amp;quot;\r\n\n      },\n      \r\n    \&amp;quot;components\&amp;quot;:[\n         \r\n         {\n            \r\n        \&amp;quot;name\&amp;quot;:\&amp;quot;General\&amp;quot;\r\n\n         }         \r\n\n      ],\n      \r\n    \&amp;quot;versions\&amp;quot;:[\n         \r\n         {\n            \r\n        \&amp;quot;name\&amp;quot;:\&amp;quot;SBC7.0_4\&amp;quot;\r\n\n         }         \r\n\n      ],\n      \r\n          \&amp;quot;priority\&amp;quot;:{\n         \r\n      \&amp;quot;name\&amp;quot;:\&amp;quot;Low\&amp;quot;\r\n\n      },\n      \r\n       \&amp;quot;issuetype\&amp;quot;:{\n         \r\n          \&amp;quot;name\&amp;quot;:\&amp;quot;Bug\&amp;quot; \r\n\n      }      \r\n\n   }   \r\n\n}\r\n\n</message>
  <nestedLevel>2</nestedLevel>
</record>
<record>
  <date>2020-04-06T16:40:58</date>
  <millis>1586180458884</millis>
  <sequence>31</sequence>
  <level>START</level>
  <class>com.kms.katalon.core.logging.XmlKeywordLogger</class>
  <method>startKeyword</method>
  <thread>1</thread>
  <message>Start action : slurper = new groovy.json.JsonSlurper()</message>
  <nestedLevel>1</nestedLevel>
  <property name="startLine">18</property>
  <property name="stepIndex">1</property>
</record>
<record>
  <date>2020-04-06T16:40:58</date>
  <millis>1586180458889</millis>
  <sequence>32</sequence>
  <level>END</level>
  <class>com.kms.katalon.core.logging.XmlKeywordLogger</class>
  <method>endKeyword</method>
  <thread>1</thread>
  <message>End action : slurper = new groovy.json.JsonSlurper()</message>
  <nestedLevel>1</nestedLevel>
</record>
<record>
  <date>2020-04-06T16:40:58</date>
  <millis>1586180458890</millis>
  <sequence>33</sequence>
  <level>START</level>
  <class>com.kms.katalon.core.logging.XmlKeywordLogger</class>
  <method>startKeyword</method>
  <thread>1</thread>
  <message>Start action : createIssueRequest = findTestObject(\&amp;quot;REST/Issue/CreateIssue\&amp;quot;)</message>
  <nestedLevel>1</nestedLevel>
  <property name="startLine">21</property>
  <property name="stepIndex">2</property>
</record>
<record>
  <date>2020-04-06T16:40:59</date>
  <millis>1586180459059</millis>
  <sequence>35</sequence>
  <level>END</level>
  <class>com.kms.katalon.core.logging.XmlKeywordLogger</class>
  <method>endKeyword</method>
  <thread>1</thread>
  <message>End action : createIssueRequest = findTestObject(\&amp;quot;REST/Issue/CreateIssue\&amp;quot;)</message>
  <nestedLevel>1</nestedLevel>
</record>
<record>
  <date>2020-04-06T16:40:59</date>
  <millis>1586180459059</millis>
  <sequence>36</sequence>
  <level>START</level>
  <class>com.kms.katalon.core.logging.XmlKeywordLogger</class>
  <method>startKeyword</method>
  <thread>1</thread>
  <message>Start action : try</message>
  <nestedLevel>1</nestedLevel>
  <property name="startLine">23</property>
  <property name="stepIndex">3</property>
</record>
<record>
  <date>2020-04-06T16:40:59</date>
  <millis>1586180459060</millis>
  <sequence>37</sequence>
  <level>START</level>
  <class>com.kms.katalon.core.logging.XmlKeywordLogger</class>
  <method>startKeyword</method>
  <thread>1</thread>
  <message>Start action : createIssueRequest.setBodyContent(new com.kms.katalon.core.testobject.impl.HttpTextBodyContent(body, UTF-8, application/json))</message>
  <nestedLevel>2</nestedLevel>
  <property name="startLine">26</property>
  <property name="stepIndex">1</property>
</record>
<record>
  <date>2020-04-06T16:40:59</date>
  <millis>1586180459066</millis>
  <sequence>38</sequence>
  <level>END</level>
  <class>com.kms.katalon.core.logging.XmlKeywordLogger</class>
  <method>endKeyword</method>
  <thread>1</thread>
  <message>End action : createIssueRequest.setBodyContent(new com.kms.katalon.core.testobject.impl.HttpTextBodyContent(body, UTF-8, application/json))</message>
  <nestedLevel>2</nestedLevel>
</record>
<record>
  <date>2020-04-06T16:40:59</date>
  <millis>1586180459066</millis>
  <sequence>39</sequence>
  <level>START</level>
  <class>com.kms.katalon.core.logging.XmlKeywordLogger</class>
  <method>startKeyword</method>
  <thread>1</thread>
  <message>Start action : println(createIssueRequest)</message>
  <nestedLevel>2</nestedLevel>
  <property name="startLine">28</property>
  <property name="stepIndex">2</property>
</record>
<record>
  <date>2020-04-06T16:40:59</date>
  <millis>1586180459071</millis>
  <sequence>40</sequence>
  <level>END</level>
  <class>com.kms.katalon.core.logging.XmlKeywordLogger</class>
  <method>endKeyword</method>
  <thread>1</thread>
  <message>End action : println(createIssueRequest)</message>
  <nestedLevel>2</nestedLevel>
</record>
<record>
  <date>2020-04-06T16:40:59</date>
  <millis>1586180459071</millis>
  <sequence>41</sequence>
  <level>END</level>
  <class>com.kms.katalon.core.logging.XmlKeywordLogger</class>
  <method>endKeyword</method>
  <thread>1</thread>
  <message>End action : try</message>
  <nestedLevel>1</nestedLevel>
</record>
<record>
  <date>2020-04-06T16:40:59</date>
  <millis>1586180459076</millis>
  <sequence>42</sequence>
  <level>START</level>
  <class>com.kms.katalon.core.logging.XmlKeywordLogger</class>
  <method>startKeyword</method>
  <thread>1</thread>
  <message>Start action : response = sendRequest(createIssueRequest)</message>
  <nestedLevel>1</nestedLevel>
  <property name="startLine">36</property>
  <property name="stepIndex">6</property>
</record>
<record>
  <date>2020-04-06T16:41:05</date>
  <millis>1586180465339</millis>
  <sequence>44</sequence>
  <level>INFO</level>
  <class>com.kms.katalon.core.logging.XmlKeywordLogger</class>
  <method>logMessage</method>
  <thread>1</thread>
  <message>HAR: /Users/michaelshechter/git/Katalon_JIRA_REST/Reports/20200406_164042/CreateIssue/20200406_164042/requests/main/0.har</message>
  <nestedLevel>2</nestedLevel>
  <property name="harId">f607bc24-65d0-43d6-b233-987e2a96952e</property>
</record>
<record>
  <date>2020-04-06T16:41:05</date>
  <millis>1586180465400</millis>
  <sequence>45</sequence>
  <level>PASSED</level>
  <class>com.kms.katalon.core.logging.XmlKeywordLogger</class>
  <method>logMessage</method>
  <thread>1</thread>
  <message>Send request successfully</message>
  <nestedLevel>2</nestedLevel>
</record>
<record>
  <date>2020-04-06T16:41:05</date>
  <millis>1586180465400</millis>
  <sequence>46</sequence>
  <level>END</level>
  <class>com.kms.katalon.core.logging.XmlKeywordLogger</class>
  <method>endKeyword</method>
  <thread>1</thread>
  <message>End action : response = sendRequest(createIssueRequest)</message>
  <nestedLevel>1</nestedLevel>
</record>
<record>
  <date>2020-04-06T16:41:05</date>
  <millis>1586180465400</millis>
  <sequence>47</sequence>
  <level>START</level>
  <class>com.kms.katalon.core.logging.XmlKeywordLogger</class>
  <method>startKeyword</method>
  <thread>1</thread>
  <message>Start action : println(response)</message>
  <nestedLevel>1</nestedLevel>
  <property name="startLine">37</property>
  <property name="stepIndex">7</property>
</record>
<record>
  <date>2020-04-06T16:41:05</date>
  <millis>1586180465401</millis>
  <sequence>48</sequence>
  <level>END</level>
  <class>com.kms.katalon.core.logging.XmlKeywordLogger</class>
  <method>endKeyword</method>
  <thread>1</thread>
  <message>End action : println(response)</message>
  <nestedLevel>1</nestedLevel>
</record>
<record>
  <date>2020-04-06T16:41:05</date>
  <millis>1586180465401</millis>
  <sequence>49</sequence>
  <level>START</level>
  <class>com.kms.katalon.core.logging.XmlKeywordLogger</class>
  <method>startKeyword</method>
  <thread>1</thread>
  <message>Start action : response = slurper.parseText(response.getResponseBodyContent())</message>
  <nestedLevel>1</nestedLevel>
  <property name="startLine">39</property>
  <property name="stepIndex">8</property>
</record>
<record>
  <date>2020-04-06T16:41:05</date>
  <millis>1586180465410</millis>
  <sequence>50</sequence>
  <level>END</level>
  <class>com.kms.katalon.core.logging.XmlKeywordLogger</class>
  <method>endKeyword</method>
  <thread>1</thread>
  <message>End action : response = slurper.parseText(response.getResponseBodyContent())</message>
  <nestedLevel>1</nestedLevel>
</record>
<record>
  <date>2020-04-06T16:41:05</date>
  <millis>1586180465411</millis>
  <sequence>51</sequence>
  <level>PASSED</level>
  <class>com.kms.katalon.core.logging.XmlKeywordLogger</class>
  <method>logMessage</method>
  <thread>1</thread>
  <message>Test Cases/Issue/Create_Issue</message>
  <nestedLevel>2</nestedLevel>
</record>
<record>
  <date>2020-04-06T16:41:05</date>
  <millis>1586180465411</millis>
  <sequence>52</sequence>
  <level>END</level>
  <class>com.kms.katalon.core.logging.XmlKeywordLogger</class>
  <method>endTest</method>
  <thread>1</thread>
  <message>End Test Case : Test Cases/Issue/Create_Issue</message>
  <nestedLevel>1</nestedLevel>
</record>
<record>
  <date>2020-04-06T16:41:05</date>
  <millis>1586180465413</millis>
  <sequence>53</sequence>
  <level>PASSED</level>
  <class>com.kms.katalon.core.logging.XmlKeywordLogger</class>
  <method>logMessage</method>
  <thread>1</thread>
  <message>Call Test Case &amp;apos;Test Cases/Issue/Create_Issue&amp;apos; successfully</message>
  <nestedLevel>1</nestedLevel>
</record>
<record>
  <date>2020-04-06T16:41:05</date>
  <millis>1586180465414</millis>
  <sequence>54</sequence>
  <level>END</level>
  <class>com.kms.katalon.core.logging.XmlKeywordLogger</class>
  <method>endKeyword</method>
  <thread>1</thread>
  <message>End action : callTestCase(findTestCase(\&amp;quot;Issue/Create_Issue\&amp;quot;), [\&amp;quot;body\&amp;quot;:body], STOP_ON_FAILURE)</message>
  <nestedLevel>1</nestedLevel>
</record>
<record>
  <date>2020-04-06T16:41:05</date>
  <millis>1586180465414</millis>
  <sequence>55</sequence>
  <level>START</level>
  <class>com.kms.katalon.core.logging.XmlKeywordLogger</class>
  <method>startKeyword</method>
  <thread>1</thread>
  <message>Start action : println(response)</message>
  <nestedLevel>1</nestedLevel>
  <property name="startLine">70</property>
  <property name="stepIndex">4</property>
</record>
<record>
  <date>2020-04-06T16:41:05</date>
  <millis>1586180465416</millis>
  <sequence>56</sequence>
  <level>END</level>
  <class>com.kms.katalon.core.logging.XmlKeywordLogger</class>
  <method>endKeyword</method>
  <thread>1</thread>
  <message>End action : println(response)</message>
  <nestedLevel>1</nestedLevel>
</record>
<record>
  <date>2020-04-06T16:41:05</date>
  <millis>1586180465416</millis>
  <sequence>57</sequence>
  <level>START</level>
  <class>com.kms.katalon.core.logging.XmlKeywordLogger</class>
  <method>startKeyword</method>
  <thread>1</thread>
  <message>Start action : issueKey = key</message>
  <nestedLevel>1</nestedLevel>
  <property name="startLine">72</property>
  <property name="stepIndex">5</property>
</record>
<record>
  <date>2020-04-06T16:41:05</date>
  <millis>1586180465419</millis>
  <sequence>58</sequence>
  <level>END</level>
  <class>com.kms.katalon.core.logging.XmlKeywordLogger</class>
  <method>endKeyword</method>
  <thread>1</thread>
  <message>End action : issueKey = key</message>
  <nestedLevel>1</nestedLevel>
</record>
<record>
  <date>2020-04-06T16:41:05</date>
  <millis>1586180465420</millis>
  <sequence>59</sequence>
  <level>START</level>
  <class>com.kms.katalon.core.logging.XmlKeywordLogger</class>
  <method>startKeyword</method>
  <thread>1</thread>
  <message>Start action : id = id</message>
  <nestedLevel>1</nestedLevel>
  <property name="startLine">73</property>
  <property name="stepIndex">6</property>
</record>
<record>
  <date>2020-04-06T16:41:05</date>
  <millis>1586180465420</millis>
  <sequence>60</sequence>
  <level>END</level>
  <class>com.kms.katalon.core.logging.XmlKeywordLogger</class>
  <method>endKeyword</method>
  <thread>1</thread>
  <message>End action : id = id</message>
  <nestedLevel>1</nestedLevel>
</record>
<record>
  <date>2020-04-06T16:41:05</date>
  <millis>1586180465420</millis>
  <sequence>61</sequence>
  <level>START</level>
  <class>com.kms.katalon.core.logging.XmlKeywordLogger</class>
  <method>startKeyword</method>
  <thread>1</thread>
  <message>Start action : println(issue key = $issueKey | key = $id)</message>
  <nestedLevel>1</nestedLevel>
  <property name="startLine">74</property>
  <property name="stepIndex">7</property>
</record>
<record>
  <date>2020-04-06T16:41:05</date>
  <millis>1586180465421</millis>
  <sequence>62</sequence>
  <level>END</level>
  <class>com.kms.katalon.core.logging.XmlKeywordLogger</class>
  <method>endKeyword</method>
  <thread>1</thread>
  <message>End action : println(issue key = $issueKey | key = $id)</message>
  <nestedLevel>1</nestedLevel>
</record>
<record>
  <date>2020-04-06T16:41:05</date>
  <millis>1586180465422</millis>
  <sequence>63</sequence>
  <level>START</level>
  <class>com.kms.katalon.core.logging.XmlKeywordLogger</class>
  <method>startKeyword</method>
  <thread>1</thread>
  <message>Start action : callTestCase(findTestCase(\&amp;quot;Issue/getTransition\&amp;quot;), [\&amp;quot;issueKey\&amp;quot;:issueKey], STOP_ON_FAILURE)</message>
  <nestedLevel>1</nestedLevel>
  <property name="startLine">79</property>
  <property name="stepIndex">8</property>
</record>
<record>
  <date>2020-04-06T16:41:05</date>
  <millis>1586180465479</millis>
  <sequence>66</sequence>
  <level>START</level>
  <class>com.kms.katalon.core.logging.XmlKeywordLogger</class>
  <method>startTest</method>
  <thread>1</thread>
  <message>Start Test Case : Test Cases/Issue/getTransition</message>
  <nestedLevel>2</nestedLevel>
  <property name="name">Test Cases/Issue/getTransition</property>
  <property name="description"></property>
  <property name="id">Test Cases/Issue/getTransition</property>
  <property name="source">\\Users\\michaelshechter\\git\\Katalon_JIRA_REST\\Test Cases\\Issue\\getTransition.tc</property>
  <property name="tag"></property>
  <property name="isOptional">false</property>
</record>
<record>
  <date>2020-04-06T16:41:05</date>
  <millis>1586180465484</millis>
  <sequence>68</sequence>
  <level>INFO</level>
  <class>com.kms.katalon.core.logging.XmlKeywordLogger</class>
  <method>logMessage</method>
  <thread>1</thread>
  <message>issueKey = SBC-18440</message>
  <nestedLevel>2</nestedLevel>
</record>
<record>
  <date>2020-04-06T16:41:05</date>
  <millis>1586180465573</millis>
  <sequence>69</sequence>
  <level>START</level>
  <class>com.kms.katalon.core.logging.XmlKeywordLogger</class>
  <method>startKeyword</method>
  <thread>1</thread>
  <message>Start action : slurper = new groovy.json.JsonSlurper()</message>
  <nestedLevel>1</nestedLevel>
  <property name="startLine">19</property>
  <property name="stepIndex">1</property>
</record>
<record>
  <date>2020-04-06T16:41:05</date>
  <millis>1586180465573</millis>
  <sequence>70</sequence>
  <level>END</level>
  <class>com.kms.katalon.core.logging.XmlKeywordLogger</class>
  <method>endKeyword</method>
  <thread>1</thread>
  <message>End action : slurper = new groovy.json.JsonSlurper()</message>
  <nestedLevel>1</nestedLevel>
</record>
<record>
  <date>2020-04-06T16:41:05</date>
  <millis>1586180465573</millis>
  <sequence>71</sequence>
  <level>START</level>
  <class>com.kms.katalon.core.logging.XmlKeywordLogger</class>
  <method>startKeyword</method>
  <thread>1</thread>
  <message>Start action : println(\&amp;quot;###  in getTransition testCase\&amp;quot;)</message>
  <nestedLevel>1</nestedLevel>
  <property name="startLine">20</property>
  <property name="stepIndex">2</property>
</record>
<record>
  <date>2020-04-06T16:41:05</date>
  <millis>1586180465574</millis>
  <sequence>72</sequence>
  <level>END</level>
  <class>com.kms.katalon.core.logging.XmlKeywordLogger</class>
  <method>endKeyword</method>
  <thread>1</thread>
  <message>End action : println(\&amp;quot;###  in getTransition testCase\&amp;quot;)</message>
  <nestedLevel>1</nestedLevel>
</record>
<record>
  <date>2020-04-06T16:41:05</date>
  <millis>1586180465574</millis>
  <sequence>73</sequence>
  <level>START</level>
  <class>com.kms.katalon.core.logging.XmlKeywordLogger</class>
  <method>startKeyword</method>
  <thread>1</thread>
  <message>Start action : println(issueKey)</message>
  <nestedLevel>1</nestedLevel>
  <property name="startLine">21</property>
  <property name="stepIndex">3</property>
</record>
<record>
  <date>2020-04-06T16:41:05</date>
  <millis>1586180465574</millis>
  <sequence>74</sequence>
  <level>END</level>
  <class>com.kms.katalon.core.logging.XmlKeywordLogger</class>
  <method>endKeyword</method>
  <thread>1</thread>
  <message>End action : println(issueKey)</message>
  <nestedLevel>1</nestedLevel>
</record>
<record>
  <date>2020-04-06T16:41:05</date>
  <millis>1586180465574</millis>
  <sequence>75</sequence>
  <level>START</level>
  <class>com.kms.katalon.core.logging.XmlKeywordLogger</class>
  <method>startKeyword</method>
  <thread>1</thread>
  <message>Start action : getTransitionRequest = findTestObject(\&amp;quot;REST/Issue/GetTransition\&amp;quot;)</message>
  <nestedLevel>1</nestedLevel>
  <property name="startLine">23</property>
  <property name="stepIndex">4</property>
</record>
<record>
  <date>2020-04-06T16:41:05</date>
  <millis>1586180465642</millis>
  <sequence>77</sequence>
  <level>END</level>
  <class>com.kms.katalon.core.logging.XmlKeywordLogger</class>
  <method>endKeyword</method>
  <thread>1</thread>
  <message>End action : getTransitionRequest = findTestObject(\&amp;quot;REST/Issue/GetTransition\&amp;quot;)</message>
  <nestedLevel>1</nestedLevel>
</record>
<record>
  <date>2020-04-06T16:41:05</date>
  <millis>1586180465642</millis>
  <sequence>78</sequence>
  <level>START</level>
  <class>com.kms.katalon.core.logging.XmlKeywordLogger</class>
  <method>startKeyword</method>
  <thread>1</thread>
  <message>Start action : try</message>
  <nestedLevel>1</nestedLevel>
  <property name="startLine">25</property>
  <property name="stepIndex">5</property>
</record>
<record>
  <date>2020-04-06T16:41:05</date>
  <millis>1586180465643</millis>
  <sequence>79</sequence>
  <level>START</level>
  <class>com.kms.katalon.core.logging.XmlKeywordLogger</class>
  <method>startKeyword</method>
  <thread>1</thread>
  <message>Start action : println(getTransitionRequest)</message>
  <nestedLevel>2</nestedLevel>
  <property name="startLine">29</property>
  <property name="stepIndex">1</property>
</record>
<record>
  <date>2020-04-06T16:41:05</date>
  <millis>1586180465644</millis>
  <sequence>80</sequence>
  <level>END</level>
  <class>com.kms.katalon.core.logging.XmlKeywordLogger</class>
  <method>endKeyword</method>
  <thread>1</thread>
  <message>End action : println(getTransitionRequest)</message>
  <nestedLevel>2</nestedLevel>
</record>
<record>
  <date>2020-04-06T16:41:05</date>
  <millis>1586180465644</millis>
  <sequence>81</sequence>
  <level>END</level>
  <class>com.kms.katalon.core.logging.XmlKeywordLogger</class>
  <method>endKeyword</method>
  <thread>1</thread>
  <message>End action : try</message>
  <nestedLevel>1</nestedLevel>
</record>
<record>
  <date>2020-04-06T16:41:05</date>
  <millis>1586180465644</millis>
  <sequence>82</sequence>
  <level>START</level>
  <class>com.kms.katalon.core.logging.XmlKeywordLogger</class>
  <method>startKeyword</method>
  <thread>1</thread>
  <message>Start action : getTransitionRequest.setRestUrl(https://$GlobalVariable.URL/issue/$issueKey/transitions)</message>
  <nestedLevel>1</nestedLevel>
  <property name="startLine">35</property>
  <property name="stepIndex">8</property>
</record>
<record>
  <date>2020-04-06T16:41:05</date>
  <millis>1586180465646</millis>
  <sequence>83</sequence>
  <level>END</level>
  <class>com.kms.katalon.core.logging.XmlKeywordLogger</class>
  <method>endKeyword</method>
  <thread>1</thread>
  <message>End action : getTransitionRequest.setRestUrl(https://$GlobalVariable.URL/issue/$issueKey/transitions)</message>
  <nestedLevel>1</nestedLevel>
</record>
<record>
  <date>2020-04-06T16:41:05</date>
  <millis>1586180465646</millis>
  <sequence>84</sequence>
  <level>START</level>
  <class>com.kms.katalon.core.logging.XmlKeywordLogger</class>
  <method>startKeyword</method>
  <thread>1</thread>
  <message>Start action : response = sendRequest(getTransitionRequest)</message>
  <nestedLevel>1</nestedLevel>
  <property name="startLine">36</property>
  <property name="stepIndex">9</property>
</record>
<record>
  <date>2020-04-06T16:41:06</date>
  <millis>1586180466911</millis>
  <sequence>86</sequence>
  <level>INFO</level>
  <class>com.kms.katalon.core.logging.XmlKeywordLogger</class>
  <method>logMessage</method>
  <thread>1</thread>
  <message>HAR: /Users/michaelshechter/git/Katalon_JIRA_REST/Reports/20200406_164042/CreateIssue/20200406_164042/requests/main/1.har</message>
  <nestedLevel>2</nestedLevel>
  <property name="harId">5fb0674f-c5fc-48e8-9b9a-91b7c2019b62</property>
</record>
<record>
  <date>2020-04-06T16:41:06</date>
  <millis>1586180466913</millis>
  <sequence>87</sequence>
  <level>PASSED</level>
  <class>com.kms.katalon.core.logging.XmlKeywordLogger</class>
  <method>logMessage</method>
  <thread>1</thread>
  <message>Send request successfully</message>
  <nestedLevel>2</nestedLevel>
</record>
<record>
  <date>2020-04-06T16:41:06</date>
  <millis>1586180466913</millis>
  <sequence>88</sequence>
  <level>END</level>
  <class>com.kms.katalon.core.logging.XmlKeywordLogger</class>
  <method>endKeyword</method>
  <thread>1</thread>
  <message>End action : response = sendRequest(getTransitionRequest)</message>
  <nestedLevel>1</nestedLevel>
</record>
<record>
  <date>2020-04-06T16:41:06</date>
  <millis>1586180466913</millis>
  <sequence>89</sequence>
  <level>START</level>
  <class>com.kms.katalon.core.logging.XmlKeywordLogger</class>
  <method>startKeyword</method>
  <thread>1</thread>
  <message>Start action : response = slurper.parseText(response.getResponseBodyContent())</message>
  <nestedLevel>1</nestedLevel>
  <property name="startLine">37</property>
  <property name="stepIndex">10</property>
</record>
<record>
  <date>2020-04-06T16:41:06</date>
  <millis>1586180466915</millis>
  <sequence>90</sequence>
  <level>END</level>
  <class>com.kms.katalon.core.logging.XmlKeywordLogger</class>
  <method>endKeyword</method>
  <thread>1</thread>
  <message>End action : response = slurper.parseText(response.getResponseBodyContent())</message>
  <nestedLevel>1</nestedLevel>
</record>
<record>
  <date>2020-04-06T16:41:06</date>
  <millis>1586180466915</millis>
  <sequence>91</sequence>
  <level>PASSED</level>
  <class>com.kms.katalon.core.logging.XmlKeywordLogger</class>
  <method>logMessage</method>
  <thread>1</thread>
  <message>Test Cases/Issue/getTransition</message>
  <nestedLevel>2</nestedLevel>
</record>
<record>
  <date>2020-04-06T16:41:06</date>
  <millis>1586180466916</millis>
  <sequence>92</sequence>
  <level>END</level>
  <class>com.kms.katalon.core.logging.XmlKeywordLogger</class>
  <method>endTest</method>
  <thread>1</thread>
  <message>End Test Case : Test Cases/Issue/getTransition</message>
  <nestedLevel>1</nestedLevel>
</record>
<record>
  <date>2020-04-06T16:41:06</date>
  <millis>1586180466916</millis>
  <sequence>93</sequence>
  <level>PASSED</level>
  <class>com.kms.katalon.core.logging.XmlKeywordLogger</class>
  <method>logMessage</method>
  <thread>1</thread>
  <message>Call Test Case &amp;apos;Test Cases/Issue/getTransition&amp;apos; successfully</message>
  <nestedLevel>1</nestedLevel>
</record>
<record>
  <date>2020-04-06T16:41:06</date>
  <millis>1586180466916</millis>
  <sequence>94</sequence>
  <level>END</level>
  <class>com.kms.katalon.core.logging.XmlKeywordLogger</class>
  <method>endKeyword</method>
  <thread>1</thread>
  <message>End action : callTestCase(findTestCase(\&amp;quot;Issue/getTransition\&amp;quot;), [\&amp;quot;issueKey\&amp;quot;:issueKey], STOP_ON_FAILURE)</message>
  <nestedLevel>1</nestedLevel>
</record>
<record>
  <date>2020-04-06T16:41:06</date>
  <millis>1586180466916</millis>
  <sequence>95</sequence>
  <level>START</level>
  <class>com.kms.katalon.core.logging.XmlKeywordLogger</class>
  <method>startKeyword</method>
  <thread>1</thread>
  <message>Start action : println(### get transition response from  controller  = $GlobalVariable.response  #####)</message>
  <nestedLevel>1</nestedLevel>
  <property name="startLine">80</property>
  <property name="stepIndex">9</property>
</record>
<record>
  <date>2020-04-06T16:41:06</date>
  <millis>1586180466917</millis>
  <sequence>96</sequence>
  <level>END</level>
  <class>com.kms.katalon.core.logging.XmlKeywordLogger</class>
  <method>endKeyword</method>
  <thread>1</thread>
  <message>End action : println(### get transition response from  controller  = $GlobalVariable.response  #####)</message>
  <nestedLevel>1</nestedLevel>
</record>
<record>
  <date>2020-04-06T16:41:06</date>
  <millis>1586180466917</millis>
  <sequence>97</sequence>
  <level>START</level>
  <class>com.kms.katalon.core.logging.XmlKeywordLogger</class>
  <method>startKeyword</method>
  <thread>1</thread>
  <message>Start action : transitions.each({ -&amp;gt; ... })</message>
  <nestedLevel>1</nestedLevel>
  <property name="startLine">82</property>
  <property name="stepIndex">10</property>
</record>
<record>
  <date>2020-04-06T16:41:06</date>
  <millis>1586180466920</millis>
  <sequence>98</sequence>
  <level>END</level>
  <class>com.kms.katalon.core.logging.XmlKeywordLogger</class>
  <method>endKeyword</method>
  <thread>1</thread>
  <message>End action : transitions.each({ -&amp;gt; ... })</message>
  <nestedLevel>1</nestedLevel>
</record>
<record>
  <date>2020-04-06T16:41:06</date>
  <millis>1586180466920</millis>
  <sequence>99</sequence>
  <level>START</level>
  <class>com.kms.katalon.core.logging.XmlKeywordLogger</class>
  <method>startKeyword</method>
  <thread>1</thread>
  <message>Start action : println(response)</message>
  <nestedLevel>1</nestedLevel>
  <property name="startLine">84</property>
  <property name="stepIndex">11</property>
</record>
<record>
  <date>2020-04-06T16:41:06</date>
  <millis>1586180466921</millis>
  <sequence>100</sequence>
  <level>END</level>
  <class>com.kms.katalon.core.logging.XmlKeywordLogger</class>
  <method>endKeyword</method>
  <thread>1</thread>
  <message>End action : println(response)</message>
  <nestedLevel>1</nestedLevel>
</record>
<record>
  <date>2020-04-06T16:41:06</date>
  <millis>1586180466921</millis>
  <sequence>101</sequence>
  <level>START</level>
  <class>com.kms.katalon.core.logging.XmlKeywordLogger</class>
  <method>startKeyword</method>
  <thread>1</thread>
  <message>Start action : requriedTransitionName = \&amp;quot;In Progres3\&amp;quot;</message>
  <nestedLevel>1</nestedLevel>
  <property name="startLine">86</property>
  <property name="stepIndex">12</property>
</record>
<record>
  <date>2020-04-06T16:41:06</date>
  <millis>1586180466921</millis>
  <sequence>102</sequence>
  <level>END</level>
  <class>com.kms.katalon.core.logging.XmlKeywordLogger</class>
  <method>endKeyword</method>
  <thread>1</thread>
  <message>End action : requriedTransitionName = \&amp;quot;In Progres3\&amp;quot;</message>
  <nestedLevel>1</nestedLevel>
</record>
<record>
  <date>2020-04-06T16:41:06</date>
  <millis>1586180466922</millis>
  <sequence>103</sequence>
  <level>START</level>
  <class>com.kms.katalon.core.logging.XmlKeywordLogger</class>
  <method>startKeyword</method>
  <thread>1</thread>
  <message>Start action : transitionId = id</message>
  <nestedLevel>1</nestedLevel>
  <property name="startLine">88</property>
  <property name="stepIndex">13</property>
</record>
<record>
  <date>2020-04-06T16:41:06</date>
  <millis>1586180466926</millis>
  <sequence>104</sequence>
  <level>END</level>
  <class>com.kms.katalon.core.logging.XmlKeywordLogger</class>
  <method>endKeyword</method>
  <thread>1</thread>
  <message>End action : transitionId = id</message>
  <nestedLevel>1</nestedLevel>
</record>
<record>
  <date>2020-04-06T16:41:06</date>
  <millis>1586180466934</millis>
  <sequence>106</sequence>
  <level>ERROR</level>
  <class>com.kms.katalon.core.logging.XmlKeywordLogger</class>
  <method>logMessage</method>
  <thread>1</thread>
  <message>Test Cases/Issue/Controller FAILED.\nReason:\njava.lang.NullPointerException: Cannot get property &amp;apos;id&amp;apos; on null object\n\tat Controller.run(Controller:88)\n\tat com.kms.katalon.core.main.ScriptEngine.run(ScriptEngine.java:194)\n\tat com.kms.katalon.core.main.ScriptEngine.runScriptAsRawText(ScriptEngine.java:119)\n\tat com.kms.katalon.core.main.TestCaseExecutor.runScript(TestCaseExecutor.java:337)\n\tat com.kms.katalon.core.main.TestCaseExecutor.doExecute(TestCaseExecutor.java:328)\n\tat com.kms.katalon.core.main.TestCaseExecutor.processExecutionPhase(TestCaseExecutor.java:307)\n\tat com.kms.katalon.core.main.TestCaseExecutor.accessMainPhase(TestCaseExecutor.java:299)\n\tat com.kms.katalon.core.main.TestCaseExecutor.execute(TestCaseExecutor.java:233)\n\tat com.kms.katalon.core.main.TestSuiteExecutor.accessTestCaseMainPhase(TestSuiteExecutor.java:169)\n\tat com.kms.katalon.core.main.TestSuiteExecutor.accessTestSuiteMainPhase(TestSuiteExecutor.java:142)\n\tat com.kms.katalon.core.main.TestSuiteExecutor.execute(TestSuiteExecutor.java:91)\n\tat com.kms.katalon.core.main.TestCaseMain.startTestSuite(TestCaseMain.java:157)\n\tat com.kms.katalon.core.main.TestCaseMain$startTestSuite$0.call(Unknown Source)\n\tat TempTestSuite1586180452163.run(TempTestSuite1586180452163.groovy:36)\n</message>
  <exception>
    <message>java.lang.NullPointerException: Cannot get property 'id' on null object</message>
    <frame>
      <class>Controller</class>
      <method>run</method>
      <line>88</line>
    </frame>
    <frame>
      <class>com.kms.katalon.core.main.ScriptEngine</class>
      <method>run</method>
      <line>194</line>
    </frame>
    <frame>
      <class>com.kms.katalon.core.main.ScriptEngine</class>
      <method>runScriptAsRawText</method>
      <line>119</line>
    </frame>
    <frame>
      <class>com.kms.katalon.core.main.TestCaseExecutor</class>
      <method>runScript</method>
      <line>337</line>
    </frame>
    <frame>
      <class>com.kms.katalon.core.main.TestCaseExecutor</class>
      <method>doExecute</method>
      <line>328</line>
    </frame>
    <frame>
      <class>com.kms.katalon.core.main.TestCaseExecutor</class>
      <method>processExecutionPhase</method>
      <line>307</line>
    </frame>
    <frame>
      <class>com.kms.katalon.core.main.TestCaseExecutor</class>
      <method>accessMainPhase</method>
      <line>299</line>
    </frame>
    <frame>
      <class>com.kms.katalon.core.main.TestCaseExecutor</class>
      <method>execute</method>
      <line>233</line>
    </frame>
    <frame>
      <class>com.kms.katalon.core.main.TestSuiteExecutor</class>
      <method>accessTestCaseMainPhase</method>
      <line>169</line>
    </frame>
    <frame>
      <class>com.kms.katalon.core.main.TestSuiteExecutor</class>
      <method>accessTestSuiteMainPhase</method>
      <line>142</line>
    </frame>
    <frame>
      <class>com.kms.katalon.core.main.TestSuiteExecutor</class>
      <method>execute</method>
      <line>91</line>
    </frame>
    <frame>
      <class>com.kms.katalon.core.main.TestCaseMain</class>
      <method>startTestSuite</method>
      <line>157</line>
    </frame>
    <frame>
      <class>com.kms.katalon.core.main.TestCaseMain$startTestSuite$0</class>
      <method>call</method>
    </frame>
    <frame>
      <class>TempTestSuite1586180452163</class>
      <method>run</method>
      <line>36</line>
    </frame>
  </exception>
  <nestedLevel>0</nestedLevel>
  <property name="failed.exception.stacktrace">java.lang.NullPointerException: Cannot get property &apos;id&apos; on null object\n\tat Controller.run(Controller:88)\n\tat com.kms.katalon.core.main.ScriptEngine.run(ScriptEngine.java:194)\n\tat com.kms.katalon.core.main.ScriptEngine.runScriptAsRawText(ScriptEngine.java:119)\n\tat com.kms.katalon.core.main.TestCaseExecutor.runScript(TestCaseExecutor.java:337)\n\tat com.kms.katalon.core.main.TestCaseExecutor.doExecute(TestCaseExecutor.java:328)\n\tat com.kms.katalon.core.main.TestCaseExecutor.processExecutionPhase(TestCaseExecutor.java:307)\n\tat com.kms.katalon.core.main.TestCaseExecutor.accessMainPhase(TestCaseExecutor.java:299)\n\tat com.kms.katalon.core.main.TestCaseExecutor.execute(TestCaseExecutor.java:233)\n\tat com.kms.katalon.core.main.TestSuiteExecutor.accessTestCaseMainPhase(TestSuiteExecutor.java:169)\n\tat com.kms.katalon.core.main.TestSuiteExecutor.accessTestSuiteMainPhase(TestSuiteExecutor.java:142)\n\tat com.kms.katalon.core.main.TestSuiteExecutor.execute(TestSuiteExecutor.java:91)\n\tat com.kms.katalon.core.main.TestCaseMain.startTestSuite(TestCaseMain.java:157)\n\tat com.kms.katalon.core.main.TestCaseMain$startTestSuite$0.call(Unknown Source)\n\tat TempTestSuite1586180452163.run(TempTestSuite1586180452163.groovy:36)\n</property>
  <property name="failed.exception.class">java.lang.NullPointerException</property>
  <property name="failed.exception.message">Cannot get property &apos;id&apos; on null object</property>
</record>
<record>
  <date>2020-04-06T16:41:06</date>
  <millis>1586180466936</millis>
  <sequence>108</sequence>
  <level>END</level>
  <class>com.kms.katalon.core.logging.XmlKeywordLogger</class>
  <method>endTest</method>
  <thread>1</thread>
  <message>End Test Case : Test Cases/Issue/Controller</message>
  <nestedLevel>0</nestedLevel>
</record>
<record>
  <date>2020-04-06T16:41:07</date>
  <millis>1586180467003</millis>
  <sequence>109</sequence>
  <level>START</level>
  <class>com.kms.katalon.core.logging.XmlKeywordLogger</class>
  <method>startTest</method>
  <thread>1</thread>
  <message>Start Test Case : Test Cases/Issue/Controller</message>
  <nestedLevel>1</nestedLevel>
  <property name="name">Test Cases/Issue/Controller</property>
  <property name="description"></property>
  <property name="id">Test Cases/Issue/Controller</property>
  <property name="source">\\Users\\michaelshechter\\git\\Katalon_JIRA_REST\\Test Cases\\Issue\\Controller.tc</property>
  <property name="tag"></property>
  <property name="isOptional">false</property>
</record>
<record>
  <date>2020-04-06T16:41:07</date>
  <millis>1586180467013</millis>
  <sequence>111</sequence>
  <level>INFO</level>
  <class>com.kms.katalon.core.logging.XmlKeywordLogger</class>
  <method>logMessage</method>
  <thread>1</thread>
  <message>projectKey = SBC</message>
  <nestedLevel>1</nestedLevel>
</record>
<record>
  <date>2020-04-06T16:41:07</date>
  <millis>1586180467013</millis>
  <sequence>112</sequence>
  <level>INFO</level>
  <class>com.kms.katalon.core.logging.XmlKeywordLogger</class>
  <method>logMessage</method>
  <thread>1</thread>
  <message>issueType = Bug</message>
  <nestedLevel>1</nestedLevel>
</record>
<record>
  <date>2020-04-06T16:41:07</date>
  <millis>1586180467013</millis>
  <sequence>113</sequence>
  <level>INFO</level>
  <class>com.kms.katalon.core.logging.XmlKeywordLogger</class>
  <method>logMessage</method>
  <thread>1</thread>
  <message>summary = Bug2</message>
  <nestedLevel>1</nestedLevel>
</record>
<record>
  <date>2020-04-06T16:41:07</date>
  <millis>1586180467013</millis>
  <sequence>114</sequence>
  <level>INFO</level>
  <class>com.kms.katalon.core.logging.XmlKeywordLogger</class>
  <method>logMessage</method>
  <thread>1</thread>
  <message>typeOfBug = Bug</message>
  <nestedLevel>1</nestedLevel>
</record>
<record>
  <date>2020-04-06T16:41:07</date>
  <millis>1586180467014</millis>
  <sequence>115</sequence>
  <level>INFO</level>
  <class>com.kms.katalon.core.logging.XmlKeywordLogger</class>
  <method>logMessage</method>
  <thread>1</thread>
  <message>description = Bug2-Description</message>
  <nestedLevel>1</nestedLevel>
</record>
<record>
  <date>2020-04-06T16:41:07</date>
  <millis>1586180467014</millis>
  <sequence>116</sequence>
  <level>INFO</level>
  <class>com.kms.katalon.core.logging.XmlKeywordLogger</class>
  <method>logMessage</method>
  <thread>1</thread>
  <message>relevantPlatform = M1KB</message>
  <nestedLevel>1</nestedLevel>
</record>
<record>
  <date>2020-04-06T16:41:07</date>
  <millis>1586180467014</millis>
  <sequence>117</sequence>
  <level>INFO</level>
  <class>com.kms.katalon.core.logging.XmlKeywordLogger</class>
  <method>logMessage</method>
  <thread>1</thread>
  <message>foundInBuild = 2</message>
  <nestedLevel>1</nestedLevel>
</record>
<record>
  <date>2020-04-06T16:41:07</date>
  <millis>1586180467014</millis>
  <sequence>118</sequence>
  <level>INFO</level>
  <class>com.kms.katalon.core.logging.XmlKeywordLogger</class>
  <method>logMessage</method>
  <thread>1</thread>
  <message>assignee = arikk</message>
  <nestedLevel>1</nestedLevel>
</record>
<record>
  <date>2020-04-06T16:41:07</date>
  <millis>1586180467014</millis>
  <sequence>119</sequence>
  <level>INFO</level>
  <class>com.kms.katalon.core.logging.XmlKeywordLogger</class>
  <method>logMessage</method>
  <thread>1</thread>
  <message>reporter = michaelsh</message>
  <nestedLevel>1</nestedLevel>
</record>
<record>
  <date>2020-04-06T16:41:07</date>
  <millis>1586180467015</millis>
  <sequence>120</sequence>
  <level>INFO</level>
  <class>com.kms.katalon.core.logging.XmlKeywordLogger</class>
  <method>logMessage</method>
  <thread>1</thread>
  <message>component = General</message>
  <nestedLevel>1</nestedLevel>
</record>
<record>
  <date>2020-04-06T16:41:07</date>
  <millis>1586180467015</millis>
  <sequence>121</sequence>
  <level>INFO</level>
  <class>com.kms.katalon.core.logging.XmlKeywordLogger</class>
  <method>logMessage</method>
  <thread>1</thread>
  <message>version = SBC7.0_4</message>
  <nestedLevel>1</nestedLevel>
</record>
<record>
  <date>2020-04-06T16:41:07</date>
  <millis>1586180467015</millis>
  <sequence>122</sequence>
  <level>INFO</level>
  <class>com.kms.katalon.core.logging.XmlKeywordLogger</class>
  <method>logMessage</method>
  <thread>1</thread>
  <message>priority = Low</message>
  <nestedLevel>1</nestedLevel>
</record>
<record>
  <date>2020-04-06T16:41:07</date>
  <millis>1586180467015</millis>
  <sequence>123</sequence>
  <level>INFO</level>
  <class>com.kms.katalon.core.logging.XmlKeywordLogger</class>
  <method>logMessage</method>
  <thread>1</thread>
  <message>bugType = Functional</message>
  <nestedLevel>1</nestedLevel>
</record>
<record>
  <date>2020-04-06T16:41:07</date>
  <millis>1586180467021</millis>
  <sequence>124</sequence>
  <level>INFO</level>
  <class>com.kms.katalon.core.logging.XmlKeywordLogger</class>
  <method>logMessage</method>
  <thread>1</thread>
  <message>(Default) issueKey = </message>
  <nestedLevel>1</nestedLevel>
</record>
<record>
  <date>2020-04-06T16:41:07</date>
  <millis>1586180467021</millis>
  <sequence>125</sequence>
  <level>START</level>
  <class>com.kms.katalon.core.logging.XmlKeywordLogger</class>
  <method>startKeyword</method>
  <thread>1</thread>
  <message>Start action : requriedTransitionName = \&amp;quot;\&amp;quot;</message>
  <nestedLevel>1</nestedLevel>
  <property name="startLine">22</property>
  <property name="stepIndex">1</property>
</record>
<record>
  <date>2020-04-06T16:41:07</date>
  <millis>1586180467022</millis>
  <sequence>126</sequence>
  <level>END</level>
  <class>com.kms.katalon.core.logging.XmlKeywordLogger</class>
  <method>endKeyword</method>
  <thread>1</thread>
  <message>End action : requriedTransitionName = \&amp;quot;\&amp;quot;</message>
  <nestedLevel>1</nestedLevel>
</record>
<record>
  <date>2020-04-06T16:41:07</date>
  <millis>1586180467022</millis>
  <sequence>127</sequence>
  <level>START</level>
  <class>com.kms.katalon.core.logging.XmlKeywordLogger</class>
  <method>startKeyword</method>
  <thread>1</thread>
  <message>Start action : body = \n{\n   \r\n    \&amp;quot;fields\&amp;quot;:{\n      \r\n       \&amp;quot;project\&amp;quot;:\r\n      {\n         \r\n          \&amp;quot;key\&amp;quot;:\&amp;quot;$projectKey\&amp;quot;         \r\n\n      },\n      \r\n       \&amp;quot;summary\&amp;quot;:\&amp;quot;$summary\&amp;quot;,\n      \r\n       \&amp;quot;description\&amp;quot;:\&amp;quot;$description\&amp;quot;,\n      \r\n       \&amp;quot;customfield_10107\&amp;quot;:{\n         \&amp;quot;value\&amp;quot;:\&amp;quot;$typeOfBug\&amp;quot;\n      },\n      \r\n       \&amp;quot;customfield_10113\&amp;quot;:[\n         {\n            \&amp;quot;value\&amp;quot;:\&amp;quot;$relevantPlatform\&amp;quot;\n         }\n      ],\n      \r\n       \&amp;quot;customfield_10114\&amp;quot;:\&amp;quot;$foundInBuild\&amp;quot;,\n      \r\n       \&amp;quot;customfield_10102\&amp;quot;:{\n         \r\n      \&amp;quot;value\&amp;quot;:\&amp;quot;$bugType\&amp;quot;\r\n\n      },\n      \r\n        \&amp;quot;assignee\&amp;quot;:{\&amp;quot;name\&amp;quot;:\&amp;quot;$assignee\&amp;quot;\r\n},\n                \&amp;quot;reporter\&amp;quot;:{\n         \r\n      \&amp;quot;name\&amp;quot;:\&amp;quot;$reporter\&amp;quot;\r\n\n      },\n      \r\n    \&amp;quot;components\&amp;quot;:[\n         \r\n         {\n            \r\n        \&amp;quot;name\&amp;quot;:\&amp;quot;$component\&amp;quot;\r\n\n         }         \r\n\n      ],\n      \r\n    \&amp;quot;versions\&amp;quot;:[\n         \r\n         {\n            \r\n        \&amp;quot;name\&amp;quot;:\&amp;quot;$version\&amp;quot;\r\n\n         }         \r\n\n      ],\n      \r\n          \&amp;quot;priority\&amp;quot;:{\n         \r\n      \&amp;quot;name\&amp;quot;:\&amp;quot;$priority\&amp;quot;\r\n\n      },\n      \r\n       \&amp;quot;issuetype\&amp;quot;:{\n         \r\n          \&amp;quot;name\&amp;quot;:\&amp;quot;$issueType\&amp;quot; \r\n\n      }      \r\n\n   }   \r\n\n}\r\n\n</message>
  <nestedLevel>1</nestedLevel>
  <property name="startLine">23</property>
  <property name="stepIndex">2</property>
</record>
<record>
  <date>2020-04-06T16:41:07</date>
  <millis>1586180467022</millis>
  <sequence>128</sequence>
  <level>END</level>
  <class>com.kms.katalon.core.logging.XmlKeywordLogger</class>
  <method>endKeyword</method>
  <thread>1</thread>
  <message>End action : body = \n{\n   \r\n    \&amp;quot;fields\&amp;quot;:{\n      \r\n       \&amp;quot;project\&amp;quot;:\r\n      {\n         \r\n          \&amp;quot;key\&amp;quot;:\&amp;quot;$projectKey\&amp;quot;         \r\n\n      },\n      \r\n       \&amp;quot;summary\&amp;quot;:\&amp;quot;$summary\&amp;quot;,\n      \r\n       \&amp;quot;description\&amp;quot;:\&amp;quot;$description\&amp;quot;,\n      \r\n       \&amp;quot;customfield_10107\&amp;quot;:{\n         \&amp;quot;value\&amp;quot;:\&amp;quot;$typeOfBug\&amp;quot;\n      },\n      \r\n       \&amp;quot;customfield_10113\&amp;quot;:[\n         {\n            \&amp;quot;value\&amp;quot;:\&amp;quot;$relevantPlatform\&amp;quot;\n         }\n      ],\n      \r\n       \&amp;quot;customfield_10114\&amp;quot;:\&amp;quot;$foundInBuild\&amp;quot;,\n      \r\n       \&amp;quot;customfield_10102\&amp;quot;:{\n         \r\n      \&amp;quot;value\&amp;quot;:\&amp;quot;$bugType\&amp;quot;\r\n\n      },\n      \r\n        \&amp;quot;assignee\&amp;quot;:{\&amp;quot;name\&amp;quot;:\&amp;quot;$assignee\&amp;quot;\r\n},\n                \&amp;quot;reporter\&amp;quot;:{\n         \r\n      \&amp;quot;name\&amp;quot;:\&amp;quot;$reporter\&amp;quot;\r\n\n      },\n      \r\n    \&amp;quot;components\&amp;quot;:[\n         \r\n         {\n            \r\n        \&amp;quot;name\&amp;quot;:\&amp;quot;$component\&amp;quot;\r\n\n         }         \r\n\n      ],\n      \r\n    \&amp;quot;versions\&amp;quot;:[\n         \r\n         {\n            \r\n        \&amp;quot;name\&amp;quot;:\&amp;quot;$version\&amp;quot;\r\n\n         }         \r\n\n      ],\n      \r\n          \&amp;quot;priority\&amp;quot;:{\n         \r\n      \&amp;quot;name\&amp;quot;:\&amp;quot;$priority\&amp;quot;\r\n\n      },\n      \r\n       \&amp;quot;issuetype\&amp;quot;:{\n         \r\n          \&amp;quot;name\&amp;quot;:\&amp;quot;$issueType\&amp;quot; \r\n\n      }      \r\n\n   }   \r\n\n}\r\n\n</message>
  <nestedLevel>1</nestedLevel>
</record>
<record>
  <date>2020-04-06T16:41:07</date>
  <millis>1586180467023</millis>
  <sequence>129</sequence>
  <level>START</level>
  <class>com.kms.katalon.core.logging.XmlKeywordLogger</class>
  <method>startKeyword</method>
  <thread>1</thread>
  <message>Start action : callTestCase(findTestCase(\&amp;quot;Issue/Create_Issue\&amp;quot;), [\&amp;quot;body\&amp;quot;:body], STOP_ON_FAILURE)</message>
  <nestedLevel>1</nestedLevel>
  <property name="startLine">68</property>
  <property name="stepIndex">3</property>
</record>
<record>
  <date>2020-04-06T16:41:07</date>
  <millis>1586180467077</millis>
  <sequence>132</sequence>
  <level>START</level>
  <class>com.kms.katalon.core.logging.XmlKeywordLogger</class>
  <method>startTest</method>
  <thread>1</thread>
  <message>Start Test Case : Test Cases/Issue/Create_Issue</message>
  <nestedLevel>2</nestedLevel>
  <property name="name">Test Cases/Issue/Create_Issue</property>
  <property name="description"></property>
  <property name="id">Test Cases/Issue/Create_Issue</property>
  <property name="source">\\Users\\michaelshechter\\git\\Katalon_JIRA_REST\\Test Cases\\Issue\\Create_Issue.tc</property>
  <property name="tag"></property>
  <property name="isOptional">false</property>
</record>
<record>
  <date>2020-04-06T16:41:07</date>
  <millis>1586180467082</millis>
  <sequence>134</sequence>
  <level>INFO</level>
  <class>com.kms.katalon.core.logging.XmlKeywordLogger</class>
  <method>logMessage</method>
  <thread>1</thread>
  <message>body = \n{\n   \r\n    \&amp;quot;fields\&amp;quot;:{\n      \r\n       \&amp;quot;project\&amp;quot;:\r\n      {\n         \r\n          \&amp;quot;key\&amp;quot;:\&amp;quot;SBC\&amp;quot;         \r\n\n      },\n      \r\n       \&amp;quot;summary\&amp;quot;:\&amp;quot;Bug2\&amp;quot;,\n      \r\n       \&amp;quot;description\&amp;quot;:\&amp;quot;Bug2-Description\&amp;quot;,\n      \r\n       \&amp;quot;customfield_10107\&amp;quot;:{\n         \&amp;quot;value\&amp;quot;:\&amp;quot;Bug\&amp;quot;\n      },\n      \r\n       \&amp;quot;customfield_10113\&amp;quot;:[\n         {\n            \&amp;quot;value\&amp;quot;:\&amp;quot;M1KB\&amp;quot;\n         }\n      ],\n      \r\n       \&amp;quot;customfield_10114\&amp;quot;:\&amp;quot;2\&amp;quot;,\n      \r\n       \&amp;quot;customfield_10102\&amp;quot;:{\n         \r\n      \&amp;quot;value\&amp;quot;:\&amp;quot;Functional\&amp;quot;\r\n\n      },\n      \r\n        \&amp;quot;assignee\&amp;quot;:{\&amp;quot;name\&amp;quot;:\&amp;quot;arikk\&amp;quot;\r\n},\n                \&amp;quot;reporter\&amp;quot;:{\n         \r\n      \&amp;quot;name\&amp;quot;:\&amp;quot;michaelsh\&amp;quot;\r\n\n      },\n      \r\n    \&amp;quot;components\&amp;quot;:[\n         \r\n         {\n            \r\n        \&amp;quot;name\&amp;quot;:\&amp;quot;General\&amp;quot;\r\n\n         }         \r\n\n      ],\n      \r\n    \&amp;quot;versions\&amp;quot;:[\n         \r\n         {\n            \r\n        \&amp;quot;name\&amp;quot;:\&amp;quot;SBC7.0_4\&amp;quot;\r\n\n         }         \r\n\n      ],\n      \r\n          \&amp;quot;priority\&amp;quot;:{\n         \r\n      \&amp;quot;name\&amp;quot;:\&amp;quot;Low\&amp;quot;\r\n\n      },\n      \r\n       \&amp;quot;issuetype\&amp;quot;:{\n         \r\n          \&amp;quot;name\&amp;quot;:\&amp;quot;Bug\&amp;quot; \r\n\n      }      \r\n\n   }   \r\n\n}\r\n\n</message>
  <nestedLevel>2</nestedLevel>
</record>
<record>
  <date>2020-04-06T16:41:07</date>
  <millis>1586180467083</millis>
  <sequence>135</sequence>
  <level>START</level>
  <class>com.kms.katalon.core.logging.XmlKeywordLogger</class>
  <method>startKeyword</method>
  <thread>1</thread>
  <message>Start action : slurper = new groovy.json.JsonSlurper()</message>
  <nestedLevel>1</nestedLevel>
  <property name="startLine">18</property>
  <property name="stepIndex">1</property>
</record>
<record>
  <date>2020-04-06T16:41:07</date>
  <millis>1586180467083</millis>
  <sequence>136</sequence>
  <level>END</level>
  <class>com.kms.katalon.core.logging.XmlKeywordLogger</class>
  <method>endKeyword</method>
  <thread>1</thread>
  <message>End action : slurper = new groovy.json.JsonSlurper()</message>
  <nestedLevel>1</nestedLevel>
</record>
<record>
  <date>2020-04-06T16:41:07</date>
  <millis>1586180467084</millis>
  <sequence>137</sequence>
  <level>START</level>
  <class>com.kms.katalon.core.logging.XmlKeywordLogger</class>
  <method>startKeyword</method>
  <thread>1</thread>
  <message>Start action : createIssueRequest = findTestObject(\&amp;quot;REST/Issue/CreateIssue\&amp;quot;)</message>
  <nestedLevel>1</nestedLevel>
  <property name="startLine">21</property>
  <property name="stepIndex">2</property>
</record>
<record>
  <date>2020-04-06T16:41:07</date>
  <millis>1586180467134</millis>
  <sequence>139</sequence>
  <level>END</level>
  <class>com.kms.katalon.core.logging.XmlKeywordLogger</class>
  <method>endKeyword</method>
  <thread>1</thread>
  <message>End action : createIssueRequest = findTestObject(\&amp;quot;REST/Issue/CreateIssue\&amp;quot;)</message>
  <nestedLevel>1</nestedLevel>
</record>
<record>
  <date>2020-04-06T16:41:07</date>
  <millis>1586180467134</millis>
  <sequence>140</sequence>
  <level>START</level>
  <class>com.kms.katalon.core.logging.XmlKeywordLogger</class>
  <method>startKeyword</method>
  <thread>1</thread>
  <message>Start action : try</message>
  <nestedLevel>1</nestedLevel>
  <property name="startLine">23</property>
  <property name="stepIndex">3</property>
</record>
<record>
  <date>2020-04-06T16:41:07</date>
  <millis>1586180467134</millis>
  <sequence>141</sequence>
  <level>START</level>
  <class>com.kms.katalon.core.logging.XmlKeywordLogger</class>
  <method>startKeyword</method>
  <thread>1</thread>
  <message>Start action : createIssueRequest.setBodyContent(new com.kms.katalon.core.testobject.impl.HttpTextBodyContent(body, UTF-8, application/json))</message>
  <nestedLevel>2</nestedLevel>
  <property name="startLine">26</property>
  <property name="stepIndex">1</property>
</record>
<record>
  <date>2020-04-06T16:41:07</date>
  <millis>1586180467135</millis>
  <sequence>142</sequence>
  <level>END</level>
  <class>com.kms.katalon.core.logging.XmlKeywordLogger</class>
  <method>endKeyword</method>
  <thread>1</thread>
  <message>End action : createIssueRequest.setBodyContent(new com.kms.katalon.core.testobject.impl.HttpTextBodyContent(body, UTF-8, application/json))</message>
  <nestedLevel>2</nestedLevel>
</record>
<record>
  <date>2020-04-06T16:41:07</date>
  <millis>1586180467135</millis>
  <sequence>143</sequence>
  <level>START</level>
  <class>com.kms.katalon.core.logging.XmlKeywordLogger</class>
  <method>startKeyword</method>
  <thread>1</thread>
  <message>Start action : println(createIssueRequest)</message>
  <nestedLevel>2</nestedLevel>
  <property name="startLine">28</property>
  <property name="stepIndex">2</property>
</record>
<record>
  <date>2020-04-06T16:41:07</date>
  <millis>1586180467135</millis>
  <sequence>144</sequence>
  <level>END</level>
  <class>com.kms.katalon.core.logging.XmlKeywordLogger</class>
  <method>endKeyword</method>
  <thread>1</thread>
  <message>End action : println(createIssueRequest)</message>
  <nestedLevel>2</nestedLevel>
</record>
<record>
  <date>2020-04-06T16:41:07</date>
  <millis>1586180467135</millis>
  <sequence>145</sequence>
  <level>END</level>
  <class>com.kms.katalon.core.logging.XmlKeywordLogger</class>
  <method>endKeyword</method>
  <thread>1</thread>
  <message>End action : try</message>
  <nestedLevel>1</nestedLevel>
</record>
<record>
  <date>2020-04-06T16:41:07</date>
  <millis>1586180467136</millis>
  <sequence>146</sequence>
  <level>START</level>
  <class>com.kms.katalon.core.logging.XmlKeywordLogger</class>
  <method>startKeyword</method>
  <thread>1</thread>
  <message>Start action : response = sendRequest(createIssueRequest)</message>
  <nestedLevel>1</nestedLevel>
  <property name="startLine">36</property>
  <property name="stepIndex">6</property>
</record>
<record>
  <date>2020-04-06T16:41:10</date>
  <millis>1586180470332</millis>
  <sequence>148</sequence>
  <level>INFO</level>
  <class>com.kms.katalon.core.logging.XmlKeywordLogger</class>
  <method>logMessage</method>
  <thread>1</thread>
  <message>HAR: /Users/michaelshechter/git/Katalon_JIRA_REST/Reports/20200406_164042/CreateIssue/20200406_164042/requests/main/2.har</message>
  <nestedLevel>2</nestedLevel>
  <property name="harId">b04ea847-7fda-43a6-8de7-0f5fe494e497</property>
</record>
<record>
  <date>2020-04-06T16:41:10</date>
  <millis>1586180470334</millis>
  <sequence>149</sequence>
  <level>PASSED</level>
  <class>com.kms.katalon.core.logging.XmlKeywordLogger</class>
  <method>logMessage</method>
  <thread>1</thread>
  <message>Send request successfully</message>
  <nestedLevel>2</nestedLevel>
</record>
<record>
  <date>2020-04-06T16:41:10</date>
  <millis>1586180470334</millis>
  <sequence>150</sequence>
  <level>END</level>
  <class>com.kms.katalon.core.logging.XmlKeywordLogger</class>
  <method>endKeyword</method>
  <thread>1</thread>
  <message>End action : response = sendRequest(createIssueRequest)</message>
  <nestedLevel>1</nestedLevel>
</record>
<record>
  <date>2020-04-06T16:41:10</date>
  <millis>1586180470334</millis>
  <sequence>151</sequence>
  <level>START</level>
  <class>com.kms.katalon.core.logging.XmlKeywordLogger</class>
  <method>startKeyword</method>
  <thread>1</thread>
  <message>Start action : println(response)</message>
  <nestedLevel>1</nestedLevel>
  <property name="startLine">37</property>
  <property name="stepIndex">7</property>
</record>
<record>
  <date>2020-04-06T16:41:10</date>
  <millis>1586180470334</millis>
  <sequence>152</sequence>
  <level>END</level>
  <class>com.kms.katalon.core.logging.XmlKeywordLogger</class>
  <method>endKeyword</method>
  <thread>1</thread>
  <message>End action : println(response)</message>
  <nestedLevel>1</nestedLevel>
</record>
<record>
  <date>2020-04-06T16:41:10</date>
  <millis>1586180470334</millis>
  <sequence>153</sequence>
  <level>START</level>
  <class>com.kms.katalon.core.logging.XmlKeywordLogger</class>
  <method>startKeyword</method>
  <thread>1</thread>
  <message>Start action : response = slurper.parseText(response.getResponseBodyContent())</message>
  <nestedLevel>1</nestedLevel>
  <property name="startLine">39</property>
  <property name="stepIndex">8</property>
</record>
<record>
  <date>2020-04-06T16:41:10</date>
  <millis>1586180470335</millis>
  <sequence>154</sequence>
  <level>END</level>
  <class>com.kms.katalon.core.logging.XmlKeywordLogger</class>
  <method>endKeyword</method>
  <thread>1</thread>
  <message>End action : response = slurper.parseText(response.getResponseBodyContent())</message>
  <nestedLevel>1</nestedLevel>
</record>
<record>
  <date>2020-04-06T16:41:10</date>
  <millis>1586180470335</millis>
  <sequence>155</sequence>
  <level>PASSED</level>
  <class>com.kms.katalon.core.logging.XmlKeywordLogger</class>
  <method>logMessage</method>
  <thread>1</thread>
  <message>Test Cases/Issue/Create_Issue</message>
  <nestedLevel>2</nestedLevel>
</record>
<record>
  <date>2020-04-06T16:41:10</date>
  <millis>1586180470335</millis>
  <sequence>156</sequence>
  <level>END</level>
  <class>com.kms.katalon.core.logging.XmlKeywordLogger</class>
  <method>endTest</method>
  <thread>1</thread>
  <message>End Test Case : Test Cases/Issue/Create_Issue</message>
  <nestedLevel>1</nestedLevel>
</record>
<record>
  <date>2020-04-06T16:41:10</date>
  <millis>1586180470335</millis>
  <sequence>157</sequence>
  <level>PASSED</level>
  <class>com.kms.katalon.core.logging.XmlKeywordLogger</class>
  <method>logMessage</method>
  <thread>1</thread>
  <message>Call Test Case &amp;apos;Test Cases/Issue/Create_Issue&amp;apos; successfully</message>
  <nestedLevel>1</nestedLevel>
</record>
<record>
  <date>2020-04-06T16:41:10</date>
  <millis>1586180470335</millis>
  <sequence>158</sequence>
  <level>END</level>
  <class>com.kms.katalon.core.logging.XmlKeywordLogger</class>
  <method>endKeyword</method>
  <thread>1</thread>
  <message>End action : callTestCase(findTestCase(\&amp;quot;Issue/Create_Issue\&amp;quot;), [\&amp;quot;body\&amp;quot;:body], STOP_ON_FAILURE)</message>
  <nestedLevel>1</nestedLevel>
</record>
<record>
  <date>2020-04-06T16:41:10</date>
  <millis>1586180470335</millis>
  <sequence>159</sequence>
  <level>START</level>
  <class>com.kms.katalon.core.logging.XmlKeywordLogger</class>
  <method>startKeyword</method>
  <thread>1</thread>
  <message>Start action : println(response)</message>
  <nestedLevel>1</nestedLevel>
  <property name="startLine">70</property>
  <property name="stepIndex">4</property>
</record>
<record>
  <date>2020-04-06T16:41:10</date>
  <millis>1586180470336</millis>
  <sequence>160</sequence>
  <level>END</level>
  <class>com.kms.katalon.core.logging.XmlKeywordLogger</class>
  <method>endKeyword</method>
  <thread>1</thread>
  <message>End action : println(response)</message>
  <nestedLevel>1</nestedLevel>
</record>
<record>
  <date>2020-04-06T16:41:10</date>
  <millis>1586180470336</millis>
  <sequence>161</sequence>
  <level>START</level>
  <class>com.kms.katalon.core.logging.XmlKeywordLogger</class>
  <method>startKeyword</method>
  <thread>1</thread>
  <message>Start action : issueKey = key</message>
  <nestedLevel>1</nestedLevel>
  <property name="startLine">72</property>
  <property name="stepIndex">5</property>
</record>
<record>
  <date>2020-04-06T16:41:10</date>
  <millis>1586180470336</millis>
  <sequence>162</sequence>
  <level>END</level>
  <class>com.kms.katalon.core.logging.XmlKeywordLogger</class>
  <method>endKeyword</method>
  <thread>1</thread>
  <message>End action : issueKey = key</message>
  <nestedLevel>1</nestedLevel>
</record>
<record>
  <date>2020-04-06T16:41:10</date>
  <millis>1586180470336</millis>
  <sequence>163</sequence>
  <level>START</level>
  <class>com.kms.katalon.core.logging.XmlKeywordLogger</class>
  <method>startKeyword</method>
  <thread>1</thread>
  <message>Start action : id = id</message>
  <nestedLevel>1</nestedLevel>
  <property name="startLine">73</property>
  <property name="stepIndex">6</property>
</record>
<record>
  <date>2020-04-06T16:41:10</date>
  <millis>1586180470336</millis>
  <sequence>164</sequence>
  <level>END</level>
  <class>com.kms.katalon.core.logging.XmlKeywordLogger</class>
  <method>endKeyword</method>
  <thread>1</thread>
  <message>End action : id = id</message>
  <nestedLevel>1</nestedLevel>
</record>
<record>
  <date>2020-04-06T16:41:10</date>
  <millis>1586180470336</millis>
  <sequence>165</sequence>
  <level>START</level>
  <class>com.kms.katalon.core.logging.XmlKeywordLogger</class>
  <method>startKeyword</method>
  <thread>1</thread>
  <message>Start action : println(issue key = $issueKey | key = $id)</message>
  <nestedLevel>1</nestedLevel>
  <property name="startLine">74</property>
  <property name="stepIndex">7</property>
</record>
<record>
  <date>2020-04-06T16:41:10</date>
  <millis>1586180470337</millis>
  <sequence>166</sequence>
  <level>END</level>
  <class>com.kms.katalon.core.logging.XmlKeywordLogger</class>
  <method>endKeyword</method>
  <thread>1</thread>
  <message>End action : println(issue key = $issueKey | key = $id)</message>
  <nestedLevel>1</nestedLevel>
</record>
<record>
  <date>2020-04-06T16:41:10</date>
  <millis>1586180470337</millis>
  <sequence>167</sequence>
  <level>START</level>
  <class>com.kms.katalon.core.logging.XmlKeywordLogger</class>
  <method>startKeyword</method>
  <thread>1</thread>
  <message>Start action : callTestCase(findTestCase(\&amp;quot;Issue/getTransition\&amp;quot;), [\&amp;quot;issueKey\&amp;quot;:issueKey], STOP_ON_FAILURE)</message>
  <nestedLevel>1</nestedLevel>
  <property name="startLine">79</property>
  <property name="stepIndex">8</property>
</record>
<record>
  <date>2020-04-06T16:41:10</date>
  <millis>1586180470396</millis>
  <sequence>170</sequence>
  <level>START</level>
  <class>com.kms.katalon.core.logging.XmlKeywordLogger</class>
  <method>startTest</method>
  <thread>1</thread>
  <message>Start Test Case : Test Cases/Issue/getTransition</message>
  <nestedLevel>2</nestedLevel>
  <property name="name">Test Cases/Issue/getTransition</property>
  <property name="description"></property>
  <property name="id">Test Cases/Issue/getTransition</property>
  <property name="source">\\Users\\michaelshechter\\git\\Katalon_JIRA_REST\\Test Cases\\Issue\\getTransition.tc</property>
  <property name="tag"></property>
  <property name="isOptional">false</property>
</record>
<record>
  <date>2020-04-06T16:41:10</date>
  <millis>1586180470401</millis>
  <sequence>172</sequence>
  <level>INFO</level>
  <class>com.kms.katalon.core.logging.XmlKeywordLogger</class>
  <method>logMessage</method>
  <thread>1</thread>
  <message>issueKey = SBC-18441</message>
  <nestedLevel>2</nestedLevel>
</record>
<record>
  <date>2020-04-06T16:41:10</date>
  <millis>1586180470402</millis>
  <sequence>173</sequence>
  <level>START</level>
  <class>com.kms.katalon.core.logging.XmlKeywordLogger</class>
  <method>startKeyword</method>
  <thread>1</thread>
  <message>Start action : slurper = new groovy.json.JsonSlurper()</message>
  <nestedLevel>1</nestedLevel>
  <property name="startLine">19</property>
  <property name="stepIndex">1</property>
</record>
<record>
  <date>2020-04-06T16:41:10</date>
  <millis>1586180470402</millis>
  <sequence>174</sequence>
  <level>END</level>
  <class>com.kms.katalon.core.logging.XmlKeywordLogger</class>
  <method>endKeyword</method>
  <thread>1</thread>
  <message>End action : slurper = new groovy.json.JsonSlurper()</message>
  <nestedLevel>1</nestedLevel>
</record>
<record>
  <date>2020-04-06T16:41:10</date>
  <millis>1586180470402</millis>
  <sequence>175</sequence>
  <level>START</level>
  <class>com.kms.katalon.core.logging.XmlKeywordLogger</class>
  <method>startKeyword</method>
  <thread>1</thread>
  <message>Start action : println(\&amp;quot;###  in getTransition testCase\&amp;quot;)</message>
  <nestedLevel>1</nestedLevel>
  <property name="startLine">20</property>
  <property name="stepIndex">2</property>
</record>
<record>
  <date>2020-04-06T16:41:10</date>
  <millis>1586180470402</millis>
  <sequence>176</sequence>
  <level>END</level>
  <class>com.kms.katalon.core.logging.XmlKeywordLogger</class>
  <method>endKeyword</method>
  <thread>1</thread>
  <message>End action : println(\&amp;quot;###  in getTransition testCase\&amp;quot;)</message>
  <nestedLevel>1</nestedLevel>
</record>
<record>
  <date>2020-04-06T16:41:10</date>
  <millis>1586180470403</millis>
  <sequence>177</sequence>
  <level>START</level>
  <class>com.kms.katalon.core.logging.XmlKeywordLogger</class>
  <method>startKeyword</method>
  <thread>1</thread>
  <message>Start action : println(issueKey)</message>
  <nestedLevel>1</nestedLevel>
  <property name="startLine">21</property>
  <property name="stepIndex">3</property>
</record>
<record>
  <date>2020-04-06T16:41:10</date>
  <millis>1586180470403</millis>
  <sequence>178</sequence>
  <level>END</level>
  <class>com.kms.katalon.core.logging.XmlKeywordLogger</class>
  <method>endKeyword</method>
  <thread>1</thread>
  <message>End action : println(issueKey)</message>
  <nestedLevel>1</nestedLevel>
</record>
<record>
  <date>2020-04-06T16:41:10</date>
  <millis>1586180470403</millis>
  <sequence>179</sequence>
  <level>START</level>
  <class>com.kms.katalon.core.logging.XmlKeywordLogger</class>
  <method>startKeyword</method>
  <thread>1</thread>
  <message>Start action : getTransitionRequest = findTestObject(\&amp;quot;REST/Issue/GetTransition\&amp;quot;)</message>
  <nestedLevel>1</nestedLevel>
  <property name="startLine">23</property>
  <property name="stepIndex">4</property>
</record>
<record>
  <date>2020-04-06T16:41:10</date>
  <millis>1586180470446</millis>
  <sequence>181</sequence>
  <level>END</level>
  <class>com.kms.katalon.core.logging.XmlKeywordLogger</class>
  <method>endKeyword</method>
  <thread>1</thread>
  <message>End action : getTransitionRequest = findTestObject(\&amp;quot;REST/Issue/GetTransition\&amp;quot;)</message>
  <nestedLevel>1</nestedLevel>
</record>
<record>
  <date>2020-04-06T16:41:10</date>
  <millis>1586180470447</millis>
  <sequence>182</sequence>
  <level>START</level>
  <class>com.kms.katalon.core.logging.XmlKeywordLogger</class>
  <method>startKeyword</method>
  <thread>1</thread>
  <message>Start action : try</message>
  <nestedLevel>1</nestedLevel>
  <property name="startLine">25</property>
  <property name="stepIndex">5</property>
</record>
<record>
  <date>2020-04-06T16:41:10</date>
  <millis>1586180470447</millis>
  <sequence>183</sequence>
  <level>START</level>
  <class>com.kms.katalon.core.logging.XmlKeywordLogger</class>
  <method>startKeyword</method>
  <thread>1</thread>
  <message>Start action : println(getTransitionRequest)</message>
  <nestedLevel>2</nestedLevel>
  <property name="startLine">29</property>
  <property name="stepIndex">1</property>
</record>
<record>
  <date>2020-04-06T16:41:10</date>
  <millis>1586180470447</millis>
  <sequence>184</sequence>
  <level>END</level>
  <class>com.kms.katalon.core.logging.XmlKeywordLogger</class>
  <method>endKeyword</method>
  <thread>1</thread>
  <message>End action : println(getTransitionRequest)</message>
  <nestedLevel>2</nestedLevel>
</record>
<record>
  <date>2020-04-06T16:41:10</date>
  <millis>1586180470447</millis>
  <sequence>185</sequence>
  <level>END</level>
  <class>com.kms.katalon.core.logging.XmlKeywordLogger</class>
  <method>endKeyword</method>
  <thread>1</thread>
  <message>End action : try</message>
  <nestedLevel>1</nestedLevel>
</record>
<record>
  <date>2020-04-06T16:41:10</date>
  <millis>1586180470447</millis>
  <sequence>186</sequence>
  <level>START</level>
  <class>com.kms.katalon.core.logging.XmlKeywordLogger</class>
  <method>startKeyword</method>
  <thread>1</thread>
  <message>Start action : getTransitionRequest.setRestUrl(https://$GlobalVariable.URL/issue/$issueKey/transitions)</message>
  <nestedLevel>1</nestedLevel>
  <property name="startLine">35</property>
  <property name="stepIndex">8</property>
</record>
<record>
  <date>2020-04-06T16:41:10</date>
  <millis>1586180470448</millis>
  <sequence>187</sequence>
  <level>END</level>
  <class>com.kms.katalon.core.logging.XmlKeywordLogger</class>
  <method>endKeyword</method>
  <thread>1</thread>
  <message>End action : getTransitionRequest.setRestUrl(https://$GlobalVariable.URL/issue/$issueKey/transitions)</message>
  <nestedLevel>1</nestedLevel>
</record>
<record>
  <date>2020-04-06T16:41:10</date>
  <millis>1586180470448</millis>
  <sequence>188</sequence>
  <level>START</level>
  <class>com.kms.katalon.core.logging.XmlKeywordLogger</class>
  <method>startKeyword</method>
  <thread>1</thread>
  <message>Start action : response = sendRequest(getTransitionRequest)</message>
  <nestedLevel>1</nestedLevel>
  <property name="startLine">36</property>
  <property name="stepIndex">9</property>
</record>
<record>
  <date>2020-04-06T16:41:11</date>
  <millis>1586180471639</millis>
  <sequence>190</sequence>
  <level>INFO</level>
  <class>com.kms.katalon.core.logging.XmlKeywordLogger</class>
  <method>logMessage</method>
  <thread>1</thread>
  <message>HAR: /Users/michaelshechter/git/Katalon_JIRA_REST/Reports/20200406_164042/CreateIssue/20200406_164042/requests/main/3.har</message>
  <nestedLevel>2</nestedLevel>
  <property name="harId">4e5eed7a-1b13-4e53-a9fc-8a80eb3e7c7f</property>
</record>
<record>
  <date>2020-04-06T16:41:11</date>
  <millis>1586180471640</millis>
  <sequence>191</sequence>
  <level>PASSED</level>
  <class>com.kms.katalon.core.logging.XmlKeywordLogger</class>
  <method>logMessage</method>
  <thread>1</thread>
  <message>Send request successfully</message>
  <nestedLevel>2</nestedLevel>
</record>
<record>
  <date>2020-04-06T16:41:11</date>
  <millis>1586180471640</millis>
  <sequence>192</sequence>
  <level>END</level>
  <class>com.kms.katalon.core.logging.XmlKeywordLogger</class>
  <method>endKeyword</method>
  <thread>1</thread>
  <message>End action : response = sendRequest(getTransitionRequest)</message>
  <nestedLevel>1</nestedLevel>
</record>
<record>
  <date>2020-04-06T16:41:11</date>
  <millis>1586180471641</millis>
  <sequence>193</sequence>
  <level>START</level>
  <class>com.kms.katalon.core.logging.XmlKeywordLogger</class>
  <method>startKeyword</method>
  <thread>1</thread>
  <message>Start action : response = slurper.parseText(response.getResponseBodyContent())</message>
  <nestedLevel>1</nestedLevel>
  <property name="startLine">37</property>
  <property name="stepIndex">10</property>
</record>
<record>
  <date>2020-04-06T16:41:11</date>
  <millis>1586180471641</millis>
  <sequence>194</sequence>
  <level>END</level>
  <class>com.kms.katalon.core.logging.XmlKeywordLogger</class>
  <method>endKeyword</method>
  <thread>1</thread>
  <message>End action : response = slurper.parseText(response.getResponseBodyContent())</message>
  <nestedLevel>1</nestedLevel>
</record>
<record>
  <date>2020-04-06T16:41:11</date>
  <millis>1586180471641</millis>
  <sequence>195</sequence>
  <level>PASSED</level>
  <class>com.kms.katalon.core.logging.XmlKeywordLogger</class>
  <method>logMessage</method>
  <thread>1</thread>
  <message>Test Cases/Issue/getTransition</message>
  <nestedLevel>2</nestedLevel>
</record>
<record>
  <date>2020-04-06T16:41:11</date>
  <millis>1586180471641</millis>
  <sequence>196</sequence>
  <level>END</level>
  <class>com.kms.katalon.core.logging.XmlKeywordLogger</class>
  <method>endTest</method>
  <thread>1</thread>
  <message>End Test Case : Test Cases/Issue/getTransition</message>
  <nestedLevel>1</nestedLevel>
</record>
<record>
  <date>2020-04-06T16:41:11</date>
  <millis>1586180471641</millis>
  <sequence>197</sequence>
  <level>PASSED</level>
  <class>com.kms.katalon.core.logging.XmlKeywordLogger</class>
  <method>logMessage</method>
  <thread>1</thread>
  <message>Call Test Case &amp;apos;Test Cases/Issue/getTransition&amp;apos; successfully</message>
  <nestedLevel>1</nestedLevel>
</record>
<record>
  <date>2020-04-06T16:41:11</date>
  <millis>1586180471642</millis>
  <sequence>198</sequence>
  <level>END</level>
  <class>com.kms.katalon.core.logging.XmlKeywordLogger</class>
  <method>endKeyword</method>
  <thread>1</thread>
  <message>End action : callTestCase(findTestCase(\&amp;quot;Issue/getTransition\&amp;quot;), [\&amp;quot;issueKey\&amp;quot;:issueKey], STOP_ON_FAILURE)</message>
  <nestedLevel>1</nestedLevel>
</record>
<record>
  <date>2020-04-06T16:41:11</date>
  <millis>1586180471642</millis>
  <sequence>199</sequence>
  <level>START</level>
  <class>com.kms.katalon.core.logging.XmlKeywordLogger</class>
  <method>startKeyword</method>
  <thread>1</thread>
  <message>Start action : println(### get transition response from  controller  = $GlobalVariable.response  #####)</message>
  <nestedLevel>1</nestedLevel>
  <property name="startLine">80</property>
  <property name="stepIndex">9</property>
</record>
<record>
  <date>2020-04-06T16:41:11</date>
  <millis>1586180471642</millis>
  <sequence>200</sequence>
  <level>END</level>
  <class>com.kms.katalon.core.logging.XmlKeywordLogger</class>
  <method>endKeyword</method>
  <thread>1</thread>
  <message>End action : println(### get transition response from  controller  = $GlobalVariable.response  #####)</message>
  <nestedLevel>1</nestedLevel>
</record>
<record>
  <date>2020-04-06T16:41:11</date>
  <millis>1586180471642</millis>
  <sequence>201</sequence>
  <level>START</level>
  <class>com.kms.katalon.core.logging.XmlKeywordLogger</class>
  <method>startKeyword</method>
  <thread>1</thread>
  <message>Start action : transitions.each({ -&amp;gt; ... })</message>
  <nestedLevel>1</nestedLevel>
  <property name="startLine">82</property>
  <property name="stepIndex">10</property>
</record>
<record>
  <date>2020-04-06T16:41:11</date>
  <millis>1586180471643</millis>
  <sequence>202</sequence>
  <level>END</level>
  <class>com.kms.katalon.core.logging.XmlKeywordLogger</class>
  <method>endKeyword</method>
  <thread>1</thread>
  <message>End action : transitions.each({ -&amp;gt; ... })</message>
  <nestedLevel>1</nestedLevel>
</record>
<record>
  <date>2020-04-06T16:41:11</date>
  <millis>1586180471643</millis>
  <sequence>203</sequence>
  <level>START</level>
  <class>com.kms.katalon.core.logging.XmlKeywordLogger</class>
  <method>startKeyword</method>
  <thread>1</thread>
  <message>Start action : println(response)</message>
  <nestedLevel>1</nestedLevel>
  <property name="startLine">84</property>
  <property name="stepIndex">11</property>
</record>
<record>
  <date>2020-04-06T16:41:11</date>
  <millis>1586180471643</millis>
  <sequence>204</sequence>
  <level>END</level>
  <class>com.kms.katalon.core.logging.XmlKeywordLogger</class>
  <method>endKeyword</method>
  <thread>1</thread>
  <message>End action : println(response)</message>
  <nestedLevel>1</nestedLevel>
</record>
<record>
  <date>2020-04-06T16:41:11</date>
  <millis>1586180471643</millis>
  <sequence>205</sequence>
  <level>START</level>
  <class>com.kms.katalon.core.logging.XmlKeywordLogger</class>
  <method>startKeyword</method>
  <thread>1</thread>
  <message>Start action : requriedTransitionName = \&amp;quot;In Progres3\&amp;quot;</message>
  <nestedLevel>1</nestedLevel>
  <property name="startLine">86</property>
  <property name="stepIndex">12</property>
</record>
<record>
  <date>2020-04-06T16:41:11</date>
  <millis>1586180471644</millis>
  <sequence>206</sequence>
  <level>END</level>
  <class>com.kms.katalon.core.logging.XmlKeywordLogger</class>
  <method>endKeyword</method>
  <thread>1</thread>
  <message>End action : requriedTransitionName = \&amp;quot;In Progres3\&amp;quot;</message>
  <nestedLevel>1</nestedLevel>
</record>
<record>
  <date>2020-04-06T16:41:11</date>
  <millis>1586180471644</millis>
  <sequence>207</sequence>
  <level>START</level>
  <class>com.kms.katalon.core.logging.XmlKeywordLogger</class>
  <method>startKeyword</method>
  <thread>1</thread>
  <message>Start action : transitionId = id</message>
  <nestedLevel>1</nestedLevel>
  <property name="startLine">88</property>
  <property name="stepIndex">13</property>
</record>
<record>
  <date>2020-04-06T16:41:11</date>
  <millis>1586180471644</millis>
  <sequence>208</sequence>
  <level>END</level>
  <class>com.kms.katalon.core.logging.XmlKeywordLogger</class>
  <method>endKeyword</method>
  <thread>1</thread>
  <message>End action : transitionId = id</message>
  <nestedLevel>1</nestedLevel>
</record>
<record>
  <date>2020-04-06T16:41:11</date>
  <millis>1586180471644</millis>
  <sequence>210</sequence>
  <level>ERROR</level>
  <class>com.kms.katalon.core.logging.XmlKeywordLogger</class>
  <method>logMessage</method>
  <thread>1</thread>
  <message>Test Cases/Issue/Controller FAILED.\nReason:\njava.lang.NullPointerException: Cannot get property &amp;apos;id&amp;apos; on null object\n\tat Controller.run(Controller:88)\n\tat com.kms.katalon.core.main.ScriptEngine.run(ScriptEngine.java:194)\n\tat com.kms.katalon.core.main.ScriptEngine.runScriptAsRawText(ScriptEngine.java:119)\n\tat com.kms.katalon.core.main.TestCaseExecutor.runScript(TestCaseExecutor.java:337)\n\tat com.kms.katalon.core.main.TestCaseExecutor.doExecute(TestCaseExecutor.java:328)\n\tat com.kms.katalon.core.main.TestCaseExecutor.processExecutionPhase(TestCaseExecutor.java:307)\n\tat com.kms.katalon.core.main.TestCaseExecutor.accessMainPhase(TestCaseExecutor.java:299)\n\tat com.kms.katalon.core.main.TestCaseExecutor.execute(TestCaseExecutor.java:233)\n\tat com.kms.katalon.core.main.TestSuiteExecutor.accessTestCaseMainPhase(TestSuiteExecutor.java:169)\n\tat com.kms.katalon.core.main.TestSuiteExecutor.accessTestSuiteMainPhase(TestSuiteExecutor.java:142)\n\tat com.kms.katalon.core.main.TestSuiteExecutor.execute(TestSuiteExecutor.java:91)\n\tat com.kms.katalon.core.main.TestCaseMain.startTestSuite(TestCaseMain.java:157)\n\tat com.kms.katalon.core.main.TestCaseMain$startTestSuite$0.call(Unknown Source)\n\tat TempTestSuite1586180452163.run(TempTestSuite1586180452163.groovy:36)\n</message>
  <exception>
    <message>java.lang.NullPointerException: Cannot get property 'id' on null object</message>
    <frame>
      <class>Controller</class>
      <method>run</method>
      <line>88</line>
    </frame>
    <frame>
      <class>com.kms.katalon.core.main.ScriptEngine</class>
      <method>run</method>
      <line>194</line>
    </frame>
    <frame>
      <class>com.kms.katalon.core.main.ScriptEngine</class>
      <method>runScriptAsRawText</method>
      <line>119</line>
    </frame>
    <frame>
      <class>com.kms.katalon.core.main.TestCaseExecutor</class>
      <method>runScript</method>
      <line>337</line>
    </frame>
    <frame>
      <class>com.kms.katalon.core.main.TestCaseExecutor</class>
      <method>doExecute</method>
      <line>328</line>
    </frame>
    <frame>
      <class>com.kms.katalon.core.main.TestCaseExecutor</class>
      <method>processExecutionPhase</method>
      <line>307</line>
    </frame>
    <frame>
      <class>com.kms.katalon.core.main.TestCaseExecutor</class>
      <method>accessMainPhase</method>
      <line>299</line>
    </frame>
    <frame>
      <class>com.kms.katalon.core.main.TestCaseExecutor</class>
      <method>execute</method>
      <line>233</line>
    </frame>
    <frame>
      <class>com.kms.katalon.core.main.TestSuiteExecutor</class>
      <method>accessTestCaseMainPhase</method>
      <line>169</line>
    </frame>
    <frame>
      <class>com.kms.katalon.core.main.TestSuiteExecutor</class>
      <method>accessTestSuiteMainPhase</method>
      <line>142</line>
    </frame>
    <frame>
      <class>com.kms.katalon.core.main.TestSuiteExecutor</class>
      <method>execute</method>
      <line>91</line>
    </frame>
    <frame>
      <class>com.kms.katalon.core.main.TestCaseMain</class>
      <method>startTestSuite</method>
      <line>157</line>
    </frame>
    <frame>
      <class>com.kms.katalon.core.main.TestCaseMain$startTestSuite$0</class>
      <method>call</method>
    </frame>
    <frame>
      <class>TempTestSuite1586180452163</class>
      <method>run</method>
      <line>36</line>
    </frame>
  </exception>
  <nestedLevel>0</nestedLevel>
  <property name="failed.exception.stacktrace">java.lang.NullPointerException: Cannot get property &apos;id&apos; on null object\n\tat Controller.run(Controller:88)\n\tat com.kms.katalon.core.main.ScriptEngine.run(ScriptEngine.java:194)\n\tat com.kms.katalon.core.main.ScriptEngine.runScriptAsRawText(ScriptEngine.java:119)\n\tat com.kms.katalon.core.main.TestCaseExecutor.runScript(TestCaseExecutor.java:337)\n\tat com.kms.katalon.core.main.TestCaseExecutor.doExecute(TestCaseExecutor.java:328)\n\tat com.kms.katalon.core.main.TestCaseExecutor.processExecutionPhase(TestCaseExecutor.java:307)\n\tat com.kms.katalon.core.main.TestCaseExecutor.accessMainPhase(TestCaseExecutor.java:299)\n\tat com.kms.katalon.core.main.TestCaseExecutor.execute(TestCaseExecutor.java:233)\n\tat com.kms.katalon.core.main.TestSuiteExecutor.accessTestCaseMainPhase(TestSuiteExecutor.java:169)\n\tat com.kms.katalon.core.main.TestSuiteExecutor.accessTestSuiteMainPhase(TestSuiteExecutor.java:142)\n\tat com.kms.katalon.core.main.TestSuiteExecutor.execute(TestSuiteExecutor.java:91)\n\tat com.kms.katalon.core.main.TestCaseMain.startTestSuite(TestCaseMain.java:157)\n\tat com.kms.katalon.core.main.TestCaseMain$startTestSuite$0.call(Unknown Source)\n\tat TempTestSuite1586180452163.run(TempTestSuite1586180452163.groovy:36)\n</property>
  <property name="failed.exception.class">java.lang.NullPointerException</property>
  <property name="failed.exception.message">Cannot get property &apos;id&apos; on null object</property>
</record>
<record>
  <date>2020-04-06T16:41:11</date>
  <millis>1586180471645</millis>
  <sequence>212</sequence>
  <level>END</level>
  <class>com.kms.katalon.core.logging.XmlKeywordLogger</class>
  <method>endTest</method>
  <thread>1</thread>
  <message>End Test Case : Test Cases/Issue/Controller</message>
  <nestedLevel>0</nestedLevel>
</record>
<record>
  <date>2020-04-06T16:41:11</date>
  <millis>1586180471678</millis>
  <sequence>213</sequence>
  <level>END</level>
  <class>com.kms.katalon.core.logging.XmlKeywordLogger</class>
  <method>endSuite</method>
  <thread>1</thread>
  <message>End Test Suite : Test Suites/CreateIssue</message>
  <nestedLevel>0</nestedLevel>
</record>
<!DOCTYPE log SYSTEM "logger.dtd">
<record>
  <date>2020-04-20T23:12:13</date>
  <millis>1587413533829</millis>
  <sequence>269</sequence>
  <level>INFO</level>
  <class>com.kms.katalon.core.logging.XmlKeywordLogger</class>
  <method>logMessage</method>
  <thread>477</thread>
  <message>HAR: /var/folders/lv/0kq76s2d1cscgg00jhc6x22w0000gn/T/har4578492148211286159/requests/ModalContext/0.har</message>
  <nestedLevel>0</nestedLevel>
  <property name="harId">867a23aa-039b-457f-b2c5-a08cdea0cc60</property>
</record>
<record>
  <date>2020-04-20T23:13:06</date>
  <millis>1587413586606</millis>
  <sequence>270</sequence>
  <level>INFO</level>
  <class>com.kms.katalon.core.logging.XmlKeywordLogger</class>
  <method>logMessage</method>
  <thread>482</thread>
  <message>HAR: /var/folders/lv/0kq76s2d1cscgg00jhc6x22w0000gn/T/har4109574561054530578/requests/ModalContext/1.har</message>
  <nestedLevel>0</nestedLevel>
  <property name="harId">ee6545f4-7906-43b7-b8de-cbf5c66f8598</property>
</record>
<record>
  <date>2020-04-21T17:23:13</date>
  <millis>1587478993118</millis>
  <sequence>273</sequence>
  <level>INFO</level>
  <class>com.kms.katalon.core.logging.XmlKeywordLogger</class>
  <method>logMessage</method>
  <thread>680</thread>
  <message>HAR: /var/folders/lv/0kq76s2d1cscgg00jhc6x22w0000gn/T/har7930801851384176644/requests/ModalContext/2.har</message>
  <nestedLevel>0</nestedLevel>
  <property name="harId">cf2077a0-0847-4729-9a77-54e78e04c957</property>
</record>
<record>
  <date>2020-04-21T18:13:28</date>
  <millis>1587482008865</millis>
  <sequence>279</sequence>
  <level>INFO</level>
  <class>com.kms.katalon.core.logging.XmlKeywordLogger</class>
  <method>logMessage</method>
  <thread>717</thread>
  <message>HAR: /var/folders/lv/0kq76s2d1cscgg00jhc6x22w0000gn/T/har8679891754753656848/requests/ModalContext/3.har</message>
  <nestedLevel>0</nestedLevel>
  <property name="harId">49f50ee3-155e-4d0f-8906-c98607464dc1</property>
</record>
</log>