<?xml version="1.0" encoding="UTF-8" standalone="no"?>
<!DOCTYPE log SYSTEM "logger.dtd">
<log>
<record>
  <date>2020-04-04T12:09:31</date>
  <millis>1585991371877</millis>
  <sequence>0</sequence>
  <level>START</level>
  <class>com.kms.katalon.core.logging.XmlKeywordLogger</class>
  <method>startSuite</method>
  <thread>1</thread>
  <message>Start Test Suite : Test Suites/CreateIssue</message>
  <nestedLevel>0</nestedLevel>
  <property name="name">CreateIssue</property>
  <property name="description"></property>
  <property name="id">Test Suites/CreateIssue</property>
</record>
<record>
  <date>2020-04-04T12:09:31</date>
  <millis>1585991371889</millis>
  <sequence>1</sequence>
  <level>RUN_DATA</level>
  <class>com.kms.katalon.core.logging.XmlKeywordLogger</class>
  <method>logMessage</method>
  <thread>1</thread>
  <message>hostName = michaelshechter - 10.100.102.5</message>
  <nestedLevel>0</nestedLevel>
  <property name="hostName">michaelshechter - 10.100.102.5</property>
</record>
<record>
  <date>2020-04-04T12:09:31</date>
  <millis>1585991371889</millis>
  <sequence>2</sequence>
  <level>RUN_DATA</level>
  <class>com.kms.katalon.core.logging.XmlKeywordLogger</class>
  <method>logMessage</method>
  <thread>1</thread>
  <message>os = Mac OS X 64bit</message>
  <nestedLevel>0</nestedLevel>
  <property name="os">Mac OS X 64bit</property>
</record>
<record>
  <date>2020-04-04T12:09:31</date>
  <millis>1585991371890</millis>
  <sequence>3</sequence>
  <level>RUN_DATA</level>
  <class>com.kms.katalon.core.logging.XmlKeywordLogger</class>
  <method>logMessage</method>
  <thread>1</thread>
  <message>hostAddress = 10.100.102.5</message>
  <nestedLevel>0</nestedLevel>
  <property name="hostAddress">10.100.102.5</property>
</record>
<record>
  <date>2020-04-04T12:09:31</date>
  <millis>1585991371890</millis>
  <sequence>4</sequence>
  <level>RUN_DATA</level>
  <class>com.kms.katalon.core.logging.XmlKeywordLogger</class>
  <method>logMessage</method>
  <thread>1</thread>
  <message>katalonVersion = 7.2.1.1</message>
  <nestedLevel>0</nestedLevel>
  <property name="katalonVersion">7.2.1.1</property>
</record>
<record>
  <date>2020-04-04T12:09:32</date>
  <millis>1585991372051</millis>
  <sequence>5</sequence>
  <level>START</level>
  <class>com.kms.katalon.core.logging.XmlKeywordLogger</class>
  <method>startTest</method>
  <thread>1</thread>
  <message>Start Test Case : Test Cases/Issue/Controller</message>
  <nestedLevel>1</nestedLevel>
  <property name="name">Test Cases/Issue/Controller</property>
  <property name="description"></property>
  <property name="id">Test Cases/Issue/Controller</property>
  <property name="source">\\Users\\michaelshechter\\git\\Katalon_JIRA_REST\\Test Cases\\Issue\\Controller.tc</property>
  <property name="tag"></property>
  <property name="isOptional">false</property>
</record>
<record>
  <date>2020-04-04T12:09:32</date>
  <millis>1585991372126</millis>
  <sequence>7</sequence>
  <level>INFO</level>
  <class>com.kms.katalon.core.logging.XmlKeywordLogger</class>
  <method>logMessage</method>
  <thread>1</thread>
  <message>(Default) projectKey = </message>
  <nestedLevel>1</nestedLevel>
</record>
<record>
  <date>2020-04-04T12:09:32</date>
  <millis>1585991372133</millis>
  <sequence>8</sequence>
  <level>INFO</level>
  <class>com.kms.katalon.core.logging.XmlKeywordLogger</class>
  <method>logMessage</method>
  <thread>1</thread>
  <message>(Default) issueType = </message>
  <nestedLevel>1</nestedLevel>
</record>
<record>
  <date>2020-04-04T12:09:32</date>
  <millis>1585991372140</millis>
  <sequence>9</sequence>
  <level>INFO</level>
  <class>com.kms.katalon.core.logging.XmlKeywordLogger</class>
  <method>logMessage</method>
  <thread>1</thread>
  <message>(Default) summary = </message>
  <nestedLevel>1</nestedLevel>
</record>
<record>
  <date>2020-04-04T12:09:32</date>
  <millis>1585991372147</millis>
  <sequence>10</sequence>
  <level>INFO</level>
  <class>com.kms.katalon.core.logging.XmlKeywordLogger</class>
  <method>logMessage</method>
  <thread>1</thread>
  <message>(Default) typeOfBug = </message>
  <nestedLevel>1</nestedLevel>
</record>
<record>
  <date>2020-04-04T12:09:32</date>
  <millis>1585991372155</millis>
  <sequence>11</sequence>
  <level>INFO</level>
  <class>com.kms.katalon.core.logging.XmlKeywordLogger</class>
  <method>logMessage</method>
  <thread>1</thread>
  <message>(Default) description = </message>
  <nestedLevel>1</nestedLevel>
</record>
<record>
  <date>2020-04-04T12:09:32</date>
  <millis>1585991372161</millis>
  <sequence>12</sequence>
  <level>INFO</level>
  <class>com.kms.katalon.core.logging.XmlKeywordLogger</class>
  <method>logMessage</method>
  <thread>1</thread>
  <message>(Default) relevantPlatform = </message>
  <nestedLevel>1</nestedLevel>
</record>
<record>
  <date>2020-04-04T12:09:32</date>
  <millis>1585991372166</millis>
  <sequence>13</sequence>
  <level>INFO</level>
  <class>com.kms.katalon.core.logging.XmlKeywordLogger</class>
  <method>logMessage</method>
  <thread>1</thread>
  <message>(Default) foundInBuild = </message>
  <nestedLevel>1</nestedLevel>
</record>
<record>
  <date>2020-04-04T12:09:32</date>
  <millis>1585991372171</millis>
  <sequence>14</sequence>
  <level>INFO</level>
  <class>com.kms.katalon.core.logging.XmlKeywordLogger</class>
  <method>logMessage</method>
  <thread>1</thread>
  <message>(Default) assignee = </message>
  <nestedLevel>1</nestedLevel>
</record>
<record>
  <date>2020-04-04T12:09:32</date>
  <millis>1585991372177</millis>
  <sequence>15</sequence>
  <level>INFO</level>
  <class>com.kms.katalon.core.logging.XmlKeywordLogger</class>
  <method>logMessage</method>
  <thread>1</thread>
  <message>(Default) reporter = </message>
  <nestedLevel>1</nestedLevel>
</record>
<record>
  <date>2020-04-04T12:09:32</date>
  <millis>1585991372182</millis>
  <sequence>16</sequence>
  <level>INFO</level>
  <class>com.kms.katalon.core.logging.XmlKeywordLogger</class>
  <method>logMessage</method>
  <thread>1</thread>
  <message>(Default) component = </message>
  <nestedLevel>1</nestedLevel>
</record>
<record>
  <date>2020-04-04T12:09:32</date>
  <millis>1585991372192</millis>
  <sequence>17</sequence>
  <level>INFO</level>
  <class>com.kms.katalon.core.logging.XmlKeywordLogger</class>
  <method>logMessage</method>
  <thread>1</thread>
  <message>(Default) version = </message>
  <nestedLevel>1</nestedLevel>
</record>
<record>
  <date>2020-04-04T12:09:32</date>
  <millis>1585991372200</millis>
  <sequence>18</sequence>
  <level>INFO</level>
  <class>com.kms.katalon.core.logging.XmlKeywordLogger</class>
  <method>logMessage</method>
  <thread>1</thread>
  <message>(Default) priority = </message>
  <nestedLevel>1</nestedLevel>
</record>
<record>
  <date>2020-04-04T12:09:32</date>
  <millis>1585991372205</millis>
  <sequence>19</sequence>
  <level>INFO</level>
  <class>com.kms.katalon.core.logging.XmlKeywordLogger</class>
  <method>logMessage</method>
  <thread>1</thread>
  <message>(Default) bugType = </message>
  <nestedLevel>1</nestedLevel>
</record>
<record>
  <date>2020-04-04T12:09:32</date>
  <millis>1585991372211</millis>
  <sequence>20</sequence>
  <level>INFO</level>
  <class>com.kms.katalon.core.logging.XmlKeywordLogger</class>
  <method>logMessage</method>
  <thread>1</thread>
  <message>(Default) issueKey = </message>
  <nestedLevel>1</nestedLevel>
</record>
<record>
  <date>2020-04-04T12:09:32</date>
  <millis>1585991372468</millis>
  <sequence>21</sequence>
  <level>START</level>
  <class>com.kms.katalon.core.logging.XmlKeywordLogger</class>
  <method>startKeyword</method>
  <thread>1</thread>
  <message>Start action : requriedTransitionName = \&amp;quot;\&amp;quot;</message>
  <nestedLevel>1</nestedLevel>
  <property name="startLine">22</property>
  <property name="stepIndex">1</property>
</record>
<record>
  <date>2020-04-04T12:09:32</date>
  <millis>1585991372469</millis>
  <sequence>22</sequence>
  <level>END</level>
  <class>com.kms.katalon.core.logging.XmlKeywordLogger</class>
  <method>endKeyword</method>
  <thread>1</thread>
  <message>End action : requriedTransitionName = \&amp;quot;\&amp;quot;</message>
  <nestedLevel>1</nestedLevel>
</record>
<record>
  <date>2020-04-04T12:09:32</date>
  <millis>1585991372469</millis>
  <sequence>23</sequence>
  <level>START</level>
  <class>com.kms.katalon.core.logging.XmlKeywordLogger</class>
  <method>startKeyword</method>
  <thread>1</thread>
  <message>Start action : body = \n{\n   \r\n    \&amp;quot;fields\&amp;quot;:{\n      \r\n       \&amp;quot;project\&amp;quot;:\r\n      {\n         \r\n          \&amp;quot;key\&amp;quot;:\&amp;quot;$projectKey\&amp;quot;         \r\n\n      },\n      \r\n       \&amp;quot;summary\&amp;quot;:\&amp;quot;$summary\&amp;quot;,\n      \r\n       \&amp;quot;description\&amp;quot;:\&amp;quot;$description\&amp;quot;,\n      \r\n       \&amp;quot;customfield_10107\&amp;quot;:{\n         \&amp;quot;value\&amp;quot;:\&amp;quot;$typeOfBug\&amp;quot;\n      },\n      \r\n       \&amp;quot;customfield_10113\&amp;quot;:[\n         {\n            \&amp;quot;value\&amp;quot;:\&amp;quot;$relevantPlatform\&amp;quot;\n         }\n      ],\n      \r\n       \&amp;quot;customfield_10114\&amp;quot;:\&amp;quot;$foundInBuild\&amp;quot;,\n      \r\n       \&amp;quot;customfield_10102\&amp;quot;:{\n         \r\n      \&amp;quot;value\&amp;quot;:\&amp;quot;$bugType\&amp;quot;\r\n\n      },\n      \r\n        \&amp;quot;assignee\&amp;quot;:{\&amp;quot;name\&amp;quot;:\&amp;quot;$assignee\&amp;quot;\r\n},\n                \&amp;quot;reporter\&amp;quot;:{\n         \r\n      \&amp;quot;name\&amp;quot;:\&amp;quot;$reporter\&amp;quot;\r\n\n      },\n      \r\n    \&amp;quot;components\&amp;quot;:[\n         \r\n         {\n            \r\n        \&amp;quot;name\&amp;quot;:\&amp;quot;$component\&amp;quot;\r\n\n         }         \r\n\n      ],\n      \r\n    \&amp;quot;versions\&amp;quot;:[\n         \r\n         {\n            \r\n        \&amp;quot;name\&amp;quot;:\&amp;quot;$version\&amp;quot;\r\n\n         }         \r\n\n      ],\n      \r\n          \&amp;quot;priority\&amp;quot;:{\n         \r\n      \&amp;quot;name\&amp;quot;:\&amp;quot;$priority\&amp;quot;\r\n\n      },\n      \r\n       \&amp;quot;issuetype\&amp;quot;:{\n         \r\n          \&amp;quot;name\&amp;quot;:\&amp;quot;$issueType\&amp;quot; \r\n\n      }      \r\n\n   }   \r\n\n}\r\n\n</message>
  <nestedLevel>1</nestedLevel>
  <property name="startLine">23</property>
  <property name="stepIndex">2</property>
</record>
<record>
  <date>2020-04-04T12:09:32</date>
  <millis>1585991372477</millis>
  <sequence>24</sequence>
  <level>END</level>
  <class>com.kms.katalon.core.logging.XmlKeywordLogger</class>
  <method>endKeyword</method>
  <thread>1</thread>
  <message>End action : body = \n{\n   \r\n    \&amp;quot;fields\&amp;quot;:{\n      \r\n       \&amp;quot;project\&amp;quot;:\r\n      {\n         \r\n          \&amp;quot;key\&amp;quot;:\&amp;quot;$projectKey\&amp;quot;         \r\n\n      },\n      \r\n       \&amp;quot;summary\&amp;quot;:\&amp;quot;$summary\&amp;quot;,\n      \r\n       \&amp;quot;description\&amp;quot;:\&amp;quot;$description\&amp;quot;,\n      \r\n       \&amp;quot;customfield_10107\&amp;quot;:{\n         \&amp;quot;value\&amp;quot;:\&amp;quot;$typeOfBug\&amp;quot;\n      },\n      \r\n       \&amp;quot;customfield_10113\&amp;quot;:[\n         {\n            \&amp;quot;value\&amp;quot;:\&amp;quot;$relevantPlatform\&amp;quot;\n         }\n      ],\n      \r\n       \&amp;quot;customfield_10114\&amp;quot;:\&amp;quot;$foundInBuild\&amp;quot;,\n      \r\n       \&amp;quot;customfield_10102\&amp;quot;:{\n         \r\n      \&amp;quot;value\&amp;quot;:\&amp;quot;$bugType\&amp;quot;\r\n\n      },\n      \r\n        \&amp;quot;assignee\&amp;quot;:{\&amp;quot;name\&amp;quot;:\&amp;quot;$assignee\&amp;quot;\r\n},\n                \&amp;quot;reporter\&amp;quot;:{\n         \r\n      \&amp;quot;name\&amp;quot;:\&amp;quot;$reporter\&amp;quot;\r\n\n      },\n      \r\n    \&amp;quot;components\&amp;quot;:[\n         \r\n         {\n            \r\n        \&amp;quot;name\&amp;quot;:\&amp;quot;$component\&amp;quot;\r\n\n         }         \r\n\n      ],\n      \r\n    \&amp;quot;versions\&amp;quot;:[\n         \r\n         {\n            \r\n        \&amp;quot;name\&amp;quot;:\&amp;quot;$version\&amp;quot;\r\n\n         }         \r\n\n      ],\n      \r\n          \&amp;quot;priority\&amp;quot;:{\n         \r\n      \&amp;quot;name\&amp;quot;:\&amp;quot;$priority\&amp;quot;\r\n\n      },\n      \r\n       \&amp;quot;issuetype\&amp;quot;:{\n         \r\n          \&amp;quot;name\&amp;quot;:\&amp;quot;$issueType\&amp;quot; \r\n\n      }      \r\n\n   }   \r\n\n}\r\n\n</message>
  <nestedLevel>1</nestedLevel>
</record>
<record>
  <date>2020-04-04T12:09:32</date>
  <millis>1585991372478</millis>
  <sequence>25</sequence>
  <level>START</level>
  <class>com.kms.katalon.core.logging.XmlKeywordLogger</class>
  <method>startKeyword</method>
  <thread>1</thread>
  <message>Start action : callTestCase(findTestCase(\&amp;quot;Issue/Create_Issue\&amp;quot;), [\&amp;quot;body\&amp;quot;:body], STOP_ON_FAILURE)</message>
  <nestedLevel>1</nestedLevel>
  <property name="startLine">68</property>
  <property name="stepIndex">3</property>
</record>
<record>
  <date>2020-04-04T12:09:32</date>
  <millis>1585991372572</millis>
  <sequence>28</sequence>
  <level>START</level>
  <class>com.kms.katalon.core.logging.XmlKeywordLogger</class>
  <method>startTest</method>
  <thread>1</thread>
  <message>Start Test Case : Test Cases/Issue/Create_Issue</message>
  <nestedLevel>2</nestedLevel>
  <property name="name">Test Cases/Issue/Create_Issue</property>
  <property name="description"></property>
  <property name="id">Test Cases/Issue/Create_Issue</property>
  <property name="source">\\Users\\michaelshechter\\git\\Katalon_JIRA_REST\\Test Cases\\Issue\\Create_Issue.tc</property>
  <property name="tag"></property>
  <property name="isOptional">false</property>
</record>
<record>
  <date>2020-04-04T12:09:32</date>
  <millis>1585991372579</millis>
  <sequence>30</sequence>
  <level>INFO</level>
  <class>com.kms.katalon.core.logging.XmlKeywordLogger</class>
  <method>logMessage</method>
  <thread>1</thread>
  <message>body = \n{\n   \r\n    \&amp;quot;fields\&amp;quot;:{\n      \r\n       \&amp;quot;project\&amp;quot;:\r\n      {\n         \r\n          \&amp;quot;key\&amp;quot;:\&amp;quot;\&amp;quot;         \r\n\n      },\n      \r\n       \&amp;quot;summary\&amp;quot;:\&amp;quot;\&amp;quot;,\n      \r\n       \&amp;quot;description\&amp;quot;:\&amp;quot;\&amp;quot;,\n      \r\n       \&amp;quot;customfield_10107\&amp;quot;:{\n         \&amp;quot;value\&amp;quot;:\&amp;quot;\&amp;quot;\n      },\n      \r\n       \&amp;quot;customfield_10113\&amp;quot;:[\n         {\n            \&amp;quot;value\&amp;quot;:\&amp;quot;\&amp;quot;\n         }\n      ],\n      \r\n       \&amp;quot;customfield_10114\&amp;quot;:\&amp;quot;\&amp;quot;,\n      \r\n       \&amp;quot;customfield_10102\&amp;quot;:{\n         \r\n      \&amp;quot;value\&amp;quot;:\&amp;quot;\&amp;quot;\r\n\n      },\n      \r\n        \&amp;quot;assignee\&amp;quot;:{\&amp;quot;name\&amp;quot;:\&amp;quot;\&amp;quot;\r\n},\n                \&amp;quot;reporter\&amp;quot;:{\n         \r\n      \&amp;quot;name\&amp;quot;:\&amp;quot;\&amp;quot;\r\n\n      },\n      \r\n    \&amp;quot;components\&amp;quot;:[\n         \r\n         {\n            \r\n        \&amp;quot;name\&amp;quot;:\&amp;quot;\&amp;quot;\r\n\n         }         \r\n\n      ],\n      \r\n    \&amp;quot;versions\&amp;quot;:[\n         \r\n         {\n            \r\n        \&amp;quot;name\&amp;quot;:\&amp;quot;\&amp;quot;\r\n\n         }         \r\n\n      ],\n      \r\n          \&amp;quot;priority\&amp;quot;:{\n         \r\n      \&amp;quot;name\&amp;quot;:\&amp;quot;\&amp;quot;\r\n\n      },\n      \r\n       \&amp;quot;issuetype\&amp;quot;:{\n         \r\n          \&amp;quot;name\&amp;quot;:\&amp;quot;\&amp;quot; \r\n\n      }      \r\n\n   }   \r\n\n}\r\n\n</message>
  <nestedLevel>2</nestedLevel>
</record>
<record>
  <date>2020-04-04T12:09:32</date>
  <millis>1585991372689</millis>
  <sequence>31</sequence>
  <level>START</level>
  <class>com.kms.katalon.core.logging.XmlKeywordLogger</class>
  <method>startKeyword</method>
  <thread>1</thread>
  <message>Start action : slurper = new groovy.json.JsonSlurper()</message>
  <nestedLevel>1</nestedLevel>
  <property name="startLine">18</property>
  <property name="stepIndex">1</property>
</record>
<record>
  <date>2020-04-04T12:09:32</date>
  <millis>1585991372693</millis>
  <sequence>32</sequence>
  <level>END</level>
  <class>com.kms.katalon.core.logging.XmlKeywordLogger</class>
  <method>endKeyword</method>
  <thread>1</thread>
  <message>End action : slurper = new groovy.json.JsonSlurper()</message>
  <nestedLevel>1</nestedLevel>
</record>
<record>
  <date>2020-04-04T12:09:32</date>
  <millis>1585991372693</millis>
  <sequence>33</sequence>
  <level>START</level>
  <class>com.kms.katalon.core.logging.XmlKeywordLogger</class>
  <method>startKeyword</method>
  <thread>1</thread>
  <message>Start action : createIssueRequest = findTestObject(\&amp;quot;REST/Issue/CreateIssue\&amp;quot;)</message>
  <nestedLevel>1</nestedLevel>
  <property name="startLine">21</property>
  <property name="stepIndex">2</property>
</record>
<record>
  <date>2020-04-04T12:09:32</date>
  <millis>1585991372848</millis>
  <sequence>35</sequence>
  <level>END</level>
  <class>com.kms.katalon.core.logging.XmlKeywordLogger</class>
  <method>endKeyword</method>
  <thread>1</thread>
  <message>End action : createIssueRequest = findTestObject(\&amp;quot;REST/Issue/CreateIssue\&amp;quot;)</message>
  <nestedLevel>1</nestedLevel>
</record>
<record>
  <date>2020-04-04T12:09:32</date>
  <millis>1585991372848</millis>
  <sequence>36</sequence>
  <level>START</level>
  <class>com.kms.katalon.core.logging.XmlKeywordLogger</class>
  <method>startKeyword</method>
  <thread>1</thread>
  <message>Start action : try</message>
  <nestedLevel>1</nestedLevel>
  <property name="startLine">23</property>
  <property name="stepIndex">3</property>
</record>
<record>
  <date>2020-04-04T12:09:32</date>
  <millis>1585991372849</millis>
  <sequence>37</sequence>
  <level>START</level>
  <class>com.kms.katalon.core.logging.XmlKeywordLogger</class>
  <method>startKeyword</method>
  <thread>1</thread>
  <message>Start action : createIssueRequest.setBodyContent(new com.kms.katalon.core.testobject.impl.HttpTextBodyContent(body, UTF-8, application/json))</message>
  <nestedLevel>2</nestedLevel>
  <property name="startLine">26</property>
  <property name="stepIndex">1</property>
</record>
<record>
  <date>2020-04-04T12:09:32</date>
  <millis>1585991372852</millis>
  <sequence>38</sequence>
  <level>END</level>
  <class>com.kms.katalon.core.logging.XmlKeywordLogger</class>
  <method>endKeyword</method>
  <thread>1</thread>
  <message>End action : createIssueRequest.setBodyContent(new com.kms.katalon.core.testobject.impl.HttpTextBodyContent(body, UTF-8, application/json))</message>
  <nestedLevel>2</nestedLevel>
</record>
<record>
  <date>2020-04-04T12:09:32</date>
  <millis>1585991372853</millis>
  <sequence>39</sequence>
  <level>START</level>
  <class>com.kms.katalon.core.logging.XmlKeywordLogger</class>
  <method>startKeyword</method>
  <thread>1</thread>
  <message>Start action : println(createIssueRequest)</message>
  <nestedLevel>2</nestedLevel>
  <property name="startLine">28</property>
  <property name="stepIndex">2</property>
</record>
<record>
  <date>2020-04-04T12:09:32</date>
  <millis>1585991372855</millis>
  <sequence>40</sequence>
  <level>END</level>
  <class>com.kms.katalon.core.logging.XmlKeywordLogger</class>
  <method>endKeyword</method>
  <thread>1</thread>
  <message>End action : println(createIssueRequest)</message>
  <nestedLevel>2</nestedLevel>
</record>
<record>
  <date>2020-04-04T12:09:32</date>
  <millis>1585991372856</millis>
  <sequence>41</sequence>
  <level>END</level>
  <class>com.kms.katalon.core.logging.XmlKeywordLogger</class>
  <method>endKeyword</method>
  <thread>1</thread>
  <message>End action : try</message>
  <nestedLevel>1</nestedLevel>
</record>
<record>
  <date>2020-04-04T12:09:32</date>
  <millis>1585991372856</millis>
  <sequence>42</sequence>
  <level>START</level>
  <class>com.kms.katalon.core.logging.XmlKeywordLogger</class>
  <method>startKeyword</method>
  <thread>1</thread>
  <message>Start action : response = sendRequest(createIssueRequest)</message>
  <nestedLevel>1</nestedLevel>
  <property name="startLine">36</property>
  <property name="stepIndex">6</property>
</record>
<record>
  <date>2020-04-04T12:09:35</date>
  <millis>1585991375947</millis>
  <sequence>44</sequence>
  <level>INFO</level>
  <class>com.kms.katalon.core.logging.XmlKeywordLogger</class>
  <method>logMessage</method>
  <thread>1</thread>
  <message>HAR: /Users/michaelshechter/git/Katalon_JIRA_REST/Reports/20200404_120917/CreateIssue/20200404_120917/requests/main/0.har</message>
  <nestedLevel>2</nestedLevel>
  <property name="harId">343e0f6c-b587-4fd7-88f6-a2f5a63a68b8</property>
</record>
<record>
  <date>2020-04-04T12:09:36</date>
  <millis>1585991376005</millis>
  <sequence>45</sequence>
  <level>PASSED</level>
  <class>com.kms.katalon.core.logging.XmlKeywordLogger</class>
  <method>logMessage</method>
  <thread>1</thread>
  <message>Send request successfully</message>
  <nestedLevel>2</nestedLevel>
</record>
<record>
  <date>2020-04-04T12:09:36</date>
  <millis>1585991376005</millis>
  <sequence>46</sequence>
  <level>END</level>
  <class>com.kms.katalon.core.logging.XmlKeywordLogger</class>
  <method>endKeyword</method>
  <thread>1</thread>
  <message>End action : response = sendRequest(createIssueRequest)</message>
  <nestedLevel>1</nestedLevel>
</record>
<record>
  <date>2020-04-04T12:09:36</date>
  <millis>1585991376005</millis>
  <sequence>47</sequence>
  <level>START</level>
  <class>com.kms.katalon.core.logging.XmlKeywordLogger</class>
  <method>startKeyword</method>
  <thread>1</thread>
  <message>Start action : println(response)</message>
  <nestedLevel>1</nestedLevel>
  <property name="startLine">37</property>
  <property name="stepIndex">7</property>
</record>
<record>
  <date>2020-04-04T12:09:36</date>
  <millis>1585991376006</millis>
  <sequence>48</sequence>
  <level>END</level>
  <class>com.kms.katalon.core.logging.XmlKeywordLogger</class>
  <method>endKeyword</method>
  <thread>1</thread>
  <message>End action : println(response)</message>
  <nestedLevel>1</nestedLevel>
</record>
<record>
  <date>2020-04-04T12:09:36</date>
  <millis>1585991376006</millis>
  <sequence>49</sequence>
  <level>START</level>
  <class>com.kms.katalon.core.logging.XmlKeywordLogger</class>
  <method>startKeyword</method>
  <thread>1</thread>
  <message>Start action : response = slurper.parseText(response.getResponseBodyContent())</message>
  <nestedLevel>1</nestedLevel>
  <property name="startLine">39</property>
  <property name="stepIndex">8</property>
</record>
<record>
  <date>2020-04-04T12:09:36</date>
  <millis>1585991376015</millis>
  <sequence>50</sequence>
  <level>END</level>
  <class>com.kms.katalon.core.logging.XmlKeywordLogger</class>
  <method>endKeyword</method>
  <thread>1</thread>
  <message>End action : response = slurper.parseText(response.getResponseBodyContent())</message>
  <nestedLevel>1</nestedLevel>
</record>
<record>
  <date>2020-04-04T12:09:36</date>
  <millis>1585991376015</millis>
  <sequence>51</sequence>
  <level>PASSED</level>
  <class>com.kms.katalon.core.logging.XmlKeywordLogger</class>
  <method>logMessage</method>
  <thread>1</thread>
  <message>Test Cases/Issue/Create_Issue</message>
  <nestedLevel>2</nestedLevel>
</record>
<record>
  <date>2020-04-04T12:09:36</date>
  <millis>1585991376015</millis>
  <sequence>52</sequence>
  <level>END</level>
  <class>com.kms.katalon.core.logging.XmlKeywordLogger</class>
  <method>endTest</method>
  <thread>1</thread>
  <message>End Test Case : Test Cases/Issue/Create_Issue</message>
  <nestedLevel>1</nestedLevel>
</record>
<record>
  <date>2020-04-04T12:09:36</date>
  <millis>1585991376017</millis>
  <sequence>53</sequence>
  <level>PASSED</level>
  <class>com.kms.katalon.core.logging.XmlKeywordLogger</class>
  <method>logMessage</method>
  <thread>1</thread>
  <message>Call Test Case &amp;apos;Test Cases/Issue/Create_Issue&amp;apos; successfully</message>
  <nestedLevel>1</nestedLevel>
</record>
<record>
  <date>2020-04-04T12:09:36</date>
  <millis>1585991376018</millis>
  <sequence>54</sequence>
  <level>END</level>
  <class>com.kms.katalon.core.logging.XmlKeywordLogger</class>
  <method>endKeyword</method>
  <thread>1</thread>
  <message>End action : callTestCase(findTestCase(\&amp;quot;Issue/Create_Issue\&amp;quot;), [\&amp;quot;body\&amp;quot;:body], STOP_ON_FAILURE)</message>
  <nestedLevel>1</nestedLevel>
</record>
<record>
  <date>2020-04-04T12:09:36</date>
  <millis>1585991376018</millis>
  <sequence>55</sequence>
  <level>START</level>
  <class>com.kms.katalon.core.logging.XmlKeywordLogger</class>
  <method>startKeyword</method>
  <thread>1</thread>
  <message>Start action : println(response)</message>
  <nestedLevel>1</nestedLevel>
  <property name="startLine">70</property>
  <property name="stepIndex">4</property>
</record>
<record>
  <date>2020-04-04T12:09:36</date>
  <millis>1585991376020</millis>
  <sequence>56</sequence>
  <level>END</level>
  <class>com.kms.katalon.core.logging.XmlKeywordLogger</class>
  <method>endKeyword</method>
  <thread>1</thread>
  <message>End action : println(response)</message>
  <nestedLevel>1</nestedLevel>
</record>
<record>
  <date>2020-04-04T12:09:36</date>
  <millis>1585991376020</millis>
  <sequence>57</sequence>
  <level>START</level>
  <class>com.kms.katalon.core.logging.XmlKeywordLogger</class>
  <method>startKeyword</method>
  <thread>1</thread>
  <message>Start action : issueKey = key</message>
  <nestedLevel>1</nestedLevel>
  <property name="startLine">72</property>
  <property name="stepIndex">5</property>
</record>
<record>
  <date>2020-04-04T12:09:36</date>
  <millis>1585991376023</millis>
  <sequence>58</sequence>
  <level>END</level>
  <class>com.kms.katalon.core.logging.XmlKeywordLogger</class>
  <method>endKeyword</method>
  <thread>1</thread>
  <message>End action : issueKey = key</message>
  <nestedLevel>1</nestedLevel>
</record>
<record>
  <date>2020-04-04T12:09:36</date>
  <millis>1585991376023</millis>
  <sequence>59</sequence>
  <level>START</level>
  <class>com.kms.katalon.core.logging.XmlKeywordLogger</class>
  <method>startKeyword</method>
  <thread>1</thread>
  <message>Start action : id = id</message>
  <nestedLevel>1</nestedLevel>
  <property name="startLine">73</property>
  <property name="stepIndex">6</property>
</record>
<record>
  <date>2020-04-04T12:09:36</date>
  <millis>1585991376023</millis>
  <sequence>60</sequence>
  <level>END</level>
  <class>com.kms.katalon.core.logging.XmlKeywordLogger</class>
  <method>endKeyword</method>
  <thread>1</thread>
  <message>End action : id = id</message>
  <nestedLevel>1</nestedLevel>
</record>
<record>
  <date>2020-04-04T12:09:36</date>
  <millis>1585991376023</millis>
  <sequence>61</sequence>
  <level>START</level>
  <class>com.kms.katalon.core.logging.XmlKeywordLogger</class>
  <method>startKeyword</method>
  <thread>1</thread>
  <message>Start action : println(issue key = $issueKey | key = $id)</message>
  <nestedLevel>1</nestedLevel>
  <property name="startLine">74</property>
  <property name="stepIndex">7</property>
</record>
<record>
  <date>2020-04-04T12:09:36</date>
  <millis>1585991376026</millis>
  <sequence>62</sequence>
  <level>END</level>
  <class>com.kms.katalon.core.logging.XmlKeywordLogger</class>
  <method>endKeyword</method>
  <thread>1</thread>
  <message>End action : println(issue key = $issueKey | key = $id)</message>
  <nestedLevel>1</nestedLevel>
</record>
<record>
  <date>2020-04-04T12:09:36</date>
  <millis>1585991376026</millis>
  <sequence>63</sequence>
  <level>START</level>
  <class>com.kms.katalon.core.logging.XmlKeywordLogger</class>
  <method>startKeyword</method>
  <thread>1</thread>
  <message>Start action : callTestCase(findTestCase(\&amp;quot;Issue/getTransition\&amp;quot;), [\&amp;quot;issueKey\&amp;quot;:issueKey], STOP_ON_FAILURE)</message>
  <nestedLevel>1</nestedLevel>
  <property name="startLine">79</property>
  <property name="stepIndex">8</property>
</record>
<record>
  <date>2020-04-04T12:09:36</date>
  <millis>1585991376087</millis>
  <sequence>66</sequence>
  <level>START</level>
  <class>com.kms.katalon.core.logging.XmlKeywordLogger</class>
  <method>startTest</method>
  <thread>1</thread>
  <message>Start Test Case : Test Cases/Issue/getTransition</message>
  <nestedLevel>2</nestedLevel>
  <property name="name">Test Cases/Issue/getTransition</property>
  <property name="description"></property>
  <property name="id">Test Cases/Issue/getTransition</property>
  <property name="source">\\Users\\michaelshechter\\git\\Katalon_JIRA_REST\\Test Cases\\Issue\\getTransition.tc</property>
  <property name="tag"></property>
  <property name="isOptional">false</property>
</record>
<record>
  <date>2020-04-04T12:09:36</date>
  <millis>1585991376093</millis>
  <sequence>68</sequence>
  <level>INFO</level>
  <class>com.kms.katalon.core.logging.XmlKeywordLogger</class>
  <method>logMessage</method>
  <thread>1</thread>
  <message>issueKey = null</message>
  <nestedLevel>2</nestedLevel>
</record>
<record>
  <date>2020-04-04T12:09:36</date>
  <millis>1585991376185</millis>
  <sequence>69</sequence>
  <level>START</level>
  <class>com.kms.katalon.core.logging.XmlKeywordLogger</class>
  <method>startKeyword</method>
  <thread>1</thread>
  <message>Start action : slurper = new groovy.json.JsonSlurper()</message>
  <nestedLevel>1</nestedLevel>
  <property name="startLine">19</property>
  <property name="stepIndex">1</property>
</record>
<record>
  <date>2020-04-04T12:09:36</date>
  <millis>1585991376186</millis>
  <sequence>70</sequence>
  <level>END</level>
  <class>com.kms.katalon.core.logging.XmlKeywordLogger</class>
  <method>endKeyword</method>
  <thread>1</thread>
  <message>End action : slurper = new groovy.json.JsonSlurper()</message>
  <nestedLevel>1</nestedLevel>
</record>
<record>
  <date>2020-04-04T12:09:36</date>
  <millis>1585991376186</millis>
  <sequence>71</sequence>
  <level>START</level>
  <class>com.kms.katalon.core.logging.XmlKeywordLogger</class>
  <method>startKeyword</method>
  <thread>1</thread>
  <message>Start action : println(\&amp;quot;###  in getTransition testCase\&amp;quot;)</message>
  <nestedLevel>1</nestedLevel>
  <property name="startLine">20</property>
  <property name="stepIndex">2</property>
</record>
<record>
  <date>2020-04-04T12:09:36</date>
  <millis>1585991376187</millis>
  <sequence>72</sequence>
  <level>END</level>
  <class>com.kms.katalon.core.logging.XmlKeywordLogger</class>
  <method>endKeyword</method>
  <thread>1</thread>
  <message>End action : println(\&amp;quot;###  in getTransition testCase\&amp;quot;)</message>
  <nestedLevel>1</nestedLevel>
</record>
<record>
  <date>2020-04-04T12:09:36</date>
  <millis>1585991376187</millis>
  <sequence>73</sequence>
  <level>START</level>
  <class>com.kms.katalon.core.logging.XmlKeywordLogger</class>
  <method>startKeyword</method>
  <thread>1</thread>
  <message>Start action : println(issueKey)</message>
  <nestedLevel>1</nestedLevel>
  <property name="startLine">21</property>
  <property name="stepIndex">3</property>
</record>
<record>
  <date>2020-04-04T12:09:36</date>
  <millis>1585991376187</millis>
  <sequence>74</sequence>
  <level>END</level>
  <class>com.kms.katalon.core.logging.XmlKeywordLogger</class>
  <method>endKeyword</method>
  <thread>1</thread>
  <message>End action : println(issueKey)</message>
  <nestedLevel>1</nestedLevel>
</record>
<record>
  <date>2020-04-04T12:09:36</date>
  <millis>1585991376188</millis>
  <sequence>75</sequence>
  <level>START</level>
  <class>com.kms.katalon.core.logging.XmlKeywordLogger</class>
  <method>startKeyword</method>
  <thread>1</thread>
  <message>Start action : getTransitionRequest = findTestObject(\&amp;quot;REST/Issue/GetTransition\&amp;quot;)</message>
  <nestedLevel>1</nestedLevel>
  <property name="startLine">23</property>
  <property name="stepIndex">4</property>
</record>
<record>
  <date>2020-04-04T12:09:36</date>
  <millis>1585991376247</millis>
  <sequence>77</sequence>
  <level>END</level>
  <class>com.kms.katalon.core.logging.XmlKeywordLogger</class>
  <method>endKeyword</method>
  <thread>1</thread>
  <message>End action : getTransitionRequest = findTestObject(\&amp;quot;REST/Issue/GetTransition\&amp;quot;)</message>
  <nestedLevel>1</nestedLevel>
</record>
<record>
  <date>2020-04-04T12:09:36</date>
  <millis>1585991376248</millis>
  <sequence>78</sequence>
  <level>START</level>
  <class>com.kms.katalon.core.logging.XmlKeywordLogger</class>
  <method>startKeyword</method>
  <thread>1</thread>
  <message>Start action : try</message>
  <nestedLevel>1</nestedLevel>
  <property name="startLine">25</property>
  <property name="stepIndex">5</property>
</record>
<record>
  <date>2020-04-04T12:09:36</date>
  <millis>1585991376248</millis>
  <sequence>79</sequence>
  <level>START</level>
  <class>com.kms.katalon.core.logging.XmlKeywordLogger</class>
  <method>startKeyword</method>
  <thread>1</thread>
  <message>Start action : println(getTransitionRequest)</message>
  <nestedLevel>2</nestedLevel>
  <property name="startLine">29</property>
  <property name="stepIndex">1</property>
</record>
<record>
  <date>2020-04-04T12:09:36</date>
  <millis>1585991376249</millis>
  <sequence>80</sequence>
  <level>END</level>
  <class>com.kms.katalon.core.logging.XmlKeywordLogger</class>
  <method>endKeyword</method>
  <thread>1</thread>
  <message>End action : println(getTransitionRequest)</message>
  <nestedLevel>2</nestedLevel>
</record>
<record>
  <date>2020-04-04T12:09:36</date>
  <millis>1585991376249</millis>
  <sequence>81</sequence>
  <level>END</level>
  <class>com.kms.katalon.core.logging.XmlKeywordLogger</class>
  <method>endKeyword</method>
  <thread>1</thread>
  <message>End action : try</message>
  <nestedLevel>1</nestedLevel>
</record>
<record>
  <date>2020-04-04T12:09:36</date>
  <millis>1585991376249</millis>
  <sequence>82</sequence>
  <level>START</level>
  <class>com.kms.katalon.core.logging.XmlKeywordLogger</class>
  <method>startKeyword</method>
  <thread>1</thread>
  <message>Start action : getTransitionRequest.setRestUrl(https://$GlobalVariable.URL/issue/$issueKey/transitions)</message>
  <nestedLevel>1</nestedLevel>
  <property name="startLine">35</property>
  <property name="stepIndex">8</property>
</record>
<record>
  <date>2020-04-04T12:09:36</date>
  <millis>1585991376250</millis>
  <sequence>83</sequence>
  <level>END</level>
  <class>com.kms.katalon.core.logging.XmlKeywordLogger</class>
  <method>endKeyword</method>
  <thread>1</thread>
  <message>End action : getTransitionRequest.setRestUrl(https://$GlobalVariable.URL/issue/$issueKey/transitions)</message>
  <nestedLevel>1</nestedLevel>
</record>
<record>
  <date>2020-04-04T12:09:36</date>
  <millis>1585991376250</millis>
  <sequence>84</sequence>
  <level>START</level>
  <class>com.kms.katalon.core.logging.XmlKeywordLogger</class>
  <method>startKeyword</method>
  <thread>1</thread>
  <message>Start action : response = sendRequest(getTransitionRequest)</message>
  <nestedLevel>1</nestedLevel>
  <property name="startLine">36</property>
  <property name="stepIndex">9</property>
</record>
<record>
  <date>2020-04-04T12:09:37</date>
  <millis>1585991377414</millis>
  <sequence>86</sequence>
  <level>INFO</level>
  <class>com.kms.katalon.core.logging.XmlKeywordLogger</class>
  <method>logMessage</method>
  <thread>1</thread>
  <message>HAR: /Users/michaelshechter/git/Katalon_JIRA_REST/Reports/20200404_120917/CreateIssue/20200404_120917/requests/main/1.har</message>
  <nestedLevel>2</nestedLevel>
  <property name="harId">e6c4b637-a638-49d1-9fe2-dd2e90e14e9c</property>
</record>
<record>
  <date>2020-04-04T12:09:37</date>
  <millis>1585991377415</millis>
  <sequence>87</sequence>
  <level>PASSED</level>
  <class>com.kms.katalon.core.logging.XmlKeywordLogger</class>
  <method>logMessage</method>
  <thread>1</thread>
  <message>Send request successfully</message>
  <nestedLevel>2</nestedLevel>
</record>
<record>
  <date>2020-04-04T12:09:37</date>
  <millis>1585991377416</millis>
  <sequence>88</sequence>
  <level>END</level>
  <class>com.kms.katalon.core.logging.XmlKeywordLogger</class>
  <method>endKeyword</method>
  <thread>1</thread>
  <message>End action : response = sendRequest(getTransitionRequest)</message>
  <nestedLevel>1</nestedLevel>
</record>
<record>
  <date>2020-04-04T12:09:37</date>
  <millis>1585991377416</millis>
  <sequence>89</sequence>
  <level>START</level>
  <class>com.kms.katalon.core.logging.XmlKeywordLogger</class>
  <method>startKeyword</method>
  <thread>1</thread>
  <message>Start action : response = slurper.parseText(response.getResponseBodyContent())</message>
  <nestedLevel>1</nestedLevel>
  <property name="startLine">37</property>
  <property name="stepIndex">10</property>
</record>
<record>
  <date>2020-04-04T12:09:37</date>
  <millis>1585991377416</millis>
  <sequence>90</sequence>
  <level>END</level>
  <class>com.kms.katalon.core.logging.XmlKeywordLogger</class>
  <method>endKeyword</method>
  <thread>1</thread>
  <message>End action : response = slurper.parseText(response.getResponseBodyContent())</message>
  <nestedLevel>1</nestedLevel>
</record>
<record>
  <date>2020-04-04T12:09:37</date>
  <millis>1585991377416</millis>
  <sequence>91</sequence>
  <level>PASSED</level>
  <class>com.kms.katalon.core.logging.XmlKeywordLogger</class>
  <method>logMessage</method>
  <thread>1</thread>
  <message>Test Cases/Issue/getTransition</message>
  <nestedLevel>2</nestedLevel>
</record>
<record>
  <date>2020-04-04T12:09:37</date>
  <millis>1585991377416</millis>
  <sequence>92</sequence>
  <level>END</level>
  <class>com.kms.katalon.core.logging.XmlKeywordLogger</class>
  <method>endTest</method>
  <thread>1</thread>
  <message>End Test Case : Test Cases/Issue/getTransition</message>
  <nestedLevel>1</nestedLevel>
</record>
<record>
  <date>2020-04-04T12:09:37</date>
  <millis>1585991377416</millis>
  <sequence>93</sequence>
  <level>PASSED</level>
  <class>com.kms.katalon.core.logging.XmlKeywordLogger</class>
  <method>logMessage</method>
  <thread>1</thread>
  <message>Call Test Case &amp;apos;Test Cases/Issue/getTransition&amp;apos; successfully</message>
  <nestedLevel>1</nestedLevel>
</record>
<record>
  <date>2020-04-04T12:09:37</date>
  <millis>1585991377417</millis>
  <sequence>94</sequence>
  <level>END</level>
  <class>com.kms.katalon.core.logging.XmlKeywordLogger</class>
  <method>endKeyword</method>
  <thread>1</thread>
  <message>End action : callTestCase(findTestCase(\&amp;quot;Issue/getTransition\&amp;quot;), [\&amp;quot;issueKey\&amp;quot;:issueKey], STOP_ON_FAILURE)</message>
  <nestedLevel>1</nestedLevel>
</record>
<record>
  <date>2020-04-04T12:09:37</date>
  <millis>1585991377417</millis>
  <sequence>95</sequence>
  <level>START</level>
  <class>com.kms.katalon.core.logging.XmlKeywordLogger</class>
  <method>startKeyword</method>
  <thread>1</thread>
  <message>Start action : println(### get transition response from  controller  = $GlobalVariable.response  #####)</message>
  <nestedLevel>1</nestedLevel>
  <property name="startLine">80</property>
  <property name="stepIndex">9</property>
</record>
<record>
  <date>2020-04-04T12:09:37</date>
  <millis>1585991377417</millis>
  <sequence>96</sequence>
  <level>END</level>
  <class>com.kms.katalon.core.logging.XmlKeywordLogger</class>
  <method>endKeyword</method>
  <thread>1</thread>
  <message>End action : println(### get transition response from  controller  = $GlobalVariable.response  #####)</message>
  <nestedLevel>1</nestedLevel>
</record>
<record>
  <date>2020-04-04T12:09:37</date>
  <millis>1585991377417</millis>
  <sequence>97</sequence>
  <level>START</level>
  <class>com.kms.katalon.core.logging.XmlKeywordLogger</class>
  <method>startKeyword</method>
  <thread>1</thread>
  <message>Start action : transitions.each({ -&amp;gt; ... })</message>
  <nestedLevel>1</nestedLevel>
  <property name="startLine">82</property>
  <property name="stepIndex">10</property>
</record>
<record>
  <date>2020-04-04T12:09:37</date>
  <millis>1585991377419</millis>
  <sequence>98</sequence>
  <level>END</level>
  <class>com.kms.katalon.core.logging.XmlKeywordLogger</class>
  <method>endKeyword</method>
  <thread>1</thread>
  <message>End action : transitions.each({ -&amp;gt; ... })</message>
  <nestedLevel>1</nestedLevel>
</record>
<record>
  <date>2020-04-04T12:09:37</date>
  <millis>1585991377420</millis>
  <sequence>99</sequence>
  <level>START</level>
  <class>com.kms.katalon.core.logging.XmlKeywordLogger</class>
  <method>startKeyword</method>
  <thread>1</thread>
  <message>Start action : println(response)</message>
  <nestedLevel>1</nestedLevel>
  <property name="startLine">84</property>
  <property name="stepIndex">11</property>
</record>
<record>
  <date>2020-04-04T12:09:37</date>
  <millis>1585991377420</millis>
  <sequence>100</sequence>
  <level>END</level>
  <class>com.kms.katalon.core.logging.XmlKeywordLogger</class>
  <method>endKeyword</method>
  <thread>1</thread>
  <message>End action : println(response)</message>
  <nestedLevel>1</nestedLevel>
</record>
<record>
  <date>2020-04-04T12:09:37</date>
  <millis>1585991377420</millis>
  <sequence>101</sequence>
  <level>START</level>
  <class>com.kms.katalon.core.logging.XmlKeywordLogger</class>
  <method>startKeyword</method>
  <thread>1</thread>
  <message>Start action : requriedTransitionName = \&amp;quot;In Progress\&amp;quot;</message>
  <nestedLevel>1</nestedLevel>
  <property name="startLine">86</property>
  <property name="stepIndex">12</property>
</record>
<record>
  <date>2020-04-04T12:09:37</date>
  <millis>1585991377420</millis>
  <sequence>102</sequence>
  <level>END</level>
  <class>com.kms.katalon.core.logging.XmlKeywordLogger</class>
  <method>endKeyword</method>
  <thread>1</thread>
  <message>End action : requriedTransitionName = \&amp;quot;In Progress\&amp;quot;</message>
  <nestedLevel>1</nestedLevel>
</record>
<record>
  <date>2020-04-04T12:09:37</date>
  <millis>1585991377421</millis>
  <sequence>103</sequence>
  <level>START</level>
  <class>com.kms.katalon.core.logging.XmlKeywordLogger</class>
  <method>startKeyword</method>
  <thread>1</thread>
  <message>Start action : transitionId = id</message>
  <nestedLevel>1</nestedLevel>
  <property name="startLine">88</property>
  <property name="stepIndex">13</property>
</record>
<record>
  <date>2020-04-04T12:09:37</date>
  <millis>1585991377422</millis>
  <sequence>104</sequence>
  <level>END</level>
  <class>com.kms.katalon.core.logging.XmlKeywordLogger</class>
  <method>endKeyword</method>
  <thread>1</thread>
  <message>End action : transitionId = id</message>
  <nestedLevel>1</nestedLevel>
</record>
<record>
  <date>2020-04-04T12:09:37</date>
  <millis>1585991377429</millis>
  <sequence>106</sequence>
  <level>ERROR</level>
  <class>com.kms.katalon.core.logging.XmlKeywordLogger</class>
  <method>logMessage</method>
  <thread>1</thread>
  <message>Test Cases/Issue/Controller FAILED.\nReason:\njava.lang.NullPointerException: Cannot get property &amp;apos;id&amp;apos; on null object\n\tat Controller.run(Controller:88)\n\tat com.kms.katalon.core.main.ScriptEngine.run(ScriptEngine.java:194)\n\tat com.kms.katalon.core.main.ScriptEngine.runScriptAsRawText(ScriptEngine.java:119)\n\tat com.kms.katalon.core.main.TestCaseExecutor.runScript(TestCaseExecutor.java:337)\n\tat com.kms.katalon.core.main.TestCaseExecutor.doExecute(TestCaseExecutor.java:328)\n\tat com.kms.katalon.core.main.TestCaseExecutor.processExecutionPhase(TestCaseExecutor.java:307)\n\tat com.kms.katalon.core.main.TestCaseExecutor.accessMainPhase(TestCaseExecutor.java:299)\n\tat com.kms.katalon.core.main.TestCaseExecutor.execute(TestCaseExecutor.java:233)\n\tat com.kms.katalon.core.main.TestSuiteExecutor.accessTestCaseMainPhase(TestSuiteExecutor.java:169)\n\tat com.kms.katalon.core.main.TestSuiteExecutor.accessTestSuiteMainPhase(TestSuiteExecutor.java:142)\n\tat com.kms.katalon.core.main.TestSuiteExecutor.execute(TestSuiteExecutor.java:91)\n\tat com.kms.katalon.core.main.TestCaseMain.startTestSuite(TestCaseMain.java:157)\n\tat com.kms.katalon.core.main.TestCaseMain$startTestSuite$0.call(Unknown Source)\n\tat TempTestSuite1585991367026.run(TempTestSuite1585991367026.groovy:36)\n</message>
  <exception>
    <message>java.lang.NullPointerException: Cannot get property 'id' on null object</message>
    <frame>
      <class>Controller</class>
      <method>run</method>
      <line>88</line>
    </frame>
    <frame>
      <class>com.kms.katalon.core.main.ScriptEngine</class>
      <method>run</method>
      <line>194</line>
    </frame>
    <frame>
      <class>com.kms.katalon.core.main.ScriptEngine</class>
      <method>runScriptAsRawText</method>
      <line>119</line>
    </frame>
    <frame>
      <class>com.kms.katalon.core.main.TestCaseExecutor</class>
      <method>runScript</method>
      <line>337</line>
    </frame>
    <frame>
      <class>com.kms.katalon.core.main.TestCaseExecutor</class>
      <method>doExecute</method>
      <line>328</line>
    </frame>
    <frame>
      <class>com.kms.katalon.core.main.TestCaseExecutor</class>
      <method>processExecutionPhase</method>
      <line>307</line>
    </frame>
    <frame>
      <class>com.kms.katalon.core.main.TestCaseExecutor</class>
      <method>accessMainPhase</method>
      <line>299</line>
    </frame>
    <frame>
      <class>com.kms.katalon.core.main.TestCaseExecutor</class>
      <method>execute</method>
      <line>233</line>
    </frame>
    <frame>
      <class>com.kms.katalon.core.main.TestSuiteExecutor</class>
      <method>accessTestCaseMainPhase</method>
      <line>169</line>
    </frame>
    <frame>
      <class>com.kms.katalon.core.main.TestSuiteExecutor</class>
      <method>accessTestSuiteMainPhase</method>
      <line>142</line>
    </frame>
    <frame>
      <class>com.kms.katalon.core.main.TestSuiteExecutor</class>
      <method>execute</method>
      <line>91</line>
    </frame>
    <frame>
      <class>com.kms.katalon.core.main.TestCaseMain</class>
      <method>startTestSuite</method>
      <line>157</line>
    </frame>
    <frame>
      <class>com.kms.katalon.core.main.TestCaseMain$startTestSuite$0</class>
      <method>call</method>
    </frame>
    <frame>
      <class>TempTestSuite1585991367026</class>
      <method>run</method>
      <line>36</line>
    </frame>
  </exception>
  <nestedLevel>0</nestedLevel>
  <property name="failed.exception.stacktrace">java.lang.NullPointerException: Cannot get property &apos;id&apos; on null object\n\tat Controller.run(Controller:88)\n\tat com.kms.katalon.core.main.ScriptEngine.run(ScriptEngine.java:194)\n\tat com.kms.katalon.core.main.ScriptEngine.runScriptAsRawText(ScriptEngine.java:119)\n\tat com.kms.katalon.core.main.TestCaseExecutor.runScript(TestCaseExecutor.java:337)\n\tat com.kms.katalon.core.main.TestCaseExecutor.doExecute(TestCaseExecutor.java:328)\n\tat com.kms.katalon.core.main.TestCaseExecutor.processExecutionPhase(TestCaseExecutor.java:307)\n\tat com.kms.katalon.core.main.TestCaseExecutor.accessMainPhase(TestCaseExecutor.java:299)\n\tat com.kms.katalon.core.main.TestCaseExecutor.execute(TestCaseExecutor.java:233)\n\tat com.kms.katalon.core.main.TestSuiteExecutor.accessTestCaseMainPhase(TestSuiteExecutor.java:169)\n\tat com.kms.katalon.core.main.TestSuiteExecutor.accessTestSuiteMainPhase(TestSuiteExecutor.java:142)\n\tat com.kms.katalon.core.main.TestSuiteExecutor.execute(TestSuiteExecutor.java:91)\n\tat com.kms.katalon.core.main.TestCaseMain.startTestSuite(TestCaseMain.java:157)\n\tat com.kms.katalon.core.main.TestCaseMain$startTestSuite$0.call(Unknown Source)\n\tat TempTestSuite1585991367026.run(TempTestSuite1585991367026.groovy:36)\n</property>
  <property name="failed.exception.class">java.lang.NullPointerException</property>
  <property name="failed.exception.message">Cannot get property &apos;id&apos; on null object</property>
</record>
<record>
  <date>2020-04-04T12:09:37</date>
  <millis>1585991377430</millis>
  <sequence>108</sequence>
  <level>END</level>
  <class>com.kms.katalon.core.logging.XmlKeywordLogger</class>
  <method>endTest</method>
  <thread>1</thread>
  <message>End Test Case : Test Cases/Issue/Controller</message>
  <nestedLevel>0</nestedLevel>
</record>
<record>
  <date>2020-04-04T12:09:37</date>
  <millis>1585991377464</millis>
  <sequence>109</sequence>
  <level>END</level>
  <class>com.kms.katalon.core.logging.XmlKeywordLogger</class>
  <method>endSuite</method>
  <thread>1</thread>
  <message>End Test Suite : Test Suites/CreateIssue</message>
  <nestedLevel>0</nestedLevel>
</record>
</log>
<?xml version="1.0" encoding="UTF-8" standalone="no"?>
<!DOCTYPE log SYSTEM "logger.dtd">
<log>
<record>
  <date>2020-04-04T12:15:43</date>
  <millis>1585991743904</millis>
  <sequence>20181</sequence>
  <level>INFO</level>
  <class>com.kms.katalon.core.logging.XmlKeywordLogger</class>
  <method>logMessage</method>
  <thread>1</thread>
  <message>Finding test data with id &amp;apos;Data Files/CreateIssue/New Test Data&amp;apos;</message>
  <nestedLevel>0</nestedLevel>
</record>
<record>
  <date>2020-04-04T12:15:43</date>
  <millis>1585991743932</millis>
  <sequence>20182</sequence>
  <level>INFO</level>
  <class>com.kms.katalon.core.logging.XmlKeywordLogger</class>
  <method>logMessage</method>
  <thread>1</thread>
  <message>Test data is CSV file, reading CSV file</message>
  <nestedLevel>0</nestedLevel>
</record>
<record>
  <date>2020-04-04T12:15:43</date>
  <millis>1585991743934</millis>
  <sequence>20183</sequence>
  <level>INFO</level>
  <class>com.kms.katalon.core.logging.XmlKeywordLogger</class>
  <method>logMessage</method>
  <thread>1</thread>
  <message>Reading CSV file with source file &amp;apos;comma&amp;apos;, separator &amp;apos;containing header&amp;apos; and &amp;apos;{2}&amp;apos;</message>
  <nestedLevel>0</nestedLevel>
</record>
<record>
  <date>2020-04-04T12:15:44</date>
  <millis>1585991744999</millis>
  <sequence>20184</sequence>
  <level>INFO</level>
  <class>com.kms.katalon.core.logging.XmlKeywordLogger</class>
  <method>logMessage</method>
  <thread>1</thread>
  <message>Finding test data with id &amp;apos;Data Files/CreateIssue/New Test Data&amp;apos;</message>
  <nestedLevel>0</nestedLevel>
</record>
<record>
  <date>2020-04-04T12:15:45</date>
  <millis>1585991745000</millis>
  <sequence>20185</sequence>
  <level>INFO</level>
  <class>com.kms.katalon.core.logging.XmlKeywordLogger</class>
  <method>logMessage</method>
  <thread>1</thread>
  <message>Test data is CSV file, reading CSV file</message>
  <nestedLevel>0</nestedLevel>
</record>
<record>
  <date>2020-04-04T12:15:45</date>
  <millis>1585991745000</millis>
  <sequence>20186</sequence>
  <level>INFO</level>
  <class>com.kms.katalon.core.logging.XmlKeywordLogger</class>
  <method>logMessage</method>
  <thread>1</thread>
  <message>Reading CSV file with source file &amp;apos;comma&amp;apos;, separator &amp;apos;containing header&amp;apos; and &amp;apos;{2}&amp;apos;</message>
  <nestedLevel>0</nestedLevel>
</record>
<record>
  <date>2020-04-04T12:15:46</date>
  <millis>1585991746885</millis>
  <sequence>20187</sequence>
  <level>INFO</level>
  <class>com.kms.katalon.core.logging.XmlKeywordLogger</class>
  <method>logMessage</method>
  <thread>1</thread>
  <message>Finding test data with id &amp;apos;Data Files/CreateIssue/New Test Data&amp;apos;</message>
  <nestedLevel>0</nestedLevel>
</record>
<record>
  <date>2020-04-04T12:15:46</date>
  <millis>1585991746886</millis>
  <sequence>20188</sequence>
  <level>INFO</level>
  <class>com.kms.katalon.core.logging.XmlKeywordLogger</class>
  <method>logMessage</method>
  <thread>1</thread>
  <message>Test data is CSV file, reading CSV file</message>
  <nestedLevel>0</nestedLevel>
</record>
<record>
  <date>2020-04-04T12:15:46</date>
  <millis>1585991746886</millis>
  <sequence>20189</sequence>
  <level>INFO</level>
  <class>com.kms.katalon.core.logging.XmlKeywordLogger</class>
  <method>logMessage</method>
  <thread>1</thread>
  <message>Reading CSV file with source file &amp;apos;comma&amp;apos;, separator &amp;apos;containing header&amp;apos; and &amp;apos;{2}&amp;apos;</message>
  <nestedLevel>0</nestedLevel>
</record>
<record>
  <date>2020-04-04T12:15:47</date>
  <millis>1585991747128</millis>
  <sequence>20190</sequence>
  <level>INFO</level>
  <class>com.kms.katalon.core.logging.XmlKeywordLogger</class>
  <method>logMessage</method>
  <thread>1</thread>
  <message>Finding test data with id &amp;apos;Data Files/CreateIssue/New Test Data&amp;apos;</message>
  <nestedLevel>0</nestedLevel>
</record>
<record>
  <date>2020-04-04T12:15:47</date>
  <millis>1585991747129</millis>
  <sequence>20191</sequence>
  <level>INFO</level>
  <class>com.kms.katalon.core.logging.XmlKeywordLogger</class>
  <method>logMessage</method>
  <thread>1</thread>
  <message>Test data is CSV file, reading CSV file</message>
  <nestedLevel>0</nestedLevel>
</record>
<record>
  <date>2020-04-04T12:15:47</date>
  <millis>1585991747129</millis>
  <sequence>20192</sequence>
  <level>INFO</level>
  <class>com.kms.katalon.core.logging.XmlKeywordLogger</class>
  <method>logMessage</method>
  <thread>1</thread>
  <message>Reading CSV file with source file &amp;apos;comma&amp;apos;, separator &amp;apos;containing header&amp;apos; and &amp;apos;{2}&amp;apos;</message>
  <nestedLevel>0</nestedLevel>
</record>
<record>
  <date>2020-04-04T12:15:56</date>
  <millis>1585991756961</millis>
  <sequence>20193</sequence>
  <level>INFO</level>
  <class>com.kms.katalon.core.logging.XmlKeywordLogger</class>
  <method>logMessage</method>
  <thread>1</thread>
  <message>Finding test data with id &amp;apos;Data Files/CreateIssue/New Test Data&amp;apos;</message>
  <nestedLevel>0</nestedLevel>
</record>
<record>
  <date>2020-04-04T12:15:56</date>
  <millis>1585991756962</millis>
  <sequence>20194</sequence>
  <level>INFO</level>
  <class>com.kms.katalon.core.logging.XmlKeywordLogger</class>
  <method>logMessage</method>
  <thread>1</thread>
  <message>Test data is CSV file, reading CSV file</message>
  <nestedLevel>0</nestedLevel>
</record>
<record>
  <date>2020-04-04T12:15:56</date>
  <millis>1585991756962</millis>
  <sequence>20195</sequence>
  <level>INFO</level>
  <class>com.kms.katalon.core.logging.XmlKeywordLogger</class>
  <method>logMessage</method>
  <thread>1</thread>
  <message>Reading CSV file with source file &amp;apos;comma&amp;apos;, separator &amp;apos;containing header&amp;apos; and &amp;apos;{2}&amp;apos;</message>
  <nestedLevel>0</nestedLevel>
</record>
<record>
  <date>2020-04-04T12:16:05</date>
  <millis>1585991765500</millis>
  <sequence>20196</sequence>
  <level>INFO</level>
  <class>com.kms.katalon.core.logging.XmlKeywordLogger</class>
  <method>logMessage</method>
  <thread>1</thread>
  <message>Finding test data with id &amp;apos;Data Files/CreateIssue/New Test Data&amp;apos;</message>
  <nestedLevel>0</nestedLevel>
</record>
<record>
  <date>2020-04-04T12:16:05</date>
  <millis>1585991765501</millis>
  <sequence>20197</sequence>
  <level>INFO</level>
  <class>com.kms.katalon.core.logging.XmlKeywordLogger</class>
  <method>logMessage</method>
  <thread>1</thread>
  <message>Test data is CSV file, reading CSV file</message>
  <nestedLevel>0</nestedLevel>
</record>
<record>
  <date>2020-04-04T12:16:05</date>
  <millis>1585991765502</millis>
  <sequence>20198</sequence>
  <level>INFO</level>
  <class>com.kms.katalon.core.logging.XmlKeywordLogger</class>
  <method>logMessage</method>
  <thread>1</thread>
  <message>Reading CSV file with source file &amp;apos;comma&amp;apos;, separator &amp;apos;containing header&amp;apos; and &amp;apos;{2}&amp;apos;</message>
  <nestedLevel>0</nestedLevel>
</record>
<record>
  <date>2020-04-04T12:16:05</date>
  <millis>1585991765819</millis>
  <sequence>20199</sequence>
  <level>INFO</level>
  <class>com.kms.katalon.core.logging.XmlKeywordLogger</class>
  <method>logMessage</method>
  <thread>1</thread>
  <message>Finding test data with id &amp;apos;Data Files/CreateIssue/New Test Data&amp;apos;</message>
  <nestedLevel>0</nestedLevel>
</record>
<record>
  <date>2020-04-04T12:16:05</date>
  <millis>1585991765820</millis>
  <sequence>20200</sequence>
  <level>INFO</level>
  <class>com.kms.katalon.core.logging.XmlKeywordLogger</class>
  <method>logMessage</method>
  <thread>1</thread>
  <message>Test data is CSV file, reading CSV file</message>
  <nestedLevel>0</nestedLevel>
</record>
<record>
  <date>2020-04-04T12:16:05</date>
  <millis>1585991765820</millis>
  <sequence>20201</sequence>
  <level>INFO</level>
  <class>com.kms.katalon.core.logging.XmlKeywordLogger</class>
  <method>logMessage</method>
  <thread>1</thread>
  <message>Reading CSV file with source file &amp;apos;comma&amp;apos;, separator &amp;apos;containing header&amp;apos; and &amp;apos;{2}&amp;apos;</message>
  <nestedLevel>0</nestedLevel>
</record>
<record>
  <date>2020-04-04T12:16:23</date>
  <millis>1585991783845</millis>
  <sequence>20202</sequence>
  <level>INFO</level>
  <class>com.kms.katalon.core.logging.XmlKeywordLogger</class>
  <method>logMessage</method>
  <thread>1</thread>
  <message>Finding test data with id &amp;apos;Data Files/CreateIssue/New Test Data&amp;apos;</message>
  <nestedLevel>0</nestedLevel>
</record>
<record>
  <date>2020-04-04T12:16:23</date>
  <millis>1585991783846</millis>
  <sequence>20203</sequence>
  <level>INFO</level>
  <class>com.kms.katalon.core.logging.XmlKeywordLogger</class>
  <method>logMessage</method>
  <thread>1</thread>
  <message>Test data is CSV file, reading CSV file</message>
  <nestedLevel>0</nestedLevel>
</record>
<record>
  <date>2020-04-04T12:16:23</date>
  <millis>1585991783846</millis>
  <sequence>20204</sequence>
  <level>INFO</level>
  <class>com.kms.katalon.core.logging.XmlKeywordLogger</class>
  <method>logMessage</method>
  <thread>1</thread>
  <message>Reading CSV file with source file &amp;apos;comma&amp;apos;, separator &amp;apos;containing header&amp;apos; and &amp;apos;{2}&amp;apos;</message>
  <nestedLevel>0</nestedLevel>
</record>
<record>
  <date>2020-04-04T12:16:33</date>
  <millis>1585991793578</millis>
  <sequence>20205</sequence>
  <level>INFO</level>
  <class>com.kms.katalon.core.logging.XmlKeywordLogger</class>
  <method>logMessage</method>
  <thread>1</thread>
  <message>Finding test data with id &amp;apos;Data Files/CreateIssue/New Test Data&amp;apos;</message>
  <nestedLevel>0</nestedLevel>
</record>
<record>
  <date>2020-04-04T12:16:33</date>
  <millis>1585991793579</millis>
  <sequence>20206</sequence>
  <level>INFO</level>
  <class>com.kms.katalon.core.logging.XmlKeywordLogger</class>
  <method>logMessage</method>
  <thread>1</thread>
  <message>Test data is CSV file, reading CSV file</message>
  <nestedLevel>0</nestedLevel>
</record>
<record>
  <date>2020-04-04T12:16:33</date>
  <millis>1585991793579</millis>
  <sequence>20207</sequence>
  <level>INFO</level>
  <class>com.kms.katalon.core.logging.XmlKeywordLogger</class>
  <method>logMessage</method>
  <thread>1</thread>
  <message>Reading CSV file with source file &amp;apos;comma&amp;apos;, separator &amp;apos;containing header&amp;apos; and &amp;apos;{2}&amp;apos;</message>
  <nestedLevel>0</nestedLevel>
</record>
<record>
  <date>2020-04-04T12:16:33</date>
  <millis>1585991793902</millis>
  <sequence>20208</sequence>
  <level>INFO</level>
  <class>com.kms.katalon.core.logging.XmlKeywordLogger</class>
  <method>logMessage</method>
  <thread>1</thread>
  <message>Finding test data with id &amp;apos;Data Files/CreateIssue/New Test Data&amp;apos;</message>
  <nestedLevel>0</nestedLevel>
</record>
<record>
  <date>2020-04-04T12:16:33</date>
  <millis>1585991793903</millis>
  <sequence>20209</sequence>
  <level>INFO</level>
  <class>com.kms.katalon.core.logging.XmlKeywordLogger</class>
  <method>logMessage</method>
  <thread>1</thread>
  <message>Test data is CSV file, reading CSV file</message>
  <nestedLevel>0</nestedLevel>
</record>
<record>
  <date>2020-04-04T12:16:33</date>
  <millis>1585991793903</millis>
  <sequence>20210</sequence>
  <level>INFO</level>
  <class>com.kms.katalon.core.logging.XmlKeywordLogger</class>
  <method>logMessage</method>
  <thread>1</thread>
  <message>Reading CSV file with source file &amp;apos;comma&amp;apos;, separator &amp;apos;containing header&amp;apos; and &amp;apos;{2}&amp;apos;</message>
  <nestedLevel>0</nestedLevel>
</record>
<record>
  <date>2020-04-04T12:16:58</date>
  <millis>1585991818609</millis>
  <sequence>20211</sequence>
  <level>INFO</level>
  <class>com.kms.katalon.core.logging.XmlKeywordLogger</class>
  <method>logMessage</method>
  <thread>1</thread>
  <message>Finding test data with id &amp;apos;Data Files/CreateIssue/New Test Data&amp;apos;</message>
  <nestedLevel>0</nestedLevel>
</record>
<record>
  <date>2020-04-04T12:16:58</date>
  <millis>1585991818610</millis>
  <sequence>20212</sequence>
  <level>INFO</level>
  <class>com.kms.katalon.core.logging.XmlKeywordLogger</class>
  <method>logMessage</method>
  <thread>1</thread>
  <message>Test data is CSV file, reading CSV file</message>
  <nestedLevel>0</nestedLevel>
</record>
<record>
  <date>2020-04-04T12:16:58</date>
  <millis>1585991818610</millis>
  <sequence>20213</sequence>
  <level>INFO</level>
  <class>com.kms.katalon.core.logging.XmlKeywordLogger</class>
  <method>logMessage</method>
  <thread>1</thread>
  <message>Reading CSV file with source file &amp;apos;comma&amp;apos;, separator &amp;apos;containing header&amp;apos; and &amp;apos;{2}&amp;apos;</message>
  <nestedLevel>0</nestedLevel>
</record>
<record>
  <date>2020-04-04T12:16:58</date>
  <millis>1585991818660</millis>
  <sequence>20214</sequence>
  <level>INFO</level>
  <class>com.kms.katalon.core.logging.XmlKeywordLogger</class>
  <method>logMessage</method>
  <thread>1</thread>
  <message>Finding test data with id &amp;apos;Data Files/CreateIssue/New Test Data&amp;apos;</message>
  <nestedLevel>0</nestedLevel>
</record>
<record>
  <date>2020-04-04T12:16:58</date>
  <millis>1585991818661</millis>
  <sequence>20215</sequence>
  <level>INFO</level>
  <class>com.kms.katalon.core.logging.XmlKeywordLogger</class>
  <method>logMessage</method>
  <thread>1</thread>
  <message>Test data is CSV file, reading CSV file</message>
  <nestedLevel>0</nestedLevel>
</record>
<record>
  <date>2020-04-04T12:16:58</date>
  <millis>1585991818662</millis>
  <sequence>20216</sequence>
  <level>INFO</level>
  <class>com.kms.katalon.core.logging.XmlKeywordLogger</class>
  <method>logMessage</method>
  <thread>1</thread>
  <message>Reading CSV file with source file &amp;apos;comma&amp;apos;, separator &amp;apos;containing header&amp;apos; and &amp;apos;{2}&amp;apos;</message>
  <nestedLevel>0</nestedLevel>
</record>
<record>
  <date>2020-04-04T12:17:12</date>
  <millis>1585991832541</millis>
  <sequence>20217</sequence>
  <level>INFO</level>
  <class>com.kms.katalon.core.logging.XmlKeywordLogger</class>
  <method>logMessage</method>
  <thread>1</thread>
  <message>Finding test data with id &amp;apos;Data Files/CreateIssue/New Test Data&amp;apos;</message>
  <nestedLevel>0</nestedLevel>
</record>
<record>
  <date>2020-04-04T12:17:12</date>
  <millis>1585991832542</millis>
  <sequence>20218</sequence>
  <level>INFO</level>
  <class>com.kms.katalon.core.logging.XmlKeywordLogger</class>
  <method>logMessage</method>
  <thread>1</thread>
  <message>Test data is CSV file, reading CSV file</message>
  <nestedLevel>0</nestedLevel>
</record>
<record>
  <date>2020-04-04T12:17:12</date>
  <millis>1585991832542</millis>
  <sequence>20219</sequence>
  <level>INFO</level>
  <class>com.kms.katalon.core.logging.XmlKeywordLogger</class>
  <method>logMessage</method>
  <thread>1</thread>
  <message>Reading CSV file with source file &amp;apos;comma&amp;apos;, separator &amp;apos;containing header&amp;apos; and &amp;apos;{2}&amp;apos;</message>
  <nestedLevel>0</nestedLevel>
</record>
<record>
  <date>2020-04-04T12:17:12</date>
  <millis>1585991832600</millis>
  <sequence>20220</sequence>
  <level>INFO</level>
  <class>com.kms.katalon.core.logging.XmlKeywordLogger</class>
  <method>logMessage</method>
  <thread>1</thread>
  <message>Finding test data with id &amp;apos;Data Files/CreateIssue/New Test Data&amp;apos;</message>
  <nestedLevel>0</nestedLevel>
</record>
<record>
  <date>2020-04-04T12:17:12</date>
  <millis>1585991832601</millis>
  <sequence>20221</sequence>
  <level>INFO</level>
  <class>com.kms.katalon.core.logging.XmlKeywordLogger</class>
  <method>logMessage</method>
  <thread>1</thread>
  <message>Test data is CSV file, reading CSV file</message>
  <nestedLevel>0</nestedLevel>
</record>
<record>
  <date>2020-04-04T12:17:12</date>
  <millis>1585991832601</millis>
  <sequence>20222</sequence>
  <level>INFO</level>
  <class>com.kms.katalon.core.logging.XmlKeywordLogger</class>
  <method>logMessage</method>
  <thread>1</thread>
  <message>Reading CSV file with source file &amp;apos;comma&amp;apos;, separator &amp;apos;containing header&amp;apos; and &amp;apos;{2}&amp;apos;</message>
  <nestedLevel>0</nestedLevel>
</record>
<record>
  <date>2020-04-04T12:17:25</date>
  <millis>1585991845667</millis>
  <sequence>20223</sequence>
  <level>INFO</level>
  <class>com.kms.katalon.core.logging.XmlKeywordLogger</class>
  <method>logMessage</method>
  <thread>1</thread>
  <message>Finding test data with id &amp;apos;Data Files/CreateIssue/New Test Data&amp;apos;</message>
  <nestedLevel>0</nestedLevel>
</record>
<record>
  <date>2020-04-04T12:17:25</date>
  <millis>1585991845668</millis>
  <sequence>20224</sequence>
  <level>INFO</level>
  <class>com.kms.katalon.core.logging.XmlKeywordLogger</class>
  <method>logMessage</method>
  <thread>1</thread>
  <message>Test data is CSV file, reading CSV file</message>
  <nestedLevel>0</nestedLevel>
</record>
<record>
  <date>2020-04-04T12:17:25</date>
  <millis>1585991845668</millis>
  <sequence>20225</sequence>
  <level>INFO</level>
  <class>com.kms.katalon.core.logging.XmlKeywordLogger</class>
  <method>logMessage</method>
  <thread>1</thread>
  <message>Reading CSV file with source file &amp;apos;comma&amp;apos;, separator &amp;apos;containing header&amp;apos; and &amp;apos;{2}&amp;apos;</message>
  <nestedLevel>0</nestedLevel>
</record>
<record>
  <date>2020-04-04T12:17:39</date>
  <millis>1585991859360</millis>
  <sequence>20226</sequence>
  <level>INFO</level>
  <class>com.kms.katalon.core.logging.XmlKeywordLogger</class>
  <method>logMessage</method>
  <thread>1</thread>
  <message>Finding test data with id &amp;apos;Data Files/CreateIssue/New Test Data&amp;apos;</message>
  <nestedLevel>0</nestedLevel>
</record>
<record>
  <date>2020-04-04T12:17:39</date>
  <millis>1585991859362</millis>
  <sequence>20227</sequence>
  <level>INFO</level>
  <class>com.kms.katalon.core.logging.XmlKeywordLogger</class>
  <method>logMessage</method>
  <thread>1</thread>
  <message>Test data is CSV file, reading CSV file</message>
  <nestedLevel>0</nestedLevel>
</record>
<record>
  <date>2020-04-04T12:17:39</date>
  <millis>1585991859362</millis>
  <sequence>20228</sequence>
  <level>INFO</level>
  <class>com.kms.katalon.core.logging.XmlKeywordLogger</class>
  <method>logMessage</method>
  <thread>1</thread>
  <message>Reading CSV file with source file &amp;apos;comma&amp;apos;, separator &amp;apos;containing header&amp;apos; and &amp;apos;{2}&amp;apos;</message>
  <nestedLevel>0</nestedLevel>
</record>
<record>
  <date>2020-04-04T12:17:56</date>
  <millis>1585991876725</millis>
  <sequence>20229</sequence>
  <level>INFO</level>
  <class>com.kms.katalon.core.logging.XmlKeywordLogger</class>
  <method>logMessage</method>
  <thread>1</thread>
  <message>Finding test data with id &amp;apos;Data Files/CreateIssue/New Test Data&amp;apos;</message>
  <nestedLevel>0</nestedLevel>
</record>
<record>
  <date>2020-04-04T12:17:56</date>
  <millis>1585991876726</millis>
  <sequence>20230</sequence>
  <level>INFO</level>
  <class>com.kms.katalon.core.logging.XmlKeywordLogger</class>
  <method>logMessage</method>
  <thread>1</thread>
  <message>Test data is CSV file, reading CSV file</message>
  <nestedLevel>0</nestedLevel>
</record>
<record>
  <date>2020-04-04T12:17:56</date>
  <millis>1585991876726</millis>
  <sequence>20231</sequence>
  <level>INFO</level>
  <class>com.kms.katalon.core.logging.XmlKeywordLogger</class>
  <method>logMessage</method>
  <thread>1</thread>
  <message>Reading CSV file with source file &amp;apos;comma&amp;apos;, separator &amp;apos;containing header&amp;apos; and &amp;apos;{2}&amp;apos;</message>
  <nestedLevel>0</nestedLevel>
</record>
<record>
  <date>2020-04-04T12:17:56</date>
  <millis>1585991876800</millis>
  <sequence>20232</sequence>
  <level>INFO</level>
  <class>com.kms.katalon.core.logging.XmlKeywordLogger</class>
  <method>logMessage</method>
  <thread>1</thread>
  <message>Finding test data with id &amp;apos;Data Files/CreateIssue/New Test Data&amp;apos;</message>
  <nestedLevel>0</nestedLevel>
</record>
<record>
  <date>2020-04-04T12:17:56</date>
  <millis>1585991876801</millis>
  <sequence>20233</sequence>
  <level>INFO</level>
  <class>com.kms.katalon.core.logging.XmlKeywordLogger</class>
  <method>logMessage</method>
  <thread>1</thread>
  <message>Test data is CSV file, reading CSV file</message>
  <nestedLevel>0</nestedLevel>
</record>
<record>
  <date>2020-04-04T12:17:56</date>
  <millis>1585991876802</millis>
  <sequence>20234</sequence>
  <level>INFO</level>
  <class>com.kms.katalon.core.logging.XmlKeywordLogger</class>
  <method>logMessage</method>
  <thread>1</thread>
  <message>Reading CSV file with source file &amp;apos;comma&amp;apos;, separator &amp;apos;containing header&amp;apos; and &amp;apos;{2}&amp;apos;</message>
  <nestedLevel>0</nestedLevel>
</record>
<record>
  <date>2020-04-04T12:18:04</date>
  <millis>1585991884566</millis>
  <sequence>20235</sequence>
  <level>INFO</level>
  <class>com.kms.katalon.core.logging.XmlKeywordLogger</class>
  <method>logMessage</method>
  <thread>1</thread>
  <message>Finding test data with id &amp;apos;Data Files/CreateIssue/New Test Data&amp;apos;</message>
  <nestedLevel>0</nestedLevel>
</record>
<record>
  <date>2020-04-04T12:18:04</date>
  <millis>1585991884567</millis>
  <sequence>20236</sequence>
  <level>INFO</level>
  <class>com.kms.katalon.core.logging.XmlKeywordLogger</class>
  <method>logMessage</method>
  <thread>1</thread>
  <message>Test data is CSV file, reading CSV file</message>
  <nestedLevel>0</nestedLevel>
</record>
<record>
  <date>2020-04-04T12:18:04</date>
  <millis>1585991884567</millis>
  <sequence>20237</sequence>
  <level>INFO</level>
  <class>com.kms.katalon.core.logging.XmlKeywordLogger</class>
  <method>logMessage</method>
  <thread>1</thread>
  <message>Reading CSV file with source file &amp;apos;comma&amp;apos;, separator &amp;apos;containing header&amp;apos; and &amp;apos;{2}&amp;apos;</message>
  <nestedLevel>0</nestedLevel>
</record>
<record>
  <date>2020-04-04T12:18:05</date>
  <millis>1585991885048</millis>
  <sequence>20238</sequence>
  <level>INFO</level>
  <class>com.kms.katalon.core.logging.XmlKeywordLogger</class>
  <method>logMessage</method>
  <thread>1</thread>
  <message>Finding test data with id &amp;apos;Data Files/CreateIssue/New Test Data&amp;apos;</message>
  <nestedLevel>0</nestedLevel>
</record>
<record>
  <date>2020-04-04T12:18:05</date>
  <millis>1585991885049</millis>
  <sequence>20239</sequence>
  <level>INFO</level>
  <class>com.kms.katalon.core.logging.XmlKeywordLogger</class>
  <method>logMessage</method>
  <thread>1</thread>
  <message>Test data is CSV file, reading CSV file</message>
  <nestedLevel>0</nestedLevel>
</record>
<record>
  <date>2020-04-04T12:18:05</date>
  <millis>1585991885049</millis>
  <sequence>20240</sequence>
  <level>INFO</level>
  <class>com.kms.katalon.core.logging.XmlKeywordLogger</class>
  <method>logMessage</method>
  <thread>1</thread>
  <message>Reading CSV file with source file &amp;apos;comma&amp;apos;, separator &amp;apos;containing header&amp;apos; and &amp;apos;{2}&amp;apos;</message>
  <nestedLevel>0</nestedLevel>
</record>
<record>
  <date>2020-04-04T12:18:05</date>
  <millis>1585991885114</millis>
  <sequence>20241</sequence>
  <level>INFO</level>
  <class>com.kms.katalon.core.logging.XmlKeywordLogger</class>
  <method>logMessage</method>
  <thread>1</thread>
  <message>Finding test data with id &amp;apos;Data Files/CreateIssue/New Test Data&amp;apos;</message>
  <nestedLevel>0</nestedLevel>
</record>
<record>
  <date>2020-04-04T12:18:05</date>
  <millis>1585991885115</millis>
  <sequence>20242</sequence>
  <level>INFO</level>
  <class>com.kms.katalon.core.logging.XmlKeywordLogger</class>
  <method>logMessage</method>
  <thread>1</thread>
  <message>Test data is CSV file, reading CSV file</message>
  <nestedLevel>0</nestedLevel>
</record>
<record>
  <date>2020-04-04T12:18:05</date>
  <millis>1585991885115</millis>
  <sequence>20243</sequence>
  <level>INFO</level>
  <class>com.kms.katalon.core.logging.XmlKeywordLogger</class>
  <method>logMessage</method>
  <thread>1</thread>
  <message>Reading CSV file with source file &amp;apos;comma&amp;apos;, separator &amp;apos;containing header&amp;apos; and &amp;apos;{2}&amp;apos;</message>
  <nestedLevel>0</nestedLevel>
</record>
<record>
  <date>2020-04-04T12:18:15</date>
  <millis>1585991895059</millis>
  <sequence>20244</sequence>
  <level>INFO</level>
  <class>com.kms.katalon.core.logging.XmlKeywordLogger</class>
  <method>logMessage</method>
  <thread>1</thread>
  <message>Finding test data with id &amp;apos;Data Files/CreateIssue/New Test Data&amp;apos;</message>
  <nestedLevel>0</nestedLevel>
</record>
<record>
  <date>2020-04-04T12:18:15</date>
  <millis>1585991895060</millis>
  <sequence>20245</sequence>
  <level>INFO</level>
  <class>com.kms.katalon.core.logging.XmlKeywordLogger</class>
  <method>logMessage</method>
  <thread>1</thread>
  <message>Test data is CSV file, reading CSV file</message>
  <nestedLevel>0</nestedLevel>
</record>
<record>
  <date>2020-04-04T12:18:15</date>
  <millis>1585991895060</millis>
  <sequence>20246</sequence>
  <level>INFO</level>
  <class>com.kms.katalon.core.logging.XmlKeywordLogger</class>
  <method>logMessage</method>
  <thread>1</thread>
  <message>Reading CSV file with source file &amp;apos;comma&amp;apos;, separator &amp;apos;containing header&amp;apos; and &amp;apos;{2}&amp;apos;</message>
  <nestedLevel>0</nestedLevel>
</record>
<record>
  <date>2020-04-04T12:18:15</date>
  <millis>1585991895590</millis>
  <sequence>20247</sequence>
  <level>INFO</level>
  <class>com.kms.katalon.core.logging.XmlKeywordLogger</class>
  <method>logMessage</method>
  <thread>1</thread>
  <message>Finding test data with id &amp;apos;Data Files/CreateIssue/New Test Data&amp;apos;</message>
  <nestedLevel>0</nestedLevel>
</record>
<record>
  <date>2020-04-04T12:18:15</date>
  <millis>1585991895590</millis>
  <sequence>20248</sequence>
  <level>INFO</level>
  <class>com.kms.katalon.core.logging.XmlKeywordLogger</class>
  <method>logMessage</method>
  <thread>1</thread>
  <message>Test data is CSV file, reading CSV file</message>
  <nestedLevel>0</nestedLevel>
</record>
<record>
  <date>2020-04-04T12:18:15</date>
  <millis>1585991895591</millis>
  <sequence>20249</sequence>
  <level>INFO</level>
  <class>com.kms.katalon.core.logging.XmlKeywordLogger</class>
  <method>logMessage</method>
  <thread>1</thread>
  <message>Reading CSV file with source file &amp;apos;comma&amp;apos;, separator &amp;apos;containing header&amp;apos; and &amp;apos;{2}&amp;apos;</message>
  <nestedLevel>0</nestedLevel>
</record>
<record>
  <date>2020-04-04T12:18:26</date>
  <millis>1585991906306</millis>
  <sequence>20250</sequence>
  <level>INFO</level>
  <class>com.kms.katalon.core.logging.XmlKeywordLogger</class>
  <method>logMessage</method>
  <thread>1</thread>
  <message>Finding test data with id &amp;apos;Data Files/CreateIssue/New Test Data&amp;apos;</message>
  <nestedLevel>0</nestedLevel>
</record>
<record>
  <date>2020-04-04T12:18:26</date>
  <millis>1585991906308</millis>
  <sequence>20251</sequence>
  <level>INFO</level>
  <class>com.kms.katalon.core.logging.XmlKeywordLogger</class>
  <method>logMessage</method>
  <thread>1</thread>
  <message>Test data is CSV file, reading CSV file</message>
  <nestedLevel>0</nestedLevel>
</record>
<record>
  <date>2020-04-04T12:18:26</date>
  <millis>1585991906308</millis>
  <sequence>20252</sequence>
  <level>INFO</level>
  <class>com.kms.katalon.core.logging.XmlKeywordLogger</class>
  <method>logMessage</method>
  <thread>1</thread>
  <message>Reading CSV file with source file &amp;apos;comma&amp;apos;, separator &amp;apos;containing header&amp;apos; and &amp;apos;{2}&amp;apos;</message>
  <nestedLevel>0</nestedLevel>
</record>
<record>
  <date>2020-04-04T12:18:26</date>
  <millis>1585991906678</millis>
  <sequence>20253</sequence>
  <level>INFO</level>
  <class>com.kms.katalon.core.logging.XmlKeywordLogger</class>
  <method>logMessage</method>
  <thread>1</thread>
  <message>Finding test data with id &amp;apos;Data Files/CreateIssue/New Test Data&amp;apos;</message>
  <nestedLevel>0</nestedLevel>
</record>
<record>
  <date>2020-04-04T12:18:26</date>
  <millis>1585991906679</millis>
  <sequence>20254</sequence>
  <level>INFO</level>
  <class>com.kms.katalon.core.logging.XmlKeywordLogger</class>
  <method>logMessage</method>
  <thread>1</thread>
  <message>Test data is CSV file, reading CSV file</message>
  <nestedLevel>0</nestedLevel>
</record>
<record>
  <date>2020-04-04T12:18:26</date>
  <millis>1585991906680</millis>
  <sequence>20255</sequence>
  <level>INFO</level>
  <class>com.kms.katalon.core.logging.XmlKeywordLogger</class>
  <method>logMessage</method>
  <thread>1</thread>
  <message>Reading CSV file with source file &amp;apos;comma&amp;apos;, separator &amp;apos;containing header&amp;apos; and &amp;apos;{2}&amp;apos;</message>
  <nestedLevel>0</nestedLevel>
</record>
<record>
  <date>2020-04-04T12:18:44</date>
  <millis>1585991924201</millis>
  <sequence>20256</sequence>
  <level>INFO</level>
  <class>com.kms.katalon.core.logging.XmlKeywordLogger</class>
  <method>logMessage</method>
  <thread>1</thread>
  <message>Finding test data with id &amp;apos;Data Files/CreateIssue/New Test Data&amp;apos;</message>
  <nestedLevel>0</nestedLevel>
</record>
<record>
  <date>2020-04-04T12:18:44</date>
  <millis>1585991924202</millis>
  <sequence>20257</sequence>
  <level>INFO</level>
  <class>com.kms.katalon.core.logging.XmlKeywordLogger</class>
  <method>logMessage</method>
  <thread>1</thread>
  <message>Test data is CSV file, reading CSV file</message>
  <nestedLevel>0</nestedLevel>
</record>
<record>
  <date>2020-04-04T12:18:44</date>
  <millis>1585991924202</millis>
  <sequence>20258</sequence>
  <level>INFO</level>
  <class>com.kms.katalon.core.logging.XmlKeywordLogger</class>
  <method>logMessage</method>
  <thread>1</thread>
  <message>Reading CSV file with source file &amp;apos;comma&amp;apos;, separator &amp;apos;containing header&amp;apos; and &amp;apos;{2}&amp;apos;</message>
  <nestedLevel>0</nestedLevel>
</record>
<record>
  <date>2020-04-04T12:18:52</date>
  <millis>1585991932728</millis>
  <sequence>20259</sequence>
  <level>INFO</level>
  <class>com.kms.katalon.core.logging.XmlKeywordLogger</class>
  <method>logMessage</method>
  <thread>1</thread>
  <message>Finding test data with id &amp;apos;Data Files/CreateIssue/New Test Data&amp;apos;</message>
  <nestedLevel>0</nestedLevel>
</record>
<record>
  <date>2020-04-04T12:18:52</date>
  <millis>1585991932729</millis>
  <sequence>20260</sequence>
  <level>INFO</level>
  <class>com.kms.katalon.core.logging.XmlKeywordLogger</class>
  <method>logMessage</method>
  <thread>1</thread>
  <message>Test data is CSV file, reading CSV file</message>
  <nestedLevel>0</nestedLevel>
</record>
<record>
  <date>2020-04-04T12:18:52</date>
  <millis>1585991932729</millis>
  <sequence>20261</sequence>
  <level>INFO</level>
  <class>com.kms.katalon.core.logging.XmlKeywordLogger</class>
  <method>logMessage</method>
  <thread>1</thread>
  <message>Reading CSV file with source file &amp;apos;comma&amp;apos;, separator &amp;apos;containing header&amp;apos; and &amp;apos;{2}&amp;apos;</message>
  <nestedLevel>0</nestedLevel>
</record>
<record>
  <date>2020-04-04T12:18:53</date>
  <millis>1585991933051</millis>
  <sequence>20262</sequence>
  <level>INFO</level>
  <class>com.kms.katalon.core.logging.XmlKeywordLogger</class>
  <method>logMessage</method>
  <thread>1</thread>
  <message>Finding test data with id &amp;apos;Data Files/CreateIssue/New Test Data&amp;apos;</message>
  <nestedLevel>0</nestedLevel>
</record>
<record>
  <date>2020-04-04T12:18:53</date>
  <millis>1585991933052</millis>
  <sequence>20263</sequence>
  <level>INFO</level>
  <class>com.kms.katalon.core.logging.XmlKeywordLogger</class>
  <method>logMessage</method>
  <thread>1</thread>
  <message>Test data is CSV file, reading CSV file</message>
  <nestedLevel>0</nestedLevel>
</record>
<record>
  <date>2020-04-04T12:18:53</date>
  <millis>1585991933052</millis>
  <sequence>20264</sequence>
  <level>INFO</level>
  <class>com.kms.katalon.core.logging.XmlKeywordLogger</class>
  <method>logMessage</method>
  <thread>1</thread>
  <message>Reading CSV file with source file &amp;apos;comma&amp;apos;, separator &amp;apos;containing header&amp;apos; and &amp;apos;{2}&amp;apos;</message>
  <nestedLevel>0</nestedLevel>
</record>
<record>
  <date>2020-04-04T12:19:14</date>
  <millis>1585991954357</millis>
  <sequence>20265</sequence>
  <level>INFO</level>
  <class>com.kms.katalon.core.logging.XmlKeywordLogger</class>
  <method>logMessage</method>
  <thread>1</thread>
  <message>Finding test data with id &amp;apos;Data Files/CreateIssue/New Test Data&amp;apos;</message>
  <nestedLevel>0</nestedLevel>
</record>
<record>
  <date>2020-04-04T12:19:14</date>
  <millis>1585991954358</millis>
  <sequence>20266</sequence>
  <level>INFO</level>
  <class>com.kms.katalon.core.logging.XmlKeywordLogger</class>
  <method>logMessage</method>
  <thread>1</thread>
  <message>Test data is CSV file, reading CSV file</message>
  <nestedLevel>0</nestedLevel>
</record>
<record>
  <date>2020-04-04T12:19:14</date>
  <millis>1585991954358</millis>
  <sequence>20267</sequence>
  <level>INFO</level>
  <class>com.kms.katalon.core.logging.XmlKeywordLogger</class>
  <method>logMessage</method>
  <thread>1</thread>
  <message>Reading CSV file with source file &amp;apos;comma&amp;apos;, separator &amp;apos;containing header&amp;apos; and &amp;apos;{2}&amp;apos;</message>
  <nestedLevel>0</nestedLevel>
</record>
<record>
  <date>2020-04-04T12:19:14</date>
  <millis>1585991954432</millis>
  <sequence>20268</sequence>
  <level>INFO</level>
  <class>com.kms.katalon.core.logging.XmlKeywordLogger</class>
  <method>logMessage</method>
  <thread>1</thread>
  <message>Finding test data with id &amp;apos;Data Files/CreateIssue/New Test Data&amp;apos;</message>
  <nestedLevel>0</nestedLevel>
</record>
<record>
  <date>2020-04-04T12:19:14</date>
  <millis>1585991954433</millis>
  <sequence>20269</sequence>
  <level>INFO</level>
  <class>com.kms.katalon.core.logging.XmlKeywordLogger</class>
  <method>logMessage</method>
  <thread>1</thread>
  <message>Test data is CSV file, reading CSV file</message>
  <nestedLevel>0</nestedLevel>
</record>
<record>
  <date>2020-04-04T12:19:14</date>
  <millis>1585991954433</millis>
  <sequence>20270</sequence>
  <level>INFO</level>
  <class>com.kms.katalon.core.logging.XmlKeywordLogger</class>
  <method>logMessage</method>
  <thread>1</thread>
  <message>Reading CSV file with source file &amp;apos;comma&amp;apos;, separator &amp;apos;containing header&amp;apos; and &amp;apos;{2}&amp;apos;</message>
  <nestedLevel>0</nestedLevel>
</record>
<record>
  <date>2020-04-04T12:19:39</date>
  <millis>1585991979910</millis>
  <sequence>20271</sequence>
  <level>INFO</level>
  <class>com.kms.katalon.core.logging.XmlKeywordLogger</class>
  <method>logMessage</method>
  <thread>1</thread>
  <message>Finding test data with id &amp;apos;Data Files/CreateIssue/New Test Data&amp;apos;</message>
  <nestedLevel>0</nestedLevel>
</record>
<record>
  <date>2020-04-04T12:19:39</date>
  <millis>1585991979911</millis>
  <sequence>20272</sequence>
  <level>INFO</level>
  <class>com.kms.katalon.core.logging.XmlKeywordLogger</class>
  <method>logMessage</method>
  <thread>1</thread>
  <message>Test data is CSV file, reading CSV file</message>
  <nestedLevel>0</nestedLevel>
</record>
<record>
  <date>2020-04-04T12:19:39</date>
  <millis>1585991979911</millis>
  <sequence>20273</sequence>
  <level>INFO</level>
  <class>com.kms.katalon.core.logging.XmlKeywordLogger</class>
  <method>logMessage</method>
  <thread>1</thread>
  <message>Reading CSV file with source file &amp;apos;comma&amp;apos;, separator &amp;apos;containing header&amp;apos; and &amp;apos;{2}&amp;apos;</message>
  <nestedLevel>0</nestedLevel>
</record>
<record>
  <date>2020-04-04T12:19:40</date>
  <millis>1585991980201</millis>
  <sequence>20274</sequence>
  <level>INFO</level>
  <class>com.kms.katalon.core.logging.XmlKeywordLogger</class>
  <method>logMessage</method>
  <thread>1</thread>
  <message>Finding test data with id &amp;apos;Data Files/CreateIssue/New Test Data&amp;apos;</message>
  <nestedLevel>0</nestedLevel>
</record>
<record>
  <date>2020-04-04T12:19:40</date>
  <millis>1585991980202</millis>
  <sequence>20275</sequence>
  <level>INFO</level>
  <class>com.kms.katalon.core.logging.XmlKeywordLogger</class>
  <method>logMessage</method>
  <thread>1</thread>
  <message>Test data is CSV file, reading CSV file</message>
  <nestedLevel>0</nestedLevel>
</record>
<record>
  <date>2020-04-04T12:19:40</date>
  <millis>1585991980202</millis>
  <sequence>20276</sequence>
  <level>INFO</level>
  <class>com.kms.katalon.core.logging.XmlKeywordLogger</class>
  <method>logMessage</method>
  <thread>1</thread>
  <message>Reading CSV file with source file &amp;apos;comma&amp;apos;, separator &amp;apos;containing header&amp;apos; and &amp;apos;{2}&amp;apos;</message>
  <nestedLevel>0</nestedLevel>
</record>
<record>
  <date>2020-04-04T12:20:27</date>
  <millis>1585992027568</millis>
  <sequence>20277</sequence>
  <level>INFO</level>
  <class>com.kms.katalon.core.logging.XmlKeywordLogger</class>
  <method>logMessage</method>
  <thread>1</thread>
  <message>Finding test data with id &amp;apos;Data Files/CreateIssue/New Test Data&amp;apos;</message>
  <nestedLevel>0</nestedLevel>
</record>
<record>
  <date>2020-04-04T12:20:27</date>
  <millis>1585992027569</millis>
  <sequence>20278</sequence>
  <level>INFO</level>
  <class>com.kms.katalon.core.logging.XmlKeywordLogger</class>
  <method>logMessage</method>
  <thread>1</thread>
  <message>Test data is CSV file, reading CSV file</message>
  <nestedLevel>0</nestedLevel>
</record>
<record>
  <date>2020-04-04T12:20:27</date>
  <millis>1585992027569</millis>
  <sequence>20279</sequence>
  <level>INFO</level>
  <class>com.kms.katalon.core.logging.XmlKeywordLogger</class>
  <method>logMessage</method>
  <thread>1</thread>
  <message>Reading CSV file with source file &amp;apos;comma&amp;apos;, separator &amp;apos;containing header&amp;apos; and &amp;apos;{2}&amp;apos;</message>
  <nestedLevel>0</nestedLevel>
</record>
<record>
  <date>2020-04-04T12:23:10</date>
  <millis>1585992190199</millis>
  <sequence>20280</sequence>
  <level>INFO</level>
  <class>com.kms.katalon.core.logging.XmlKeywordLogger</class>
  <method>logMessage</method>
  <thread>1</thread>
  <message>Finding test data with id &amp;apos;Data Files/CreateIssue/New Test Data&amp;apos;</message>
  <nestedLevel>0</nestedLevel>
</record>
<record>
  <date>2020-04-04T12:23:10</date>
  <millis>1585992190200</millis>
  <sequence>20281</sequence>
  <level>INFO</level>
  <class>com.kms.katalon.core.logging.XmlKeywordLogger</class>
  <method>logMessage</method>
  <thread>1</thread>
  <message>Test data is CSV file, reading CSV file</message>
  <nestedLevel>0</nestedLevel>
</record>
<record>
  <date>2020-04-04T12:23:10</date>
  <millis>1585992190200</millis>
  <sequence>20282</sequence>
  <level>INFO</level>
  <class>com.kms.katalon.core.logging.XmlKeywordLogger</class>
  <method>logMessage</method>
  <thread>1</thread>
  <message>Reading CSV file with source file &amp;apos;comma&amp;apos;, separator &amp;apos;containing header&amp;apos; and &amp;apos;{2}&amp;apos;</message>
  <nestedLevel>0</nestedLevel>
</record>
<record>
  <date>2020-04-04T12:23:17</date>
  <millis>1585992197012</millis>
  <sequence>20283</sequence>
  <level>INFO</level>
  <class>com.kms.katalon.core.logging.XmlKeywordLogger</class>
  <method>logMessage</method>
  <thread>1</thread>
  <message>Finding test data with id &amp;apos;Data Files/CreateIssue/New Test Data&amp;apos;</message>
  <nestedLevel>0</nestedLevel>
</record>
<record>
  <date>2020-04-04T12:23:17</date>
  <millis>1585992197013</millis>
  <sequence>20284</sequence>
  <level>INFO</level>
  <class>com.kms.katalon.core.logging.XmlKeywordLogger</class>
  <method>logMessage</method>
  <thread>1</thread>
  <message>Test data is CSV file, reading CSV file</message>
  <nestedLevel>0</nestedLevel>
</record>
<record>
  <date>2020-04-04T12:23:17</date>
  <millis>1585992197013</millis>
  <sequence>20285</sequence>
  <level>INFO</level>
  <class>com.kms.katalon.core.logging.XmlKeywordLogger</class>
  <method>logMessage</method>
  <thread>1</thread>
  <message>Reading CSV file with source file &amp;apos;comma&amp;apos;, separator &amp;apos;containing header&amp;apos; and &amp;apos;{2}&amp;apos;</message>
  <nestedLevel>0</nestedLevel>
</record>
<record>
  <date>2020-04-04T12:23:17</date>
  <millis>1585992197316</millis>
  <sequence>20286</sequence>
  <level>INFO</level>
  <class>com.kms.katalon.core.logging.XmlKeywordLogger</class>
  <method>logMessage</method>
  <thread>1</thread>
  <message>Finding test data with id &amp;apos;Data Files/CreateIssue/New Test Data&amp;apos;</message>
  <nestedLevel>0</nestedLevel>
</record>
<record>
  <date>2020-04-04T12:23:17</date>
  <millis>1585992197317</millis>
  <sequence>20287</sequence>
  <level>INFO</level>
  <class>com.kms.katalon.core.logging.XmlKeywordLogger</class>
  <method>logMessage</method>
  <thread>1</thread>
  <message>Test data is CSV file, reading CSV file</message>
  <nestedLevel>0</nestedLevel>
</record>
<record>
  <date>2020-04-04T12:23:17</date>
  <millis>1585992197317</millis>
  <sequence>20288</sequence>
  <level>INFO</level>
  <class>com.kms.katalon.core.logging.XmlKeywordLogger</class>
  <method>logMessage</method>
  <thread>1</thread>
  <message>Reading CSV file with source file &amp;apos;comma&amp;apos;, separator &amp;apos;containing header&amp;apos; and &amp;apos;{2}&amp;apos;</message>
  <nestedLevel>0</nestedLevel>
</record>
<record>
  <date>2020-04-04T12:23:44</date>
  <millis>1585992224400</millis>
  <sequence>20289</sequence>
  <level>INFO</level>
  <class>com.kms.katalon.core.logging.XmlKeywordLogger</class>
  <method>logMessage</method>
  <thread>1</thread>
  <message>Finding test data with id &amp;apos;Data Files/CreateIssue/New Test Data&amp;apos;</message>
  <nestedLevel>0</nestedLevel>
</record>
<record>
  <date>2020-04-04T12:23:44</date>
  <millis>1585992224401</millis>
  <sequence>20290</sequence>
  <level>INFO</level>
  <class>com.kms.katalon.core.logging.XmlKeywordLogger</class>
  <method>logMessage</method>
  <thread>1</thread>
  <message>Test data is CSV file, reading CSV file</message>
  <nestedLevel>0</nestedLevel>
</record>
<record>
  <date>2020-04-04T12:23:44</date>
  <millis>1585992224401</millis>
  <sequence>20291</sequence>
  <level>INFO</level>
  <class>com.kms.katalon.core.logging.XmlKeywordLogger</class>
  <method>logMessage</method>
  <thread>1</thread>
  <message>Reading CSV file with source file &amp;apos;comma&amp;apos;, separator &amp;apos;containing header&amp;apos; and &amp;apos;{2}&amp;apos;</message>
  <nestedLevel>0</nestedLevel>
</record>
<record>
  <date>2020-04-04T12:23:52</date>
  <millis>1585992232831</millis>
  <sequence>20292</sequence>
  <level>INFO</level>
  <class>com.kms.katalon.core.logging.XmlKeywordLogger</class>
  <method>logMessage</method>
  <thread>1</thread>
  <message>Finding test data with id &amp;apos;Data Files/CreateIssue/New Test Data&amp;apos;</message>
  <nestedLevel>0</nestedLevel>
</record>
<record>
  <date>2020-04-04T12:23:52</date>
  <millis>1585992232832</millis>
  <sequence>20293</sequence>
  <level>INFO</level>
  <class>com.kms.katalon.core.logging.XmlKeywordLogger</class>
  <method>logMessage</method>
  <thread>1</thread>
  <message>Test data is CSV file, reading CSV file</message>
  <nestedLevel>0</nestedLevel>
</record>
<record>
  <date>2020-04-04T12:23:52</date>
  <millis>1585992232832</millis>
  <sequence>20294</sequence>
  <level>INFO</level>
  <class>com.kms.katalon.core.logging.XmlKeywordLogger</class>
  <method>logMessage</method>
  <thread>1</thread>
  <message>Reading CSV file with source file &amp;apos;comma&amp;apos;, separator &amp;apos;containing header&amp;apos; and &amp;apos;{2}&amp;apos;</message>
  <nestedLevel>0</nestedLevel>
</record>
<record>
  <date>2020-04-04T12:23:53</date>
  <millis>1585992233465</millis>
  <sequence>20295</sequence>
  <level>INFO</level>
  <class>com.kms.katalon.core.logging.XmlKeywordLogger</class>
  <method>logMessage</method>
  <thread>1</thread>
  <message>Finding test data with id &amp;apos;Data Files/CreateIssue/New Test Data&amp;apos;</message>
  <nestedLevel>0</nestedLevel>
</record>
<record>
  <date>2020-04-04T12:23:53</date>
  <millis>1585992233466</millis>
  <sequence>20296</sequence>
  <level>INFO</level>
  <class>com.kms.katalon.core.logging.XmlKeywordLogger</class>
  <method>logMessage</method>
  <thread>1</thread>
  <message>Test data is CSV file, reading CSV file</message>
  <nestedLevel>0</nestedLevel>
</record>
<record>
  <date>2020-04-04T12:23:53</date>
  <millis>1585992233466</millis>
  <sequence>20297</sequence>
  <level>INFO</level>
  <class>com.kms.katalon.core.logging.XmlKeywordLogger</class>
  <method>logMessage</method>
  <thread>1</thread>
  <message>Reading CSV file with source file &amp;apos;comma&amp;apos;, separator &amp;apos;containing header&amp;apos; and &amp;apos;{2}&amp;apos;</message>
  <nestedLevel>0</nestedLevel>
</record>
<record>
  <date>2020-04-04T12:24:08</date>
  <millis>1585992248106</millis>
  <sequence>20298</sequence>
  <level>INFO</level>
  <class>com.kms.katalon.core.logging.XmlKeywordLogger</class>
  <method>logMessage</method>
  <thread>5439</thread>
  <message>Finding test data with id &amp;apos;Data Files/CreateIssue/New Test Data&amp;apos;</message>
  <nestedLevel>0</nestedLevel>
</record>
<record>
  <date>2020-04-04T12:24:08</date>
  <millis>1585992248109</millis>
  <sequence>20299</sequence>
  <level>INFO</level>
  <class>com.kms.katalon.core.logging.XmlKeywordLogger</class>
  <method>logMessage</method>
  <thread>5439</thread>
  <message>Test data is CSV file, reading CSV file</message>
  <nestedLevel>0</nestedLevel>
</record>
<record>
  <date>2020-04-04T12:24:08</date>
  <millis>1585992248109</millis>
  <sequence>20300</sequence>
  <level>INFO</level>
  <class>com.kms.katalon.core.logging.XmlKeywordLogger</class>
  <method>logMessage</method>
  <thread>5439</thread>
  <message>Reading CSV file with source file &amp;apos;comma&amp;apos;, separator &amp;apos;containing header&amp;apos; and &amp;apos;{2}&amp;apos;</message>
  <nestedLevel>0</nestedLevel>
</record>
